[
  {
    "experiment": "anon_static_groupby",
    "system": "static",
    "role": "postgres",
    "query_idx": 0,
    "query": "-- Workload 3: Group By Aggregation\n-- Tests: Hash aggregate performance, impact of masked columns on grouping\n\n-- Adult: Income distribution by education\nSELECT education, income, COUNT(*) as cnt, AV",
    "runs": 5,
    "wall_clock_median_ms": 30.13560999534093,
    "wall_clock_mean_ms": 31.055584194837138,
    "wall_clock_std_ms": 7.672947193393158,
    "execution_median_ms": 31.361,
    "execution_mean_ms": 37.8448,
    "planning_median_ms": 0.111,
    "row_count": 20,
    "explain_plan": {
      "Plan": {
        "Node Type": "Limit",
        "Parallel Aware": false,
        "Async Capable": false,
        "Startup Cost": 3858.2,
        "Total Cost": 3858.25,
        "Plan Rows": 20,
        "Plan Width": 54,
        "Actual Startup Time": 53.49,
        "Actual Total Time": 53.495,
        "Actual Rows": 20,
        "Actual Loops": 1,
        "Shared Hit Blocks": 1857,
        "Shared Read Blocks": 0,
        "Shared Dirtied Blocks": 0,
        "Shared Written Blocks": 0,
        "Local Hit Blocks": 0,
        "Local Read Blocks": 0,
        "Local Dirtied Blocks": 0,
        "Local Written Blocks": 0,
        "Temp Read Blocks": 0,
        "Temp Written Blocks": 0,
        "Plans": [
          {
            "Node Type": "Sort",
            "Parent Relationship": "Outer",
            "Parallel Aware": false,
            "Async Capable": false,
            "Startup Cost": 3858.2,
            "Total Cost": 3858.28,
            "Plan Rows": 32,
            "Plan Width": 54,
            "Actual Startup Time": 53.488,
            "Actual Total Time": 53.49,
            "Actual Rows": 20,
            "Actual Loops": 1,
            "Sort Key": [
              "(count(*)) DESC"
            ],
            "Sort Method": "quicksort",
            "Sort Space Used": 27,
            "Sort Space Type": "Memory",
            "Shared Hit Blocks": 1857,
            "Shared Read Blocks": 0,
            "Shared Dirtied Blocks": 0,
            "Shared Written Blocks": 0,
            "Local Hit Blocks": 0,
            "Local Read Blocks": 0,
            "Local Dirtied Blocks": 0,
            "Local Written Blocks": 0,
            "Temp Read Blocks": 0,
            "Temp Written Blocks": 0,
            "Plans": [
              {
                "Node Type": "Aggregate",
                "Strategy": "Hashed",
                "Partial Mode": "Simple",
                "Parent Relationship": "Outer",
                "Parallel Aware": false,
                "Async Capable": false,
                "Startup Cost": 3857.0,
                "Total Cost": 3857.4,
                "Plan Rows": 32,
                "Plan Width": 54,
                "Actual Startup Time": 53.437,
                "Actual Total Time": 53.455,
                "Actual Rows": 32,
                "Actual Loops": 1,
                "Group Key": [
                  "education",
                  "income"
                ],
                "Planned Partitions": 0,
                "HashAgg Batches": 1,
                "Peak Memory Usage": 24,
                "Disk Usage": 0,
                "Shared Hit Blocks": 1857,
                "Shared Read Blocks": 0,
                "Shared Dirtied Blocks": 0,
                "Shared Written Blocks": 0,
                "Local Hit Blocks": 0,
                "Local Read Blocks": 0,
                "Local Dirtied Blocks": 0,
                "Local Written Blocks": 0,
                "Temp Read Blocks": 0,
                "Temp Written Blocks": 0,
                "Plans": [
                  {
                    "Node Type": "Seq Scan",
                    "Parent Relationship": "Outer",
                    "Parallel Aware": false,
                    "Async Capable": false,
                    "Relation Name": "adult_static_masked",
                    "Alias": "adult_static_masked",
                    "Startup Cost": 0.0,
                    "Total Cost": 2857.0,
                    "Plan Rows": 100000,
                    "Plan Width": 18,
                    "Actual Startup Time": 0.006,
                    "Actual Total Time": 9.574,
                    "Actual Rows": 100000,
                    "Actual Loops": 1,
                    "Shared Hit Blocks": 1857,
                    "Shared Read Blocks": 0,
                    "Shared Dirtied Blocks": 0,
                    "Shared Written Blocks": 0,
                    "Local Hit Blocks": 0,
                    "Local Read Blocks": 0,
                    "Local Dirtied Blocks": 0,
                    "Local Written Blocks": 0,
                    "Temp Read Blocks": 0,
                    "Temp Written Blocks": 0
                  }
                ]
              }
            ]
          }
        ]
      },
      "Planning": {
        "Shared Hit Blocks": 1,
        "Shared Read Blocks": 0,
        "Shared Dirtied Blocks": 0,
        "Shared Written Blocks": 0,
        "Local Hit Blocks": 0,
        "Local Read Blocks": 0,
        "Local Dirtied Blocks": 0,
        "Local Written Blocks": 0,
        "Temp Read Blocks": 0,
        "Temp Written Blocks": 0
      },
      "Planning Time": 0.124,
      "Triggers": [],
      "Execution Time": 53.549
    }
  },
  {
    "experiment": "anon_static_groupby",
    "system": "static",
    "role": "postgres",
    "query_idx": 1,
    "query": "-- Healthcare: Condition distribution by gender\nSELECT medical_condition, gender, COUNT(*) as patient_count, AVG(billing_amount) as avg_billing\nFROM healthcare_static_masked\nGROUP BY medical_condition",
    "runs": 5,
    "wall_clock_median_ms": 32.33275699312799,
    "wall_clock_mean_ms": 33.162885197089054,
    "wall_clock_std_ms": 4.053856222207451,
    "execution_median_ms": 41.902,
    "execution_mean_ms": 42.8826,
    "planning_median_ms": 0.097,
    "row_count": 12,
    "explain_plan": {
      "Plan": {
        "Node Type": "Limit",
        "Parallel Aware": false,
        "Async Capable": false,
        "Startup Cost": 4070.37,
        "Total Cost": 4070.4,
        "Plan Rows": 12,
        "Plan Width": 54,
        "Actual Startup Time": 54.52,
        "Actual Total Time": 54.522,
        "Actual Rows": 12,
        "Actual Loops": 1,
        "Shared Hit Blocks": 2070,
        "Shared Read Blocks": 0,
        "Shared Dirtied Blocks": 0,
        "Shared Written Blocks": 0,
        "Local Hit Blocks": 0,
        "Local Read Blocks": 0,
        "Local Dirtied Blocks": 0,
        "Local Written Blocks": 0,
        "Temp Read Blocks": 0,
        "Temp Written Blocks": 0,
        "Plans": [
          {
            "Node Type": "Sort",
            "Parent Relationship": "Outer",
            "Parallel Aware": false,
            "Async Capable": false,
            "Startup Cost": 4070.37,
            "Total Cost": 4070.4,
            "Plan Rows": 12,
            "Plan Width": 54,
            "Actual Startup Time": 54.517,
            "Actual Total Time": 54.518,
            "Actual Rows": 12,
            "Actual Loops": 1,
            "Sort Key": [
              "(count(*)) DESC"
            ],
            "Sort Method": "quicksort",
            "Sort Space Used": 25,
            "Sort Space Type": "Memory",
            "Shared Hit Blocks": 2070,
            "Shared Read Blocks": 0,
            "Shared Dirtied Blocks": 0,
            "Shared Written Blocks": 0,
            "Local Hit Blocks": 0,
            "Local Read Blocks": 0,
            "Local Dirtied Blocks": 0,
            "Local Written Blocks": 0,
            "Temp Read Blocks": 0,
            "Temp Written Blocks": 0,
            "Plans": [
              {
                "Node Type": "Aggregate",
                "Strategy": "Hashed",
                "Partial Mode": "Simple",
                "Parent Relationship": "Outer",
                "Parallel Aware": false,
                "Async Capable": false,
                "Startup Cost": 4070.0,
                "Total Cost": 4070.15,
                "Plan Rows": 12,
                "Plan Width": 54,
                "Actual Startup Time": 54.471,
                "Actual Total Time": 54.505,
                "Actual Rows": 12,
                "Actual Loops": 1,
                "Group Key": [
                  "medical_condition",
                  "gender"
                ],
                "Planned Partitions": 0,
                "HashAgg Batches": 1,
                "Peak Memory Usage": 24,
                "Disk Usage": 0,
                "Shared Hit Blocks": 2070,
                "Shared Read Blocks": 0,
                "Shared Dirtied Blocks": 0,
                "Shared Written Blocks": 0,
                "Local Hit Blocks": 0,
                "Local Read Blocks": 0,
                "Local Dirtied Blocks": 0,
                "Local Written Blocks": 0,
                "Temp Read Blocks": 0,
                "Temp Written Blocks": 0,
                "Plans": [
                  {
                    "Node Type": "Seq Scan",
                    "Parent Relationship": "Outer",
                    "Parallel Aware": false,
                    "Async Capable": false,
                    "Relation Name": "healthcare_static_masked",
                    "Alias": "healthcare_static_masked",
                    "Startup Cost": 0.0,
                    "Total Cost": 3070.0,
                    "Plan Rows": 100000,
                    "Plan Width": 22,
                    "Actual Startup Time": 0.004,
                    "Actual Total Time": 9.616,
                    "Actual Rows": 100000,
                    "Actual Loops": 1,
                    "Shared Hit Blocks": 2070,
                    "Shared Read Blocks": 0,
                    "Shared Dirtied Blocks": 0,
                    "Shared Written Blocks": 0,
                    "Local Hit Blocks": 0,
                    "Local Read Blocks": 0,
                    "Local Dirtied Blocks": 0,
                    "Local Written Blocks": 0,
                    "Temp Read Blocks": 0,
                    "Temp Written Blocks": 0
                  }
                ]
              }
            ]
          }
        ]
      },
      "Planning": {
        "Shared Hit Blocks": 1,
        "Shared Read Blocks": 0,
        "Shared Dirtied Blocks": 0,
        "Shared Written Blocks": 0,
        "Local Hit Blocks": 0,
        "Local Read Blocks": 0,
        "Local Dirtied Blocks": 0,
        "Local Written Blocks": 0,
        "Temp Read Blocks": 0,
        "Temp Written Blocks": 0
      },
      "Planning Time": 0.08,
      "Triggers": [],
      "Execution Time": 54.56
    }
  }
]