[
  {
    "experiment": "anon_static_point_lookup",
    "system": "static",
    "role": "postgres",
    "query_idx": 0,
    "query": "-- Workload 1: Point Lookup\n-- Tests: Index scan performance, masking overhead on single row\n\n-- Adult table\nSELECT * FROM adult_static_masked WHERE id = 5000",
    "runs": 5,
    "wall_clock_median_ms": 9.583113991538994,
    "wall_clock_mean_ms": 8.375175797846168,
    "wall_clock_std_ms": 2.4297555548936063,
    "execution_median_ms": 6.228,
    "execution_mean_ms": 5.5912,
    "planning_median_ms": 0.061,
    "row_count": 1,
    "explain_plan": {
      "Plan": {
        "Node Type": "Seq Scan",
        "Parallel Aware": false,
        "Async Capable": false,
        "Relation Name": "adult_static_masked",
        "Alias": "adult_static_masked",
        "Startup Cost": 0.0,
        "Total Cost": 3107.0,
        "Plan Rows": 1,
        "Plan Width": 112,
        "Actual Startup Time": 0.475,
        "Actual Total Time": 6.196,
        "Actual Rows": 1,
        "Actual Loops": 1,
        "Filter": "(id = 5000)",
        "Rows Removed by Filter": 99999,
        "Shared Hit Blocks": 1857,
        "Shared Read Blocks": 0,
        "Shared Dirtied Blocks": 0,
        "Shared Written Blocks": 0,
        "Local Hit Blocks": 0,
        "Local Read Blocks": 0,
        "Local Dirtied Blocks": 0,
        "Local Written Blocks": 0,
        "Temp Read Blocks": 0,
        "Temp Written Blocks": 0
      },
      "Planning": {
        "Shared Hit Blocks": 0,
        "Shared Read Blocks": 0,
        "Shared Dirtied Blocks": 0,
        "Shared Written Blocks": 0,
        "Local Hit Blocks": 0,
        "Local Read Blocks": 0,
        "Local Dirtied Blocks": 0,
        "Local Written Blocks": 0,
        "Temp Read Blocks": 0,
        "Temp Written Blocks": 0
      },
      "Planning Time": 0.076,
      "Triggers": [],
      "Execution Time": 6.228
    }
  },
  {
    "experiment": "anon_static_point_lookup",
    "system": "static",
    "role": "postgres",
    "query_idx": 1,
    "query": "-- Healthcare table  \nSELECT * FROM healthcare_static_masked WHERE id = 5000",
    "runs": 5,
    "wall_clock_median_ms": 7.884646009188145,
    "wall_clock_mean_ms": 7.634863004204817,
    "wall_clock_std_ms": 0.6151313434537272,
    "execution_median_ms": 6.181,
    "execution_mean_ms": 6.9334,
    "planning_median_ms": 0.068,
    "row_count": 1,
    "explain_plan": {
      "Plan": {
        "Node Type": "Seq Scan",
        "Parallel Aware": false,
        "Async Capable": false,
        "Relation Name": "healthcare_static_masked",
        "Alias": "healthcare_static_masked",
        "Startup Cost": 0.0,
        "Total Cost": 3320.0,
        "Plan Rows": 1,
        "Plan Width": 125,
        "Actual Startup Time": 0.554,
        "Actual Total Time": 9.127,
        "Actual Rows": 1,
        "Actual Loops": 1,
        "Filter": "(id = 5000)",
        "Rows Removed by Filter": 99999,
        "Shared Hit Blocks": 2070,
        "Shared Read Blocks": 0,
        "Shared Dirtied Blocks": 0,
        "Shared Written Blocks": 0,
        "Local Hit Blocks": 0,
        "Local Read Blocks": 0,
        "Local Dirtied Blocks": 0,
        "Local Written Blocks": 0,
        "Temp Read Blocks": 0,
        "Temp Written Blocks": 0
      },
      "Planning": {
        "Shared Hit Blocks": 0,
        "Shared Read Blocks": 0,
        "Shared Dirtied Blocks": 0,
        "Shared Written Blocks": 0,
        "Local Hit Blocks": 0,
        "Local Read Blocks": 0,
        "Local Dirtied Blocks": 0,
        "Local Written Blocks": 0,
        "Temp Read Blocks": 0,
        "Temp Written Blocks": 0
      },
      "Planning Time": 0.068,
      "Triggers": [],
      "Execution Time": 9.161
    }
  }
]