[
  {
    "experiment": "anon_static_topk",
    "system": "static",
    "role": "postgres",
    "query_idx": 0,
    "query": "-- Workload 5: Top-K Analytic Query\n-- Tests: Sort performance, window functions, masking impact on ordering\n\n-- Adult: Top 10 most common occupations with income stats\nSELECT occupation, \n       COUN",
    "runs": 5,
    "wall_clock_median_ms": 23.05307200003881,
    "wall_clock_mean_ms": 24.07125619938597,
    "wall_clock_std_ms": 3.707281586459823,
    "execution_median_ms": 27.531,
    "execution_mean_ms": 28.9298,
    "planning_median_ms": 0.09,
    "row_count": 10,
    "explain_plan": {
      "Plan": {
        "Node Type": "Limit",
        "Parallel Aware": false,
        "Async Capable": false,
        "Startup Cost": 4049.49,
        "Total Cost": 4049.51,
        "Plan Rows": 10,
        "Plan Width": 85,
        "Actual Startup Time": 23.715,
        "Actual Total Time": 23.717,
        "Actual Rows": 10,
        "Actual Loops": 1,
        "Shared Hit Blocks": 1857,
        "Shared Read Blocks": 0,
        "Shared Dirtied Blocks": 0,
        "Shared Written Blocks": 0,
        "Local Hit Blocks": 0,
        "Local Read Blocks": 0,
        "Local Dirtied Blocks": 0,
        "Local Written Blocks": 0,
        "Temp Read Blocks": 0,
        "Temp Written Blocks": 0,
        "Plans": [
          {
            "Node Type": "Sort",
            "Parent Relationship": "Outer",
            "Parallel Aware": false,
            "Async Capable": false,
            "Startup Cost": 4049.49,
            "Total Cost": 4049.53,
            "Plan Rows": 15,
            "Plan Width": 85,
            "Actual Startup Time": 23.714,
            "Actual Total Time": 23.714,
            "Actual Rows": 10,
            "Actual Loops": 1,
            "Sort Key": [
              "(count(*)) DESC"
            ],
            "Sort Method": "quicksort",
            "Sort Space Used": 26,
            "Sort Space Type": "Memory",
            "Shared Hit Blocks": 1857,
            "Shared Read Blocks": 0,
            "Shared Dirtied Blocks": 0,
            "Shared Written Blocks": 0,
            "Local Hit Blocks": 0,
            "Local Read Blocks": 0,
            "Local Dirtied Blocks": 0,
            "Local Written Blocks": 0,
            "Temp Read Blocks": 0,
            "Temp Written Blocks": 0,
            "Plans": [
              {
                "Node Type": "Aggregate",
                "Strategy": "Hashed",
                "Partial Mode": "Simple",
                "Parent Relationship": "Outer",
                "Parallel Aware": false,
                "Async Capable": false,
                "Startup Cost": 4048.97,
                "Total Cost": 4049.19,
                "Plan Rows": 15,
                "Plan Width": 85,
                "Actual Startup Time": 23.7,
                "Actual Total Time": 23.706,
                "Actual Rows": 14,
                "Actual Loops": 1,
                "Group Key": [
                  "occupation"
                ],
                "Planned Partitions": 0,
                "HashAgg Batches": 1,
                "Peak Memory Usage": 24,
                "Disk Usage": 0,
                "Shared Hit Blocks": 1857,
                "Shared Read Blocks": 0,
                "Shared Dirtied Blocks": 0,
                "Shared Written Blocks": 0,
                "Local Hit Blocks": 0,
                "Local Read Blocks": 0,
                "Local Dirtied Blocks": 0,
                "Local Written Blocks": 0,
                "Temp Read Blocks": 0,
                "Temp Written Blocks": 0,
                "Plans": [
                  {
                    "Node Type": "Seq Scan",
                    "Parent Relationship": "Outer",
                    "Parallel Aware": false,
                    "Async Capable": false,
                    "Relation Name": "adult_static_masked",
                    "Alias": "adult_static_masked",
                    "Startup Cost": 0.0,
                    "Total Cost": 3107.0,
                    "Plan Rows": 94197,
                    "Plan Width": 21,
                    "Actual Startup Time": 0.005,
                    "Actual Total Time": 9.629,
                    "Actual Rows": 94272,
                    "Actual Loops": 1,
                    "Filter": "((occupation IS NOT NULL) AND (occupation <> '?'::text))",
                    "Rows Removed by Filter": 5728,
                    "Shared Hit Blocks": 1857,
                    "Shared Read Blocks": 0,
                    "Shared Dirtied Blocks": 0,
                    "Shared Written Blocks": 0,
                    "Local Hit Blocks": 0,
                    "Local Read Blocks": 0,
                    "Local Dirtied Blocks": 0,
                    "Local Written Blocks": 0,
                    "Temp Read Blocks": 0,
                    "Temp Written Blocks": 0
                  }
                ]
              }
            ]
          }
        ]
      },
      "Planning": {
        "Shared Hit Blocks": 0,
        "Shared Read Blocks": 0,
        "Shared Dirtied Blocks": 0,
        "Shared Written Blocks": 0,
        "Local Hit Blocks": 0,
        "Local Read Blocks": 0,
        "Local Dirtied Blocks": 0,
        "Local Written Blocks": 0,
        "Temp Read Blocks": 0,
        "Temp Written Blocks": 0
      },
      "Planning Time": 0.08,
      "Triggers": [],
      "Execution Time": 23.761
    }
  },
  {
    "experiment": "anon_static_topk",
    "system": "static",
    "role": "postgres",
    "query_idx": 1,
    "query": "-- Healthcare: Top medications by usage with billing stats\nSELECT medication,\n       COUNT(*) as prescription_count,\n       AVG(billing_amount) as avg_cost,\n       MIN(billing_amount) as min_cost,\n   ",
    "runs": 5,
    "wall_clock_median_ms": 40.998747004778124,
    "wall_clock_mean_ms": 42.593822203343734,
    "wall_clock_std_ms": 6.419484342156286,
    "execution_median_ms": 42.858,
    "execution_mean_ms": 48.2374,
    "planning_median_ms": 0.102,
    "row_count": 5,
    "explain_plan": {
      "Plan": {
        "Node Type": "Limit",
        "Parallel Aware": false,
        "Async Capable": false,
        "Startup Cost": 4320.12,
        "Total Cost": 4320.13,
        "Plan Rows": 5,
        "Plan Width": 113,
        "Actual Startup Time": 72.649,
        "Actual Total Time": 72.653,
        "Actual Rows": 5,
        "Actual Loops": 1,
        "Shared Hit Blocks": 2070,
        "Shared Read Blocks": 0,
        "Shared Dirtied Blocks": 0,
        "Shared Written Blocks": 0,
        "Local Hit Blocks": 0,
        "Local Read Blocks": 0,
        "Local Dirtied Blocks": 0,
        "Local Written Blocks": 0,
        "Temp Read Blocks": 0,
        "Temp Written Blocks": 0,
        "Plans": [
          {
            "Node Type": "Sort",
            "Parent Relationship": "Outer",
            "Parallel Aware": false,
            "Async Capable": false,
            "Startup Cost": 4320.12,
            "Total Cost": 4320.13,
            "Plan Rows": 5,
            "Plan Width": 113,
            "Actual Startup Time": 72.648,
            "Actual Total Time": 72.649,
            "Actual Rows": 5,
            "Actual Loops": 1,
            "Sort Key": [
              "(count(*)) DESC"
            ],
            "Sort Method": "quicksort",
            "Sort Space Used": 25,
            "Sort Space Type": "Memory",
            "Shared Hit Blocks": 2070,
            "Shared Read Blocks": 0,
            "Shared Dirtied Blocks": 0,
            "Shared Written Blocks": 0,
            "Local Hit Blocks": 0,
            "Local Read Blocks": 0,
            "Local Dirtied Blocks": 0,
            "Local Written Blocks": 0,
            "Temp Read Blocks": 0,
            "Temp Written Blocks": 0,
            "Plans": [
              {
                "Node Type": "Aggregate",
                "Strategy": "Hashed",
                "Partial Mode": "Simple",
                "Parent Relationship": "Outer",
                "Parallel Aware": false,
                "Async Capable": false,
                "Startup Cost": 4320.0,
                "Total Cost": 4320.06,
                "Plan Rows": 5,
                "Plan Width": 113,
                "Actual Startup Time": 72.621,
                "Actual Total Time": 72.625,
                "Actual Rows": 5,
                "Actual Loops": 1,
                "Group Key": [
                  "medication"
                ],
                "Planned Partitions": 0,
                "HashAgg Batches": 1,
                "Peak Memory Usage": 24,
                "Disk Usage": 0,
                "Shared Hit Blocks": 2070,
                "Shared Read Blocks": 0,
                "Shared Dirtied Blocks": 0,
                "Shared Written Blocks": 0,
                "Local Hit Blocks": 0,
                "Local Read Blocks": 0,
                "Local Dirtied Blocks": 0,
                "Local Written Blocks": 0,
                "Temp Read Blocks": 0,
                "Temp Written Blocks": 0,
                "Plans": [
                  {
                    "Node Type": "Seq Scan",
                    "Parent Relationship": "Outer",
                    "Parallel Aware": false,
                    "Async Capable": false,
                    "Relation Name": "healthcare_static_masked",
                    "Alias": "healthcare_static_masked",
                    "Startup Cost": 0.0,
                    "Total Cost": 3070.0,
                    "Plan Rows": 100000,
                    "Plan Width": 17,
                    "Actual Startup Time": 0.01,
                    "Actual Total Time": 22.087,
                    "Actual Rows": 100000,
                    "Actual Loops": 1,
                    "Filter": "(medication IS NOT NULL)",
                    "Rows Removed by Filter": 0,
                    "Shared Hit Blocks": 2070,
                    "Shared Read Blocks": 0,
                    "Shared Dirtied Blocks": 0,
                    "Shared Written Blocks": 0,
                    "Local Hit Blocks": 0,
                    "Local Read Blocks": 0,
                    "Local Dirtied Blocks": 0,
                    "Local Written Blocks": 0,
                    "Temp Read Blocks": 0,
                    "Temp Written Blocks": 0
                  }
                ]
              }
            ]
          }
        ]
      },
      "Planning": {
        "Shared Hit Blocks": 0,
        "Shared Read Blocks": 0,
        "Shared Dirtied Blocks": 0,
        "Shared Written Blocks": 0,
        "Local Hit Blocks": 0,
        "Local Read Blocks": 0,
        "Local Dirtied Blocks": 0,
        "Local Written Blocks": 0,
        "Temp Read Blocks": 0,
        "Temp Written Blocks": 0
      },
      "Planning Time": 0.121,
      "Triggers": [],
      "Execution Time": 72.706
    }
  }
]