[
  {
    "experiment": "anon_static_range",
    "system": "static",
    "role": "postgres",
    "query_idx": 0,
    "query": "-- Workload 2: Range Query with Aggregation\n-- Tests: Sequential scan, aggregation performance, masking impact on filtering\n\n-- Adult: Count people in age range\nSELECT COUNT(*) FROM adult_static_maske",
    "runs": 5,
    "wall_clock_median_ms": 5.287749998387881,
    "wall_clock_mean_ms": 5.492605199106038,
    "wall_clock_std_ms": 0.40966493757406536,
    "execution_median_ms": 7.195,
    "execution_mean_ms": 8.39,
    "planning_median_ms": 0.124,
    "row_count": 1,
    "explain_plan": {
      "Plan": {
        "Node Type": "Aggregate",
        "Strategy": "Plain",
        "Partial Mode": "Simple",
        "Parallel Aware": false,
        "Async Capable": false,
        "Startup Cost": 1251.71,
        "Total Cost": 1251.72,
        "Plan Rows": 1,
        "Plan Width": 8,
        "Actual Startup Time": 7.173,
        "Actual Total Time": 7.174,
        "Actual Rows": 1,
        "Actual Loops": 1,
        "Shared Hit Blocks": 49,
        "Shared Read Blocks": 0,
        "Shared Dirtied Blocks": 0,
        "Shared Written Blocks": 0,
        "Local Hit Blocks": 0,
        "Local Read Blocks": 0,
        "Local Dirtied Blocks": 0,
        "Local Written Blocks": 0,
        "Temp Read Blocks": 0,
        "Temp Written Blocks": 0,
        "Plans": [
          {
            "Node Type": "Index Only Scan",
            "Parent Relationship": "Outer",
            "Parallel Aware": false,
            "Async Capable": false,
            "Scan Direction": "Forward",
            "Index Name": "idx_adult_static_age",
            "Relation Name": "adult_static_masked",
            "Alias": "adult_static_masked",
            "Startup Cost": 0.29,
            "Total Cost": 1118.53,
            "Plan Rows": 53272,
            "Plan Width": 0,
            "Actual Startup Time": 0.011,
            "Actual Total Time": 3.987,
            "Actual Rows": 53355,
            "Actual Loops": 1,
            "Index Cond": "((age >= 25) AND (age <= 45))",
            "Rows Removed by Index Recheck": 0,
            "Heap Fetches": 0,
            "Shared Hit Blocks": 49,
            "Shared Read Blocks": 0,
            "Shared Dirtied Blocks": 0,
            "Shared Written Blocks": 0,
            "Local Hit Blocks": 0,
            "Local Read Blocks": 0,
            "Local Dirtied Blocks": 0,
            "Local Written Blocks": 0,
            "Temp Read Blocks": 0,
            "Temp Written Blocks": 0
          }
        ]
      },
      "Planning": {
        "Shared Hit Blocks": 6,
        "Shared Read Blocks": 0,
        "Shared Dirtied Blocks": 0,
        "Shared Written Blocks": 0,
        "Local Hit Blocks": 0,
        "Local Read Blocks": 0,
        "Local Dirtied Blocks": 0,
        "Local Written Blocks": 0,
        "Temp Read Blocks": 0,
        "Temp Written Blocks": 0
      },
      "Planning Time": 0.104,
      "Triggers": [],
      "Execution Time": 7.195
    }
  },
  {
    "experiment": "anon_static_range",
    "system": "static",
    "role": "postgres",
    "query_idx": 1,
    "query": "-- Healthcare: Average billing in age range\nSELECT AVG(billing_amount) FROM healthcare_static_masked WHERE age BETWEEN 30 AND 50",
    "runs": 5,
    "wall_clock_median_ms": 25.307495991000906,
    "wall_clock_mean_ms": 25.030815199716017,
    "wall_clock_std_ms": 7.593945620435061,
    "execution_median_ms": 26.153,
    "execution_mean_ms": 24.8402,
    "planning_median_ms": 0.133,
    "row_count": 1,
    "explain_plan": {
      "Plan": {
        "Node Type": "Aggregate",
        "Strategy": "Plain",
        "Partial Mode": "Simple",
        "Parallel Aware": false,
        "Async Capable": false,
        "Startup Cost": 2969.94,
        "Total Cost": 2969.95,
        "Plan Rows": 1,
        "Plan Width": 32,
        "Actual Startup Time": 26.096,
        "Actual Total Time": 26.1,
        "Actual Rows": 1,
        "Actual Loops": 1,
        "Shared Hit Blocks": 2099,
        "Shared Read Blocks": 0,
        "Shared Dirtied Blocks": 0,
        "Shared Written Blocks": 0,
        "Local Hit Blocks": 0,
        "Local Read Blocks": 0,
        "Local Dirtied Blocks": 0,
        "Local Written Blocks": 0,
        "Temp Read Blocks": 0,
        "Temp Written Blocks": 0,
        "Plans": [
          {
            "Node Type": "Bitmap Heap Scan",
            "Parent Relationship": "Outer",
            "Parallel Aware": false,
            "Async Capable": false,
            "Relation Name": "healthcare_static_masked",
            "Alias": "healthcare_static_masked",
            "Startup Cost": 352.71,
            "Total Cost": 2891.76,
            "Plan Rows": 31270,
            "Plan Width": 8,
            "Actual Startup Time": 3.341,
            "Actual Total Time": 14.324,
            "Actual Rows": 30794,
            "Actual Loops": 1,
            "Recheck Cond": "((age >= 30) AND (age <= 50))",
            "Rows Removed by Index Recheck": 0,
            "Exact Heap Blocks": 2070,
            "Lossy Heap Blocks": 0,
            "Shared Hit Blocks": 2099,
            "Shared Read Blocks": 0,
            "Shared Dirtied Blocks": 0,
            "Shared Written Blocks": 0,
            "Local Hit Blocks": 0,
            "Local Read Blocks": 0,
            "Local Dirtied Blocks": 0,
            "Local Written Blocks": 0,
            "Temp Read Blocks": 0,
            "Temp Written Blocks": 0,
            "Plans": [
              {
                "Node Type": "Bitmap Index Scan",
                "Parent Relationship": "Outer",
                "Parallel Aware": false,
                "Async Capable": false,
                "Index Name": "idx_healthcare_static_age",
                "Startup Cost": 0.0,
                "Total Cost": 344.89,
                "Plan Rows": 31270,
                "Plan Width": 0,
                "Actual Startup Time": 2.724,
                "Actual Total Time": 2.725,
                "Actual Rows": 30794,
                "Actual Loops": 1,
                "Index Cond": "((age >= 30) AND (age <= 50))",
                "Shared Hit Blocks": 29,
                "Shared Read Blocks": 0,
                "Shared Dirtied Blocks": 0,
                "Shared Written Blocks": 0,
                "Local Hit Blocks": 0,
                "Local Read Blocks": 0,
                "Local Dirtied Blocks": 0,
                "Local Written Blocks": 0,
                "Temp Read Blocks": 0,
                "Temp Written Blocks": 0
              }
            ]
          }
        ]
      },
      "Planning": {
        "Shared Hit Blocks": 0,
        "Shared Read Blocks": 0,
        "Shared Dirtied Blocks": 0,
        "Shared Written Blocks": 0,
        "Local Hit Blocks": 0,
        "Local Read Blocks": 0,
        "Local Dirtied Blocks": 0,
        "Local Written Blocks": 0,
        "Temp Read Blocks": 0,
        "Temp Written Blocks": 0
      },
      "Planning Time": 0.124,
      "Triggers": [],
      "Execution Time": 26.153
    }
  }
]