[
  {
    "experiment": "baseline_view_topk",
    "system": "view",
    "role": "postgres",
    "query_idx": 0,
    "query": "-- Workload 5: Top-K Analytic Query\n-- Tests: Sort performance, window functions, masking impact on ordering\n\n-- Adult: Top 10 most common occupations with income stats\nSELECT occupation, \n       COUN",
    "runs": 5,
    "wall_clock_median_ms": 33.528195999679156,
    "wall_clock_mean_ms": 35.554974601836875,
    "wall_clock_std_ms": 5.054714064040565,
    "execution_median_ms": 36.66,
    "execution_mean_ms": 37.253,
    "planning_median_ms": 0.112,
    "row_count": 10,
    "explain_plan": {
      "Plan": {
        "Node Type": "Limit",
        "Parallel Aware": false,
        "Async Capable": false,
        "Startup Cost": 5371.25,
        "Total Cost": 5371.27,
        "Plan Rows": 10,
        "Plan Width": 104,
        "Actual Startup Time": 33.529,
        "Actual Total Time": 35.553,
        "Actual Rows": 10,
        "Actual Loops": 1,
        "Shared Hit Blocks": 1888,
        "Shared Read Blocks": 0,
        "Shared Dirtied Blocks": 0,
        "Shared Written Blocks": 0,
        "Local Hit Blocks": 0,
        "Local Read Blocks": 0,
        "Local Dirtied Blocks": 0,
        "Local Written Blocks": 0,
        "Temp Read Blocks": 0,
        "Temp Written Blocks": 0,
        "Plans": [
          {
            "Node Type": "Sort",
            "Parent Relationship": "Outer",
            "Parallel Aware": false,
            "Async Capable": false,
            "Startup Cost": 5371.25,
            "Total Cost": 5371.28,
            "Plan Rows": 15,
            "Plan Width": 104,
            "Actual Startup Time": 33.528,
            "Actual Total Time": 35.551,
            "Actual Rows": 10,
            "Actual Loops": 1,
            "Sort Key": [
              "(count(*)) DESC"
            ],
            "Sort Method": "quicksort",
            "Sort Space Used": 25,
            "Sort Space Type": "Memory",
            "Shared Hit Blocks": 1888,
            "Shared Read Blocks": 0,
            "Shared Dirtied Blocks": 0,
            "Shared Written Blocks": 0,
            "Local Hit Blocks": 0,
            "Local Read Blocks": 0,
            "Local Dirtied Blocks": 0,
            "Local Written Blocks": 0,
            "Temp Read Blocks": 0,
            "Temp Written Blocks": 0,
            "Plans": [
              {
                "Node Type": "Aggregate",
                "Strategy": "Sorted",
                "Partial Mode": "Finalize",
                "Parent Relationship": "Outer",
                "Parallel Aware": false,
                "Async Capable": false,
                "Startup Cost": 5368.78,
                "Total Cost": 5370.95,
                "Plan Rows": 15,
                "Plan Width": 104,
                "Actual Startup Time": 33.508,
                "Actual Total Time": 35.538,
                "Actual Rows": 14,
                "Actual Loops": 1,
                "Group Key": [
                  "(CASE WHEN (adult_raw_100000.occupation IS NULL) THEN NULL::text ELSE (\"substring\"(adult_raw_100000.occupation, 1, 3) || '***'::text) END)"
                ],
                "Shared Hit Blocks": 1888,
                "Shared Read Blocks": 0,
                "Shared Dirtied Blocks": 0,
                "Shared Written Blocks": 0,
                "Local Hit Blocks": 0,
                "Local Read Blocks": 0,
                "Local Dirtied Blocks": 0,
                "Local Written Blocks": 0,
                "Temp Read Blocks": 0,
                "Temp Written Blocks": 0,
                "Plans": [
                  {
                    "Node Type": "Gather Merge",
                    "Parent Relationship": "Outer",
                    "Parallel Aware": false,
                    "Async Capable": false,
                    "Startup Cost": 5368.78,
                    "Total Cost": 5370.5,
                    "Plan Rows": 15,
                    "Plan Width": 104,
                    "Actual Startup Time": 33.499,
                    "Actual Total Time": 35.518,
                    "Actual Rows": 28,
                    "Actual Loops": 1,
                    "Workers Planned": 1,
                    "Workers Launched": 1,
                    "Shared Hit Blocks": 1888,
                    "Shared Read Blocks": 0,
                    "Shared Dirtied Blocks": 0,
                    "Shared Written Blocks": 0,
                    "Local Hit Blocks": 0,
                    "Local Read Blocks": 0,
                    "Local Dirtied Blocks": 0,
                    "Local Written Blocks": 0,
                    "Temp Read Blocks": 0,
                    "Temp Written Blocks": 0,
                    "Plans": [
                      {
                        "Node Type": "Sort",
                        "Parent Relationship": "Outer",
                        "Parallel Aware": false,
                        "Async Capable": false,
                        "Startup Cost": 4368.77,
                        "Total Cost": 4368.8,
                        "Plan Rows": 15,
                        "Plan Width": 104,
                        "Actual Startup Time": 31.627,
                        "Actual Total Time": 31.628,
                        "Actual Rows": 14,
                        "Actual Loops": 2,
                        "Sort Key": [
                          "(CASE WHEN (adult_raw_100000.occupation IS NULL) THEN NULL::text ELSE (\"substring\"(adult_raw_100000.occupation, 1, 3) || '***'::text) END)"
                        ],
                        "Sort Method": "quicksort",
                        "Sort Space Used": 26,
                        "Sort Space Type": "Memory",
                        "Shared Hit Blocks": 1888,
                        "Shared Read Blocks": 0,
                        "Shared Dirtied Blocks": 0,
                        "Shared Written Blocks": 0,
                        "Local Hit Blocks": 0,
                        "Local Read Blocks": 0,
                        "Local Dirtied Blocks": 0,
                        "Local Written Blocks": 0,
                        "Temp Read Blocks": 0,
                        "Temp Written Blocks": 0,
                        "Workers": [
                          {
                            "Worker Number": 0,
                            "Sort Method": "quicksort",
                            "Sort Space Used": 26,
                            "Sort Space Type": "Memory"
                          }
                        ],
                        "Plans": [
                          {
                            "Node Type": "Aggregate",
                            "Strategy": "Hashed",
                            "Partial Mode": "Partial",
                            "Parent Relationship": "Outer",
                            "Parallel Aware": false,
                            "Async Capable": false,
                            "Startup Cost": 4368.25,
                            "Total Cost": 4368.47,
                            "Plan Rows": 15,
                            "Plan Width": 104,
                            "Actual Startup Time": 31.598,
                            "Actual Total Time": 31.6,
                            "Actual Rows": 14,
                            "Actual Loops": 2,
                            "Group Key": [
                              "CASE WHEN (adult_raw_100000.occupation IS NULL) THEN NULL::text ELSE (\"substring\"(adult_raw_100000.occupation, 1, 3) || '***'::text) END"
                            ],
                            "Planned Partitions": 0,
                            "HashAgg Batches": 1,
                            "Peak Memory Usage": 24,
                            "Disk Usage": 0,
                            "Shared Hit Blocks": 1880,
                            "Shared Read Blocks": 0,
                            "Shared Dirtied Blocks": 0,
                            "Shared Written Blocks": 0,
                            "Local Hit Blocks": 0,
                            "Local Read Blocks": 0,
                            "Local Dirtied Blocks": 0,
                            "Local Written Blocks": 0,
                            "Temp Read Blocks": 0,
                            "Temp Written Blocks": 0,
                            "Workers": [
                              {
                                "Worker Number": 0,
                                "HashAgg Batches": 1,
                                "Peak Memory Usage": 24,
                                "Disk Usage": 0
                              }
                            ],
                            "Plans": [
                              {
                                "Node Type": "Seq Scan",
                                "Parent Relationship": "Outer",
                                "Parallel Aware": true,
                                "Async Capable": false,
                                "Relation Name": "adult_raw_100000",
                                "Alias": "adult_raw_100000",
                                "Startup Cost": 0.0,
                                "Total Cost": 3494.71,
                                "Plan Rows": 58236,
                                "Plan Width": 40,
                                "Actual Startup Time": 0.009,
                                "Actual Total Time": 22.634,
                                "Actual Rows": 50000,
                                "Actual Loops": 2,
                                "Filter": "((CASE WHEN (occupation IS NULL) THEN NULL::text ELSE (\"substring\"(occupation, 1, 3) || '***'::text) END IS NOT NULL) AND (CASE WHEN (occupation IS NULL) THEN NULL::text ELSE (\"substring\"(occupation, 1, 3) || '***'::text) END <> '?'::text))",
                                "Rows Removed by Filter": 0,
                                "Shared Hit Blocks": 1880,
                                "Shared Read Blocks": 0,
                                "Shared Dirtied Blocks": 0,
                                "Shared Written Blocks": 0,
                                "Local Hit Blocks": 0,
                                "Local Read Blocks": 0,
                                "Local Dirtied Blocks": 0,
                                "Local Written Blocks": 0,
                                "Temp Read Blocks": 0,
                                "Temp Written Blocks": 0,
                                "Workers": []
                              }
                            ]
                          }
                        ]
                      }
                    ]
                  }
                ]
              }
            ]
          }
        ]
      },
      "Planning": {
        "Shared Hit Blocks": 0,
        "Shared Read Blocks": 0,
        "Shared Dirtied Blocks": 0,
        "Shared Written Blocks": 0,
        "Local Hit Blocks": 0,
        "Local Read Blocks": 0,
        "Local Dirtied Blocks": 0,
        "Local Written Blocks": 0,
        "Temp Read Blocks": 0,
        "Temp Written Blocks": 0
      },
      "Planning Time": 0.112,
      "Triggers": [],
      "Execution Time": 35.593
    }
  },
  {
    "experiment": "baseline_view_topk",
    "system": "view",
    "role": "postgres",
    "query_idx": 1,
    "query": "-- Healthcare: Top medications by usage with billing stats\nSELECT medication,\n       COUNT(*) as prescription_count,\n       AVG(billing_amount) as avg_cost,\n       MIN(billing_amount) as min_cost,\n   ",
    "runs": 5,
    "wall_clock_median_ms": 57.46523599373177,
    "wall_clock_mean_ms": 62.74693239829503,
    "wall_clock_std_ms": 8.116181821810018,
    "execution_median_ms": 62.619,
    "execution_mean_ms": 67.2082,
    "planning_median_ms": 0.14,
    "row_count": 5,
    "explain_plan": {
      "Plan": {
        "Node Type": "Limit",
        "Parallel Aware": false,
        "Async Capable": false,
        "Startup Cost": 5767.98,
        "Total Cost": 5767.99,
        "Plan Rows": 5,
        "Plan Width": 113,
        "Actual Startup Time": 53.678,
        "Actual Total Time": 55.844,
        "Actual Rows": 5,
        "Actual Loops": 1,
        "Shared Hit Blocks": 2128,
        "Shared Read Blocks": 0,
        "Shared Dirtied Blocks": 0,
        "Shared Written Blocks": 0,
        "Local Hit Blocks": 0,
        "Local Read Blocks": 0,
        "Local Dirtied Blocks": 0,
        "Local Written Blocks": 0,
        "Temp Read Blocks": 0,
        "Temp Written Blocks": 0,
        "Plans": [
          {
            "Node Type": "Sort",
            "Parent Relationship": "Outer",
            "Parallel Aware": false,
            "Async Capable": false,
            "Startup Cost": 5767.98,
            "Total Cost": 5767.99,
            "Plan Rows": 5,
            "Plan Width": 113,
            "Actual Startup Time": 53.677,
            "Actual Total Time": 55.841,
            "Actual Rows": 5,
            "Actual Loops": 1,
            "Sort Key": [
              "(count(*)) DESC"
            ],
            "Sort Method": "quicksort",
            "Sort Space Used": 25,
            "Sort Space Type": "Memory",
            "Shared Hit Blocks": 2128,
            "Shared Read Blocks": 0,
            "Shared Dirtied Blocks": 0,
            "Shared Written Blocks": 0,
            "Local Hit Blocks": 0,
            "Local Read Blocks": 0,
            "Local Dirtied Blocks": 0,
            "Local Written Blocks": 0,
            "Temp Read Blocks": 0,
            "Temp Written Blocks": 0,
            "Plans": [
              {
                "Node Type": "Aggregate",
                "Strategy": "Sorted",
                "Partial Mode": "Finalize",
                "Parent Relationship": "Outer",
                "Parallel Aware": false,
                "Async Capable": false,
                "Startup Cost": 5767.21,
                "Total Cost": 5767.92,
                "Plan Rows": 5,
                "Plan Width": 113,
                "Actual Startup Time": 53.657,
                "Actual Total Time": 55.835,
                "Actual Rows": 5,
                "Actual Loops": 1,
                "Group Key": [
                  "healthcare_raw_100000.medication"
                ],
                "Shared Hit Blocks": 2128,
                "Shared Read Blocks": 0,
                "Shared Dirtied Blocks": 0,
                "Shared Written Blocks": 0,
                "Local Hit Blocks": 0,
                "Local Read Blocks": 0,
                "Local Dirtied Blocks": 0,
                "Local Written Blocks": 0,
                "Temp Read Blocks": 0,
                "Temp Written Blocks": 0,
                "Plans": [
                  {
                    "Node Type": "Gather Merge",
                    "Parent Relationship": "Outer",
                    "Parallel Aware": false,
                    "Async Capable": false,
                    "Startup Cost": 5767.21,
                    "Total Cost": 5767.78,
                    "Plan Rows": 5,
                    "Plan Width": 113,
                    "Actual Startup Time": 53.637,
                    "Actual Total Time": 55.804,
                    "Actual Rows": 10,
                    "Actual Loops": 1,
                    "Workers Planned": 1,
                    "Workers Launched": 1,
                    "Shared Hit Blocks": 2128,
                    "Shared Read Blocks": 0,
                    "Shared Dirtied Blocks": 0,
                    "Shared Written Blocks": 0,
                    "Local Hit Blocks": 0,
                    "Local Read Blocks": 0,
                    "Local Dirtied Blocks": 0,
                    "Local Written Blocks": 0,
                    "Temp Read Blocks": 0,
                    "Temp Written Blocks": 0,
                    "Plans": [
                      {
                        "Node Type": "Sort",
                        "Parent Relationship": "Outer",
                        "Parallel Aware": false,
                        "Async Capable": false,
                        "Startup Cost": 4767.2,
                        "Total Cost": 4767.21,
                        "Plan Rows": 5,
                        "Plan Width": 113,
                        "Actual Startup Time": 51.003,
                        "Actual Total Time": 51.005,
                        "Actual Rows": 5,
                        "Actual Loops": 2,
                        "Sort Key": [
                          "healthcare_raw_100000.medication"
                        ],
                        "Sort Method": "quicksort",
                        "Sort Space Used": 25,
                        "Sort Space Type": "Memory",
                        "Shared Hit Blocks": 2128,
                        "Shared Read Blocks": 0,
                        "Shared Dirtied Blocks": 0,
                        "Shared Written Blocks": 0,
                        "Local Hit Blocks": 0,
                        "Local Read Blocks": 0,
                        "Local Dirtied Blocks": 0,
                        "Local Written Blocks": 0,
                        "Temp Read Blocks": 0,
                        "Temp Written Blocks": 0,
                        "Workers": [
                          {
                            "Worker Number": 0,
                            "Sort Method": "quicksort",
                            "Sort Space Used": 25,
                            "Sort Space Type": "Memory"
                          }
                        ],
                        "Plans": [
                          {
                            "Node Type": "Aggregate",
                            "Strategy": "Hashed",
                            "Partial Mode": "Partial",
                            "Parent Relationship": "Outer",
                            "Parallel Aware": false,
                            "Async Capable": false,
                            "Startup Cost": 4767.08,
                            "Total Cost": 4767.14,
                            "Plan Rows": 5,
                            "Plan Width": 113,
                            "Actual Startup Time": 50.971,
                            "Actual Total Time": 50.974,
                            "Actual Rows": 5,
                            "Actual Loops": 2,
                            "Group Key": [
                              "healthcare_raw_100000.medication"
                            ],
                            "Planned Partitions": 0,
                            "HashAgg Batches": 1,
                            "Peak Memory Usage": 24,
                            "Disk Usage": 0,
                            "Shared Hit Blocks": 2120,
                            "Shared Read Blocks": 0,
                            "Shared Dirtied Blocks": 0,
                            "Shared Written Blocks": 0,
                            "Local Hit Blocks": 0,
                            "Local Read Blocks": 0,
                            "Local Dirtied Blocks": 0,
                            "Local Written Blocks": 0,
                            "Temp Read Blocks": 0,
                            "Temp Written Blocks": 0,
                            "Workers": [
                              {
                                "Worker Number": 0,
                                "HashAgg Batches": 1,
                                "Peak Memory Usage": 24,
                                "Disk Usage": 0
                              }
                            ],
                            "Plans": [
                              {
                                "Node Type": "Seq Scan",
                                "Parent Relationship": "Outer",
                                "Parallel Aware": true,
                                "Async Capable": false,
                                "Relation Name": "healthcare_raw_100000",
                                "Alias": "healthcare_raw_100000",
                                "Startup Cost": 0.0,
                                "Total Cost": 2708.24,
                                "Plan Rows": 58824,
                                "Plan Width": 17,
                                "Actual Startup Time": 0.013,
                                "Actual Total Time": 8.48,
                                "Actual Rows": 50000,
                                "Actual Loops": 2,
                                "Filter": "(medication IS NOT NULL)",
                                "Rows Removed by Filter": 0,
                                "Shared Hit Blocks": 2120,
                                "Shared Read Blocks": 0,
                                "Shared Dirtied Blocks": 0,
                                "Shared Written Blocks": 0,
                                "Local Hit Blocks": 0,
                                "Local Read Blocks": 0,
                                "Local Dirtied Blocks": 0,
                                "Local Written Blocks": 0,
                                "Temp Read Blocks": 0,
                                "Temp Written Blocks": 0,
                                "Workers": []
                              }
                            ]
                          }
                        ]
                      }
                    ]
                  }
                ]
              }
            ]
          }
        ]
      },
      "Planning": {
        "Shared Hit Blocks": 0,
        "Shared Read Blocks": 0,
        "Shared Dirtied Blocks": 0,
        "Shared Written Blocks": 0,
        "Local Hit Blocks": 0,
        "Local Read Blocks": 0,
        "Local Dirtied Blocks": 0,
        "Local Written Blocks": 0,
        "Temp Read Blocks": 0,
        "Temp Written Blocks": 0
      },
      "Planning Time": 0.115,
      "Triggers": [],
      "Execution Time": 55.885
    }
  }
]