[
  {
    "experiment": "baseline_raw_groupby",
    "system": "raw",
    "role": "postgres",
    "query_idx": 0,
    "query": "-- Workload 3: Group By Aggregation\n-- Tests: Hash aggregate performance, impact of masked columns on grouping\n\n-- Adult: Income distribution by education\nSELECT education, income, COUNT(*) as cnt, AV",
    "runs": 5,
    "wall_clock_median_ms": 24.789250994217582,
    "wall_clock_mean_ms": 24.769411998568103,
    "wall_clock_std_ms": 2.571955998599282,
    "execution_median_ms": 28.866,
    "execution_mean_ms": 29.5104,
    "planning_median_ms": 0.081,
    "row_count": 20,
    "explain_plan": {
      "Plan": {
        "Node Type": "Limit",
        "Parallel Aware": false,
        "Async Capable": false,
        "Startup Cost": 3881.2,
        "Total Cost": 3881.25,
        "Plan Rows": 20,
        "Plan Width": 54,
        "Actual Startup Time": 24.058,
        "Actual Total Time": 24.061,
        "Actual Rows": 20,
        "Actual Loops": 1,
        "Shared Hit Blocks": 1880,
        "Shared Read Blocks": 0,
        "Shared Dirtied Blocks": 0,
        "Shared Written Blocks": 0,
        "Local Hit Blocks": 0,
        "Local Read Blocks": 0,
        "Local Dirtied Blocks": 0,
        "Local Written Blocks": 0,
        "Temp Read Blocks": 0,
        "Temp Written Blocks": 0,
        "Plans": [
          {
            "Node Type": "Sort",
            "Parent Relationship": "Outer",
            "Parallel Aware": false,
            "Async Capable": false,
            "Startup Cost": 3881.2,
            "Total Cost": 3881.28,
            "Plan Rows": 32,
            "Plan Width": 54,
            "Actual Startup Time": 24.057,
            "Actual Total Time": 24.058,
            "Actual Rows": 20,
            "Actual Loops": 1,
            "Sort Key": [
              "(count(*)) DESC"
            ],
            "Sort Method": "quicksort",
            "Sort Space Used": 27,
            "Sort Space Type": "Memory",
            "Shared Hit Blocks": 1880,
            "Shared Read Blocks": 0,
            "Shared Dirtied Blocks": 0,
            "Shared Written Blocks": 0,
            "Local Hit Blocks": 0,
            "Local Read Blocks": 0,
            "Local Dirtied Blocks": 0,
            "Local Written Blocks": 0,
            "Temp Read Blocks": 0,
            "Temp Written Blocks": 0,
            "Plans": [
              {
                "Node Type": "Aggregate",
                "Strategy": "Hashed",
                "Partial Mode": "Simple",
                "Parent Relationship": "Outer",
                "Parallel Aware": false,
                "Async Capable": false,
                "Startup Cost": 3880.0,
                "Total Cost": 3880.4,
                "Plan Rows": 32,
                "Plan Width": 54,
                "Actual Startup Time": 23.996,
                "Actual Total Time": 24.005,
                "Actual Rows": 32,
                "Actual Loops": 1,
                "Group Key": [
                  "education",
                  "income"
                ],
                "Planned Partitions": 0,
                "HashAgg Batches": 1,
                "Peak Memory Usage": 24,
                "Disk Usage": 0,
                "Shared Hit Blocks": 1880,
                "Shared Read Blocks": 0,
                "Shared Dirtied Blocks": 0,
                "Shared Written Blocks": 0,
                "Local Hit Blocks": 0,
                "Local Read Blocks": 0,
                "Local Dirtied Blocks": 0,
                "Local Written Blocks": 0,
                "Temp Read Blocks": 0,
                "Temp Written Blocks": 0,
                "Plans": [
                  {
                    "Node Type": "Seq Scan",
                    "Parent Relationship": "Outer",
                    "Parallel Aware": false,
                    "Async Capable": false,
                    "Relation Name": "adult_raw_100000",
                    "Alias": "adult_raw_100000",
                    "Startup Cost": 0.0,
                    "Total Cost": 2880.0,
                    "Plan Rows": 100000,
                    "Plan Width": 18,
                    "Actual Startup Time": 0.005,
                    "Actual Total Time": 4.281,
                    "Actual Rows": 100000,
                    "Actual Loops": 1,
                    "Shared Hit Blocks": 1880,
                    "Shared Read Blocks": 0,
                    "Shared Dirtied Blocks": 0,
                    "Shared Written Blocks": 0,
                    "Local Hit Blocks": 0,
                    "Local Read Blocks": 0,
                    "Local Dirtied Blocks": 0,
                    "Local Written Blocks": 0,
                    "Temp Read Blocks": 0,
                    "Temp Written Blocks": 0
                  }
                ]
              }
            ]
          }
        ]
      },
      "Planning": {
        "Shared Hit Blocks": 2,
        "Shared Read Blocks": 0,
        "Shared Dirtied Blocks": 0,
        "Shared Written Blocks": 0,
        "Local Hit Blocks": 0,
        "Local Read Blocks": 0,
        "Local Dirtied Blocks": 0,
        "Local Written Blocks": 0,
        "Temp Read Blocks": 0,
        "Temp Written Blocks": 0
      },
      "Planning Time": 0.073,
      "Triggers": [],
      "Execution Time": 24.181
    }
  },
  {
    "experiment": "baseline_raw_groupby",
    "system": "raw",
    "role": "postgres",
    "query_idx": 1,
    "query": "-- Healthcare: Condition distribution by gender\nSELECT medical_condition, gender, COUNT(*) as patient_count, AVG(billing_amount) as avg_billing\nFROM healthcare_raw_100000\nGROUP BY medical_condition, g",
    "runs": 5,
    "wall_clock_median_ms": 28.436321998015046,
    "wall_clock_mean_ms": 29.111026402097195,
    "wall_clock_std_ms": 2.5636498843470763,
    "execution_median_ms": 34.256,
    "execution_mean_ms": 33.6606,
    "planning_median_ms": 0.086,
    "row_count": 12,
    "explain_plan": {
      "Plan": {
        "Node Type": "Limit",
        "Parallel Aware": false,
        "Async Capable": false,
        "Startup Cost": 4120.37,
        "Total Cost": 4120.4,
        "Plan Rows": 12,
        "Plan Width": 55,
        "Actual Startup Time": 30.939,
        "Actual Total Time": 30.941,
        "Actual Rows": 12,
        "Actual Loops": 1,
        "Shared Hit Blocks": 2120,
        "Shared Read Blocks": 0,
        "Shared Dirtied Blocks": 0,
        "Shared Written Blocks": 0,
        "Local Hit Blocks": 0,
        "Local Read Blocks": 0,
        "Local Dirtied Blocks": 0,
        "Local Written Blocks": 0,
        "Temp Read Blocks": 0,
        "Temp Written Blocks": 0,
        "Plans": [
          {
            "Node Type": "Sort",
            "Parent Relationship": "Outer",
            "Parallel Aware": false,
            "Async Capable": false,
            "Startup Cost": 4120.37,
            "Total Cost": 4120.4,
            "Plan Rows": 12,
            "Plan Width": 55,
            "Actual Startup Time": 30.937,
            "Actual Total Time": 30.938,
            "Actual Rows": 12,
            "Actual Loops": 1,
            "Sort Key": [
              "(count(*)) DESC"
            ],
            "Sort Method": "quicksort",
            "Sort Space Used": 25,
            "Sort Space Type": "Memory",
            "Shared Hit Blocks": 2120,
            "Shared Read Blocks": 0,
            "Shared Dirtied Blocks": 0,
            "Shared Written Blocks": 0,
            "Local Hit Blocks": 0,
            "Local Read Blocks": 0,
            "Local Dirtied Blocks": 0,
            "Local Written Blocks": 0,
            "Temp Read Blocks": 0,
            "Temp Written Blocks": 0,
            "Plans": [
              {
                "Node Type": "Aggregate",
                "Strategy": "Hashed",
                "Partial Mode": "Simple",
                "Parent Relationship": "Outer",
                "Parallel Aware": false,
                "Async Capable": false,
                "Startup Cost": 4120.0,
                "Total Cost": 4120.15,
                "Plan Rows": 12,
                "Plan Width": 55,
                "Actual Startup Time": 30.927,
                "Actual Total Time": 30.931,
                "Actual Rows": 12,
                "Actual Loops": 1,
                "Group Key": [
                  "medical_condition",
                  "gender"
                ],
                "Planned Partitions": 0,
                "HashAgg Batches": 1,
                "Peak Memory Usage": 24,
                "Disk Usage": 0,
                "Shared Hit Blocks": 2120,
                "Shared Read Blocks": 0,
                "Shared Dirtied Blocks": 0,
                "Shared Written Blocks": 0,
                "Local Hit Blocks": 0,
                "Local Read Blocks": 0,
                "Local Dirtied Blocks": 0,
                "Local Written Blocks": 0,
                "Temp Read Blocks": 0,
                "Temp Written Blocks": 0,
                "Plans": [
                  {
                    "Node Type": "Seq Scan",
                    "Parent Relationship": "Outer",
                    "Parallel Aware": false,
                    "Async Capable": false,
                    "Relation Name": "healthcare_raw_100000",
                    "Alias": "healthcare_raw_100000",
                    "Startup Cost": 0.0,
                    "Total Cost": 3120.0,
                    "Plan Rows": 100000,
                    "Plan Width": 23,
                    "Actual Startup Time": 0.005,
                    "Actual Total Time": 5.745,
                    "Actual Rows": 100000,
                    "Actual Loops": 1,
                    "Shared Hit Blocks": 2120,
                    "Shared Read Blocks": 0,
                    "Shared Dirtied Blocks": 0,
                    "Shared Written Blocks": 0,
                    "Local Hit Blocks": 0,
                    "Local Read Blocks": 0,
                    "Local Dirtied Blocks": 0,
                    "Local Written Blocks": 0,
                    "Temp Read Blocks": 0,
                    "Temp Written Blocks": 0
                  }
                ]
              }
            ]
          }
        ]
      },
      "Planning": {
        "Shared Hit Blocks": 2,
        "Shared Read Blocks": 0,
        "Shared Dirtied Blocks": 0,
        "Shared Written Blocks": 0,
        "Local Hit Blocks": 0,
        "Local Read Blocks": 0,
        "Local Dirtied Blocks": 0,
        "Local Written Blocks": 0,
        "Temp Read Blocks": 0,
        "Temp Written Blocks": 0
      },
      "Planning Time": 0.094,
      "Triggers": [],
      "Execution Time": 31.047
    }
  }
]