[
  {
    "experiment": "baseline_view_range",
    "system": "view",
    "role": "postgres",
    "query_idx": 0,
    "query": "-- Workload 2: Range Query with Aggregation\n-- Tests: Sequential scan, aggregation performance, masking impact on filtering\n\n-- Adult: Count people in age range\nSELECT COUNT(*) FROM adult_masked_view ",
    "runs": 5,
    "wall_clock_median_ms": 16.435976009233855,
    "wall_clock_mean_ms": 16.250010803923942,
    "wall_clock_std_ms": 0.549314263662743,
    "execution_median_ms": 22.112,
    "execution_mean_ms": 22.7166,
    "planning_median_ms": 0.112,
    "row_count": 1,
    "explain_plan": {
      "Plan": {
        "Node Type": "Aggregate",
        "Strategy": "Plain",
        "Partial Mode": "Simple",
        "Parallel Aware": false,
        "Async Capable": false,
        "Startup Cost": 4381.25,
        "Total Cost": 4381.26,
        "Plan Rows": 1,
        "Plan Width": 8,
        "Actual Startup Time": 19.601,
        "Actual Total Time": 19.603,
        "Actual Rows": 1,
        "Actual Loops": 1,
        "Shared Hit Blocks": 1880,
        "Shared Read Blocks": 0,
        "Shared Dirtied Blocks": 0,
        "Shared Written Blocks": 0,
        "Local Hit Blocks": 0,
        "Local Read Blocks": 0,
        "Local Dirtied Blocks": 0,
        "Local Written Blocks": 0,
        "Temp Read Blocks": 0,
        "Temp Written Blocks": 0,
        "Plans": [
          {
            "Node Type": "Seq Scan",
            "Parent Relationship": "Outer",
            "Parallel Aware": false,
            "Async Capable": false,
            "Relation Name": "adult_raw_100000",
            "Alias": "adult_raw_100000",
            "Startup Cost": 0.0,
            "Total Cost": 4380.0,
            "Plan Rows": 500,
            "Plan Width": 0,
            "Actual Startup Time": 0.008,
            "Actual Total Time": 15.699,
            "Actual Rows": 61284,
            "Actual Loops": 1,
            "Filter": "((((age / 5) * 5) >= 25) AND (((age / 5) * 5) <= 45))",
            "Rows Removed by Filter": 38716,
            "Shared Hit Blocks": 1880,
            "Shared Read Blocks": 0,
            "Shared Dirtied Blocks": 0,
            "Shared Written Blocks": 0,
            "Local Hit Blocks": 0,
            "Local Read Blocks": 0,
            "Local Dirtied Blocks": 0,
            "Local Written Blocks": 0,
            "Temp Read Blocks": 0,
            "Temp Written Blocks": 0
          }
        ]
      },
      "Planning": {
        "Shared Hit Blocks": 0,
        "Shared Read Blocks": 0,
        "Shared Dirtied Blocks": 0,
        "Shared Written Blocks": 0,
        "Local Hit Blocks": 0,
        "Local Read Blocks": 0,
        "Local Dirtied Blocks": 0,
        "Local Written Blocks": 0,
        "Temp Read Blocks": 0,
        "Temp Written Blocks": 0
      },
      "Planning Time": 0.099,
      "Triggers": [],
      "Execution Time": 19.669
    }
  },
  {
    "experiment": "baseline_view_range",
    "system": "view",
    "role": "postgres",
    "query_idx": 1,
    "query": "-- Healthcare: Average billing in age range\nSELECT AVG(billing_amount) FROM healthcare_view_masked WHERE age BETWEEN 30 AND 50",
    "runs": 5,
    "wall_clock_median_ms": 18.543828002293594,
    "wall_clock_mean_ms": 21.854595802142285,
    "wall_clock_std_ms": 5.395977870737699,
    "execution_median_ms": 22.674,
    "execution_mean_ms": 23.985599999999998,
    "planning_median_ms": 0.087,
    "row_count": 1,
    "explain_plan": {
      "Plan": {
        "Node Type": "Aggregate",
        "Strategy": "Plain",
        "Partial Mode": "Simple",
        "Parallel Aware": false,
        "Async Capable": false,
        "Startup Cost": 4625.0,
        "Total Cost": 4625.01,
        "Plan Rows": 1,
        "Plan Width": 32,
        "Actual Startup Time": 20.044,
        "Actual Total Time": 20.045,
        "Actual Rows": 1,
        "Actual Loops": 1,
        "Shared Hit Blocks": 2120,
        "Shared Read Blocks": 0,
        "Shared Dirtied Blocks": 0,
        "Shared Written Blocks": 0,
        "Local Hit Blocks": 0,
        "Local Read Blocks": 0,
        "Local Dirtied Blocks": 0,
        "Local Written Blocks": 0,
        "Temp Read Blocks": 0,
        "Temp Written Blocks": 0,
        "Plans": [
          {
            "Node Type": "Seq Scan",
            "Parent Relationship": "Outer",
            "Parallel Aware": false,
            "Async Capable": false,
            "Relation Name": "healthcare_raw_100000",
            "Alias": "healthcare_raw_100000",
            "Startup Cost": 0.0,
            "Total Cost": 4620.0,
            "Plan Rows": 500,
            "Plan Width": 8,
            "Actual Startup Time": 0.006,
            "Actual Total Time": 9.088,
            "Actual Rows": 36738,
            "Actual Loops": 1,
            "Filter": "((((age / 5) * 5) >= 30) AND (((age / 5) * 5) <= 50))",
            "Rows Removed by Filter": 63262,
            "Shared Hit Blocks": 2120,
            "Shared Read Blocks": 0,
            "Shared Dirtied Blocks": 0,
            "Shared Written Blocks": 0,
            "Local Hit Blocks": 0,
            "Local Read Blocks": 0,
            "Local Dirtied Blocks": 0,
            "Local Written Blocks": 0,
            "Temp Read Blocks": 0,
            "Temp Written Blocks": 0
          }
        ]
      },
      "Planning": {
        "Shared Hit Blocks": 0,
        "Shared Read Blocks": 0,
        "Shared Dirtied Blocks": 0,
        "Shared Written Blocks": 0,
        "Local Hit Blocks": 0,
        "Local Read Blocks": 0,
        "Local Dirtied Blocks": 0,
        "Local Written Blocks": 0,
        "Temp Read Blocks": 0,
        "Temp Written Blocks": 0
      },
      "Planning Time": 0.082,
      "Triggers": [],
      "Execution Time": 20.083
    }
  }
]