[
  {
    "experiment": "baseline_raw_point_lookup",
    "system": "raw",
    "role": "postgres",
    "query_idx": 0,
    "query": "-- Workload 1: Point Lookup\n-- Tests: Index scan performance, masking overhead on single row\n\n-- Adult table\nSELECT * FROM adult_raw_100000 WHERE id = 5000",
    "runs": 5,
    "wall_clock_median_ms": 1.21406301332172,
    "wall_clock_mean_ms": 1.2140090024331585,
    "wall_clock_std_ms": 0.07085488143724614,
    "execution_median_ms": 0.027,
    "execution_mean_ms": 0.0314,
    "planning_median_ms": 0.07,
    "row_count": 1,
    "explain_plan": {
      "Plan": {
        "Node Type": "Index Scan",
        "Parallel Aware": false,
        "Async Capable": false,
        "Scan Direction": "Forward",
        "Index Name": "adult_raw_100000_pkey",
        "Relation Name": "adult_raw_100000",
        "Alias": "adult_raw_100000",
        "Startup Cost": 0.29,
        "Total Cost": 2.51,
        "Plan Rows": 1,
        "Plan Width": 112,
        "Actual Startup Time": 0.02,
        "Actual Total Time": 0.022,
        "Actual Rows": 1,
        "Actual Loops": 1,
        "Index Cond": "(id = 5000)",
        "Rows Removed by Index Recheck": 0,
        "Shared Hit Blocks": 3,
        "Shared Read Blocks": 0,
        "Shared Dirtied Blocks": 0,
        "Shared Written Blocks": 0,
        "Local Hit Blocks": 0,
        "Local Read Blocks": 0,
        "Local Dirtied Blocks": 0,
        "Local Written Blocks": 0,
        "Temp Read Blocks": 0,
        "Temp Written Blocks": 0
      },
      "Planning": {
        "Shared Hit Blocks": 0,
        "Shared Read Blocks": 0,
        "Shared Dirtied Blocks": 0,
        "Shared Written Blocks": 0,
        "Local Hit Blocks": 0,
        "Local Read Blocks": 0,
        "Local Dirtied Blocks": 0,
        "Local Written Blocks": 0,
        "Temp Read Blocks": 0,
        "Temp Written Blocks": 0
      },
      "Planning Time": 0.064,
      "Triggers": [],
      "Execution Time": 0.042
    }
  },
  {
    "experiment": "baseline_raw_point_lookup",
    "system": "raw",
    "role": "postgres",
    "query_idx": 1,
    "query": "-- Healthcare table  \nSELECT * FROM healthcare_raw_100000 WHERE id = 5000",
    "runs": 5,
    "wall_clock_median_ms": 1.1766259995056316,
    "wall_clock_mean_ms": 1.1445076030213386,
    "wall_clock_std_ms": 0.09306290157372592,
    "execution_median_ms": 0.041,
    "execution_mean_ms": 0.0402,
    "planning_median_ms": 0.079,
    "row_count": 1,
    "explain_plan": {
      "Plan": {
        "Node Type": "Index Scan",
        "Parallel Aware": false,
        "Async Capable": false,
        "Scan Direction": "Forward",
        "Index Name": "healthcare_raw_100000_pkey",
        "Relation Name": "healthcare_raw_100000",
        "Alias": "healthcare_raw_100000",
        "Startup Cost": 0.29,
        "Total Cost": 2.51,
        "Plan Rows": 1,
        "Plan Width": 126,
        "Actual Startup Time": 0.007,
        "Actual Total Time": 0.008,
        "Actual Rows": 1,
        "Actual Loops": 1,
        "Index Cond": "(id = 5000)",
        "Rows Removed by Index Recheck": 0,
        "Shared Hit Blocks": 3,
        "Shared Read Blocks": 0,
        "Shared Dirtied Blocks": 0,
        "Shared Written Blocks": 0,
        "Local Hit Blocks": 0,
        "Local Read Blocks": 0,
        "Local Dirtied Blocks": 0,
        "Local Written Blocks": 0,
        "Temp Read Blocks": 0,
        "Temp Written Blocks": 0
      },
      "Planning": {
        "Shared Hit Blocks": 0,
        "Shared Read Blocks": 0,
        "Shared Dirtied Blocks": 0,
        "Shared Written Blocks": 0,
        "Local Hit Blocks": 0,
        "Local Read Blocks": 0,
        "Local Dirtied Blocks": 0,
        "Local Written Blocks": 0,
        "Temp Read Blocks": 0,
        "Temp Written Blocks": 0
      },
      "Planning Time": 0.054,
      "Triggers": [],
      "Execution Time": 0.023
    }
  }
]