[
  {
    "experiment": "baseline_raw_range",
    "system": "raw",
    "role": "postgres",
    "query_idx": 0,
    "query": "-- Workload 2: Range Query with Aggregation\n-- Tests: Sequential scan, aggregation performance, masking impact on filtering\n\n-- Adult: Count people in age range\nSELECT COUNT(*) FROM adult_raw_100000 W",
    "runs": 5,
    "wall_clock_median_ms": 12.518498988356441,
    "wall_clock_mean_ms": 14.360927997040562,
    "wall_clock_std_ms": 4.939148760901755,
    "execution_median_ms": 15.484,
    "execution_mean_ms": 21.334,
    "planning_median_ms": 0.098,
    "row_count": 1,
    "explain_plan": {
      "Plan": {
        "Node Type": "Aggregate",
        "Strategy": "Plain",
        "Partial Mode": "Simple",
        "Parallel Aware": false,
        "Async Capable": false,
        "Startup Cost": 3512.83,
        "Total Cost": 3512.84,
        "Plan Rows": 1,
        "Plan Width": 8,
        "Actual Startup Time": 24.531,
        "Actual Total Time": 24.539,
        "Actual Rows": 1,
        "Actual Loops": 1,
        "Shared Hit Blocks": 1880,
        "Shared Read Blocks": 0,
        "Shared Dirtied Blocks": 0,
        "Shared Written Blocks": 0,
        "Local Hit Blocks": 0,
        "Local Read Blocks": 0,
        "Local Dirtied Blocks": 0,
        "Local Written Blocks": 0,
        "Temp Read Blocks": 0,
        "Temp Written Blocks": 0,
        "Plans": [
          {
            "Node Type": "Seq Scan",
            "Parent Relationship": "Outer",
            "Parallel Aware": false,
            "Async Capable": false,
            "Relation Name": "adult_raw_100000",
            "Alias": "adult_raw_100000",
            "Startup Cost": 0.0,
            "Total Cost": 3380.0,
            "Plan Rows": 53133,
            "Plan Width": 0,
            "Actual Startup Time": 0.011,
            "Actual Total Time": 18.788,
            "Actual Rows": 53355,
            "Actual Loops": 1,
            "Filter": "((age >= 25) AND (age <= 45))",
            "Rows Removed by Filter": 46645,
            "Shared Hit Blocks": 1880,
            "Shared Read Blocks": 0,
            "Shared Dirtied Blocks": 0,
            "Shared Written Blocks": 0,
            "Local Hit Blocks": 0,
            "Local Read Blocks": 0,
            "Local Dirtied Blocks": 0,
            "Local Written Blocks": 0,
            "Temp Read Blocks": 0,
            "Temp Written Blocks": 0
          }
        ]
      },
      "Planning": {
        "Shared Hit Blocks": 0,
        "Shared Read Blocks": 0,
        "Shared Dirtied Blocks": 0,
        "Shared Written Blocks": 0,
        "Local Hit Blocks": 0,
        "Local Read Blocks": 0,
        "Local Dirtied Blocks": 0,
        "Local Written Blocks": 0,
        "Temp Read Blocks": 0,
        "Temp Written Blocks": 0
      },
      "Planning Time": 0.117,
      "Triggers": [],
      "Execution Time": 24.587
    }
  },
  {
    "experiment": "baseline_raw_range",
    "system": "raw",
    "role": "postgres",
    "query_idx": 1,
    "query": "-- Healthcare: Average billing in age range\nSELECT AVG(billing_amount) FROM healthcare_raw_100000 WHERE age BETWEEN 30 AND 50",
    "runs": 5,
    "wall_clock_median_ms": 11.47919699724298,
    "wall_clock_mean_ms": 11.528852197807282,
    "wall_clock_std_ms": 1.8617269939201475,
    "execution_median_ms": 11.022,
    "execution_mean_ms": 11.096,
    "planning_median_ms": 0.056,
    "row_count": 1,
    "explain_plan": {
      "Plan": {
        "Node Type": "Aggregate",
        "Strategy": "Plain",
        "Partial Mode": "Simple",
        "Parallel Aware": false,
        "Async Capable": false,
        "Startup Cost": 3698.32,
        "Total Cost": 3698.33,
        "Plan Rows": 1,
        "Plan Width": 32,
        "Actual Startup Time": 11.06,
        "Actual Total Time": 11.062,
        "Actual Rows": 1,
        "Actual Loops": 1,
        "Shared Hit Blocks": 2120,
        "Shared Read Blocks": 0,
        "Shared Dirtied Blocks": 0,
        "Shared Written Blocks": 0,
        "Local Hit Blocks": 0,
        "Local Read Blocks": 0,
        "Local Dirtied Blocks": 0,
        "Local Written Blocks": 0,
        "Temp Read Blocks": 0,
        "Temp Written Blocks": 0,
        "Plans": [
          {
            "Node Type": "Seq Scan",
            "Parent Relationship": "Outer",
            "Parallel Aware": false,
            "Async Capable": false,
            "Relation Name": "healthcare_raw_100000",
            "Alias": "healthcare_raw_100000",
            "Startup Cost": 0.0,
            "Total Cost": 3620.0,
            "Plan Rows": 31327,
            "Plan Width": 8,
            "Actual Startup Time": 0.005,
            "Actual Total Time": 7.563,
            "Actual Rows": 30794,
            "Actual Loops": 1,
            "Filter": "((age >= 30) AND (age <= 50))",
            "Rows Removed by Filter": 69206,
            "Shared Hit Blocks": 2120,
            "Shared Read Blocks": 0,
            "Shared Dirtied Blocks": 0,
            "Shared Written Blocks": 0,
            "Local Hit Blocks": 0,
            "Local Read Blocks": 0,
            "Local Dirtied Blocks": 0,
            "Local Written Blocks": 0,
            "Temp Read Blocks": 0,
            "Temp Written Blocks": 0
          }
        ]
      },
      "Planning": {
        "Shared Hit Blocks": 0,
        "Shared Read Blocks": 0,
        "Shared Dirtied Blocks": 0,
        "Shared Written Blocks": 0,
        "Local Hit Blocks": 0,
        "Local Read Blocks": 0,
        "Local Dirtied Blocks": 0,
        "Local Written Blocks": 0,
        "Temp Read Blocks": 0,
        "Temp Written Blocks": 0
      },
      "Planning Time": 0.053,
      "Triggers": [],
      "Execution Time": 11.09
    }
  }
]