[
  {
    "experiment": "baseline_view_point_lookup",
    "system": "view",
    "role": "postgres",
    "query_idx": 0,
    "query": "-- Workload 1: Point Lookup\n-- Tests: Index scan performance, masking overhead on single row\n\n-- Adult table\nSELECT * FROM adult_masked_view WHERE id = 5000",
    "runs": 5,
    "wall_clock_median_ms": 1.0412549891043454,
    "wall_clock_mean_ms": 1.0552181949606165,
    "wall_clock_std_ms": 0.1895531584625055,
    "execution_median_ms": 0.053,
    "execution_mean_ms": 0.0538,
    "planning_median_ms": 0.122,
    "row_count": 1,
    "explain_plan": {
      "Plan": {
        "Node Type": "Index Scan",
        "Parallel Aware": false,
        "Async Capable": false,
        "Scan Direction": "Forward",
        "Index Name": "adult_raw_100000_pkey",
        "Relation Name": "adult_raw_100000",
        "Alias": "adult_raw_100000",
        "Startup Cost": 0.29,
        "Total Cost": 2.55,
        "Plan Rows": 1,
        "Plan Width": 201,
        "Actual Startup Time": 0.043,
        "Actual Total Time": 0.045,
        "Actual Rows": 1,
        "Actual Loops": 1,
        "Index Cond": "(id = 5000)",
        "Rows Removed by Index Recheck": 0,
        "Shared Hit Blocks": 3,
        "Shared Read Blocks": 0,
        "Shared Dirtied Blocks": 0,
        "Shared Written Blocks": 0,
        "Local Hit Blocks": 0,
        "Local Read Blocks": 0,
        "Local Dirtied Blocks": 0,
        "Local Written Blocks": 0,
        "Temp Read Blocks": 0,
        "Temp Written Blocks": 0
      },
      "Planning": {
        "Shared Hit Blocks": 0,
        "Shared Read Blocks": 0,
        "Shared Dirtied Blocks": 0,
        "Shared Written Blocks": 0,
        "Local Hit Blocks": 0,
        "Local Read Blocks": 0,
        "Local Dirtied Blocks": 0,
        "Local Written Blocks": 0,
        "Temp Read Blocks": 0,
        "Temp Written Blocks": 0
      },
      "Planning Time": 0.181,
      "Triggers": [],
      "Execution Time": 0.081
    }
  },
  {
    "experiment": "baseline_view_point_lookup",
    "system": "view",
    "role": "postgres",
    "query_idx": 1,
    "query": "-- Healthcare table  \nSELECT * FROM healthcare_view_masked WHERE id = 5000",
    "runs": 5,
    "wall_clock_median_ms": 1.4196779957273975,
    "wall_clock_mean_ms": 1.3294815988047048,
    "wall_clock_std_ms": 0.22173470721678212,
    "execution_median_ms": 0.047,
    "execution_mean_ms": 0.0568,
    "planning_median_ms": 0.156,
    "row_count": 1,
    "explain_plan": {
      "Plan": {
        "Node Type": "Index Scan",
        "Parallel Aware": false,
        "Async Capable": false,
        "Scan Direction": "Forward",
        "Index Name": "healthcare_raw_100000_pkey",
        "Relation Name": "healthcare_raw_100000",
        "Alias": "healthcare_raw_100000",
        "Startup Cost": 0.29,
        "Total Cost": 2.53,
        "Plan Rows": 1,
        "Plan Width": 214,
        "Actual Startup Time": 0.026,
        "Actual Total Time": 0.028,
        "Actual Rows": 1,
        "Actual Loops": 1,
        "Index Cond": "(id = 5000)",
        "Rows Removed by Index Recheck": 0,
        "Shared Hit Blocks": 3,
        "Shared Read Blocks": 0,
        "Shared Dirtied Blocks": 0,
        "Shared Written Blocks": 0,
        "Local Hit Blocks": 0,
        "Local Read Blocks": 0,
        "Local Dirtied Blocks": 0,
        "Local Written Blocks": 0,
        "Temp Read Blocks": 0,
        "Temp Written Blocks": 0
      },
      "Planning": {
        "Shared Hit Blocks": 0,
        "Shared Read Blocks": 0,
        "Shared Dirtied Blocks": 0,
        "Shared Written Blocks": 0,
        "Local Hit Blocks": 0,
        "Local Read Blocks": 0,
        "Local Dirtied Blocks": 0,
        "Local Written Blocks": 0,
        "Temp Read Blocks": 0,
        "Temp Written Blocks": 0
      },
      "Planning Time": 0.139,
      "Triggers": [],
      "Execution Time": 0.045
    }
  }
]