[
  {
    "experiment": "baseline_raw_distinct",
    "system": "raw",
    "role": "postgres",
    "query_idx": 0,
    "query": "-- Workload 4: Distinct Count\n-- Tests: Impact of masking on cardinality estimation, HashAggregate performance\n\n-- Adult: Unique occupations by education level\nSELECT education, COUNT(DISTINCT occupat",
    "runs": 5,
    "wall_clock_median_ms": 66.66817500081379,
    "wall_clock_mean_ms": 87.24871619488113,
    "wall_clock_std_ms": 37.327324925616125,
    "execution_median_ms": 81.579,
    "execution_mean_ms": 92.334,
    "planning_median_ms": 0.084,
    "row_count": 16,
    "explain_plan": {
      "Plan": {
        "Node Type": "Aggregate",
        "Strategy": "Sorted",
        "Partial Mode": "Simple",
        "Parallel Aware": false,
        "Async Capable": false,
        "Startup Cost": 11184.82,
        "Total Cost": 11934.98,
        "Plan Rows": 16,
        "Plan Width": 17,
        "Actual Startup Time": 51.743,
        "Actual Total Time": 80.763,
        "Actual Rows": 16,
        "Actual Loops": 1,
        "Group Key": [
          "education"
        ],
        "Shared Hit Blocks": 1880,
        "Shared Read Blocks": 0,
        "Shared Dirtied Blocks": 0,
        "Shared Written Blocks": 0,
        "Local Hit Blocks": 0,
        "Local Read Blocks": 0,
        "Local Dirtied Blocks": 0,
        "Local Written Blocks": 0,
        "Temp Read Blocks": 0,
        "Temp Written Blocks": 0,
        "Plans": [
          {
            "Node Type": "Sort",
            "Parent Relationship": "Outer",
            "Parallel Aware": false,
            "Async Capable": false,
            "Startup Cost": 11184.82,
            "Total Cost": 11434.82,
            "Plan Rows": 100000,
            "Plan Width": 22,
            "Actual Startup Time": 51.301,
            "Actual Total Time": 61.645,
            "Actual Rows": 100000,
            "Actual Loops": 1,
            "Sort Key": [
              "education",
              "occupation"
            ],
            "Sort Method": "quicksort",
            "Sort Space Used": 7195,
            "Sort Space Type": "Memory",
            "Shared Hit Blocks": 1880,
            "Shared Read Blocks": 0,
            "Shared Dirtied Blocks": 0,
            "Shared Written Blocks": 0,
            "Local Hit Blocks": 0,
            "Local Read Blocks": 0,
            "Local Dirtied Blocks": 0,
            "Local Written Blocks": 0,
            "Temp Read Blocks": 0,
            "Temp Written Blocks": 0,
            "Plans": [
              {
                "Node Type": "Seq Scan",
                "Parent Relationship": "Outer",
                "Parallel Aware": false,
                "Async Capable": false,
                "Relation Name": "adult_raw_100000",
                "Alias": "adult_raw_100000",
                "Startup Cost": 0.0,
                "Total Cost": 2880.0,
                "Plan Rows": 100000,
                "Plan Width": 22,
                "Actual Startup Time": 0.007,
                "Actual Total Time": 8.612,
                "Actual Rows": 100000,
                "Actual Loops": 1,
                "Shared Hit Blocks": 1880,
                "Shared Read Blocks": 0,
                "Shared Dirtied Blocks": 0,
                "Shared Written Blocks": 0,
                "Local Hit Blocks": 0,
                "Local Read Blocks": 0,
                "Local Dirtied Blocks": 0,
                "Local Written Blocks": 0,
                "Temp Read Blocks": 0,
                "Temp Written Blocks": 0
              }
            ]
          }
        ]
      },
      "Planning": {
        "Shared Hit Blocks": 0,
        "Shared Read Blocks": 0,
        "Shared Dirtied Blocks": 0,
        "Shared Written Blocks": 0,
        "Local Hit Blocks": 0,
        "Local Read Blocks": 0,
        "Local Dirtied Blocks": 0,
        "Local Written Blocks": 0,
        "Temp Read Blocks": 0,
        "Temp Written Blocks": 0
      },
      "Planning Time": 0.057,
      "Triggers": [],
      "Execution Time": 82.248
    }
  },
  {
    "experiment": "baseline_raw_distinct",
    "system": "raw",
    "role": "postgres",
    "query_idx": 1,
    "query": "-- Healthcare: Unique doctors per hospital\nSELECT hospital, COUNT(DISTINCT doctor) as doctor_count\nFROM healthcare_raw_100000\nGROUP BY hospital\nORDER BY doctor_count DESC",
    "runs": 5,
    "wall_clock_median_ms": 316.53222799650393,
    "wall_clock_mean_ms": 329.9492790014483,
    "wall_clock_std_ms": 38.17343872690536,
    "execution_median_ms": 201.195,
    "execution_mean_ms": 209.6042,
    "planning_median_ms": 0.063,
    "row_count": 39292,
    "explain_plan": {
      "Plan": {
        "Node Type": "Sort",
        "Parallel Aware": false,
        "Async Capable": false,
        "Startup Cost": 14940.28,
        "Total Cost": 15021.66,
        "Plan Rows": 32553,
        "Plan Width": 25,
        "Actual Startup Time": 198.09,
        "Actual Total Time": 199.807,
        "Actual Rows": 39292,
        "Actual Loops": 1,
        "Sort Key": [
          "(count(DISTINCT doctor)) DESC"
        ],
        "Sort Method": "quicksort",
        "Sort Space Used": 3318,
        "Sort Space Type": "Memory",
        "Shared Hit Blocks": 2120,
        "Shared Read Blocks": 0,
        "Shared Dirtied Blocks": 0,
        "Shared Written Blocks": 0,
        "Local Hit Blocks": 0,
        "Local Read Blocks": 0,
        "Local Dirtied Blocks": 0,
        "Local Written Blocks": 0,
        "Temp Read Blocks": 0,
        "Temp Written Blocks": 0,
        "Plans": [
          {
            "Node Type": "Aggregate",
            "Strategy": "Sorted",
            "Partial Mode": "Simple",
            "Parent Relationship": "Outer",
            "Parallel Aware": false,
            "Async Capable": false,
            "Startup Cost": 11424.82,
            "Total Cost": 12500.35,
            "Plan Rows": 32553,
            "Plan Width": 25,
            "Actual Startup Time": 172.253,
            "Actual Total Time": 193.923,
            "Actual Rows": 39292,
            "Actual Loops": 1,
            "Group Key": [
              "hospital"
            ],
            "Shared Hit Blocks": 2120,
            "Shared Read Blocks": 0,
            "Shared Dirtied Blocks": 0,
            "Shared Written Blocks": 0,
            "Local Hit Blocks": 0,
            "Local Read Blocks": 0,
            "Local Dirtied Blocks": 0,
            "Local Written Blocks": 0,
            "Temp Read Blocks": 0,
            "Temp Written Blocks": 0,
            "Plans": [
              {
                "Node Type": "Sort",
                "Parent Relationship": "Outer",
                "Parallel Aware": false,
                "Async Capable": false,
                "Startup Cost": 11424.82,
                "Total Cost": 11674.82,
                "Plan Rows": 100000,
                "Plan Width": 31,
                "Actual Startup Time": 172.238,
                "Actual Total Time": 177.841,
                "Actual Rows": 100000,
                "Actual Loops": 1,
                "Sort Key": [
                  "hospital",
                  "doctor"
                ],
                "Sort Method": "quicksort",
                "Sort Space Used": 8095,
                "Sort Space Type": "Memory",
                "Shared Hit Blocks": 2120,
                "Shared Read Blocks": 0,
                "Shared Dirtied Blocks": 0,
                "Shared Written Blocks": 0,
                "Local Hit Blocks": 0,
                "Local Read Blocks": 0,
                "Local Dirtied Blocks": 0,
                "Local Written Blocks": 0,
                "Temp Read Blocks": 0,
                "Temp Written Blocks": 0,
                "Plans": [
                  {
                    "Node Type": "Seq Scan",
                    "Parent Relationship": "Outer",
                    "Parallel Aware": false,
                    "Async Capable": false,
                    "Relation Name": "healthcare_raw_100000",
                    "Alias": "healthcare_raw_100000",
                    "Startup Cost": 0.0,
                    "Total Cost": 3120.0,
                    "Plan Rows": 100000,
                    "Plan Width": 31,
                    "Actual Startup Time": 0.008,
                    "Actual Total Time": 9.209,
                    "Actual Rows": 100000,
                    "Actual Loops": 1,
                    "Shared Hit Blocks": 2120,
                    "Shared Read Blocks": 0,
                    "Shared Dirtied Blocks": 0,
                    "Shared Written Blocks": 0,
                    "Local Hit Blocks": 0,
                    "Local Read Blocks": 0,
                    "Local Dirtied Blocks": 0,
                    "Local Written Blocks": 0,
                    "Temp Read Blocks": 0,
                    "Temp Written Blocks": 0
                  }
                ]
              }
            ]
          }
        ]
      },
      "Planning": {
        "Shared Hit Blocks": 0,
        "Shared Read Blocks": 0,
        "Shared Dirtied Blocks": 0,
        "Shared Written Blocks": 0,
        "Local Hit Blocks": 0,
        "Local Read Blocks": 0,
        "Local Dirtied Blocks": 0,
        "Local Written Blocks": 0,
        "Temp Read Blocks": 0,
        "Temp Written Blocks": 0
      },
      "Planning Time": 0.081,
      "Triggers": [],
      "Execution Time": 201.195
    }
  }
]