[
  {
    "experiment": "baseline_view_groupby",
    "system": "view",
    "role": "postgres",
    "query_idx": 0,
    "query": "-- Workload 3: Group By Aggregation\n-- Tests: Hash aggregate performance, impact of masked columns on grouping\n\n-- Adult: Income distribution by education\nSELECT education, income, COUNT(*) as cnt, AV",
    "runs": 5,
    "wall_clock_median_ms": 31.474171992158517,
    "wall_clock_mean_ms": 31.82838179927785,
    "wall_clock_std_ms": 2.1099794327672217,
    "execution_median_ms": 28.364,
    "execution_mean_ms": 31.4306,
    "planning_median_ms": 0.124,
    "row_count": 16,
    "explain_plan": {
      "Plan": {
        "Node Type": "Limit",
        "Parallel Aware": false,
        "Async Capable": false,
        "Startup Cost": 5093.03,
        "Total Cost": 5093.08,
        "Plan Rows": 20,
        "Plan Width": 77,
        "Actual Startup Time": 24.22,
        "Actual Total Time": 26.814,
        "Actual Rows": 16,
        "Actual Loops": 1,
        "Shared Hit Blocks": 1888,
        "Shared Read Blocks": 0,
        "Shared Dirtied Blocks": 0,
        "Shared Written Blocks": 0,
        "Local Hit Blocks": 0,
        "Local Read Blocks": 0,
        "Local Dirtied Blocks": 0,
        "Local Written Blocks": 0,
        "Temp Read Blocks": 0,
        "Temp Written Blocks": 0,
        "Plans": [
          {
            "Node Type": "Sort",
            "Parent Relationship": "Outer",
            "Parallel Aware": false,
            "Async Capable": false,
            "Startup Cost": 5093.03,
            "Total Cost": 5093.11,
            "Plan Rows": 32,
            "Plan Width": 77,
            "Actual Startup Time": 24.218,
            "Actual Total Time": 26.81,
            "Actual Rows": 16,
            "Actual Loops": 1,
            "Sort Key": [
              "(count(*)) DESC"
            ],
            "Sort Method": "quicksort",
            "Sort Space Used": 26,
            "Sort Space Type": "Memory",
            "Shared Hit Blocks": 1888,
            "Shared Read Blocks": 0,
            "Shared Dirtied Blocks": 0,
            "Shared Written Blocks": 0,
            "Local Hit Blocks": 0,
            "Local Read Blocks": 0,
            "Local Dirtied Blocks": 0,
            "Local Written Blocks": 0,
            "Temp Read Blocks": 0,
            "Temp Written Blocks": 0,
            "Plans": [
              {
                "Node Type": "Aggregate",
                "Strategy": "Sorted",
                "Partial Mode": "Finalize",
                "Parent Relationship": "Outer",
                "Parallel Aware": false,
                "Async Capable": false,
                "Startup Cost": 5087.43,
                "Total Cost": 5092.23,
                "Plan Rows": 32,
                "Plan Width": 77,
                "Actual Startup Time": 24.194,
                "Actual Total Time": 26.803,
                "Actual Rows": 16,
                "Actual Loops": 1,
                "Group Key": [
                  "(CASE WHEN (adult_raw_100000.education = ANY ('{Preschool,1st-4th,5th-6th,7th-8th,9th,10th,11th,12th}'::text[])) THEN 'Some-School'::text WHEN (adult_raw_100000.education = ANY ('{HS-grad,Some-college}'::text[])) THEN 'HS-Some-College'::text ELSE adult_raw_100000.education END)",
                  "adult_raw_100000.income"
                ],
                "Shared Hit Blocks": 1888,
                "Shared Read Blocks": 0,
                "Shared Dirtied Blocks": 0,
                "Shared Written Blocks": 0,
                "Local Hit Blocks": 0,
                "Local Read Blocks": 0,
                "Local Dirtied Blocks": 0,
                "Local Written Blocks": 0,
                "Temp Read Blocks": 0,
                "Temp Written Blocks": 0,
                "Plans": [
                  {
                    "Node Type": "Gather Merge",
                    "Parent Relationship": "Outer",
                    "Parallel Aware": false,
                    "Async Capable": false,
                    "Startup Cost": 5087.43,
                    "Total Cost": 5091.11,
                    "Plan Rows": 32,
                    "Plan Width": 77,
                    "Actual Startup Time": 24.181,
                    "Actual Total Time": 26.78,
                    "Actual Rows": 32,
                    "Actual Loops": 1,
                    "Workers Planned": 1,
                    "Workers Launched": 1,
                    "Shared Hit Blocks": 1888,
                    "Shared Read Blocks": 0,
                    "Shared Dirtied Blocks": 0,
                    "Shared Written Blocks": 0,
                    "Local Hit Blocks": 0,
                    "Local Read Blocks": 0,
                    "Local Dirtied Blocks": 0,
                    "Local Written Blocks": 0,
                    "Temp Read Blocks": 0,
                    "Temp Written Blocks": 0,
                    "Plans": [
                      {
                        "Node Type": "Sort",
                        "Parent Relationship": "Outer",
                        "Parallel Aware": false,
                        "Async Capable": false,
                        "Startup Cost": 4087.42,
                        "Total Cost": 4087.5,
                        "Plan Rows": 32,
                        "Plan Width": 77,
                        "Actual Startup Time": 22.153,
                        "Actual Total Time": 22.156,
                        "Actual Rows": 16,
                        "Actual Loops": 2,
                        "Sort Key": [
                          "(CASE WHEN (adult_raw_100000.education = ANY ('{Preschool,1st-4th,5th-6th,7th-8th,9th,10th,11th,12th}'::text[])) THEN 'Some-School'::text WHEN (adult_raw_100000.education = ANY ('{HS-grad,Some-college}'::text[])) THEN 'HS-Some-College'::text ELSE adult_raw_100000.education END)",
                          "adult_raw_100000.income"
                        ],
                        "Sort Method": "quicksort",
                        "Sort Space Used": 26,
                        "Sort Space Type": "Memory",
                        "Shared Hit Blocks": 1888,
                        "Shared Read Blocks": 0,
                        "Shared Dirtied Blocks": 0,
                        "Shared Written Blocks": 0,
                        "Local Hit Blocks": 0,
                        "Local Read Blocks": 0,
                        "Local Dirtied Blocks": 0,
                        "Local Written Blocks": 0,
                        "Temp Read Blocks": 0,
                        "Temp Written Blocks": 0,
                        "Workers": [
                          {
                            "Worker Number": 0,
                            "Sort Method": "quicksort",
                            "Sort Space Used": 26,
                            "Sort Space Type": "Memory"
                          }
                        ],
                        "Plans": [
                          {
                            "Node Type": "Aggregate",
                            "Strategy": "Hashed",
                            "Partial Mode": "Partial",
                            "Parent Relationship": "Outer",
                            "Parallel Aware": false,
                            "Async Capable": false,
                            "Startup Cost": 4085.9,
                            "Total Cost": 4086.62,
                            "Plan Rows": 32,
                            "Plan Width": 77,
                            "Actual Startup Time": 22.119,
                            "Actual Total Time": 22.122,
                            "Actual Rows": 16,
                            "Actual Loops": 2,
                            "Group Key": [
                              "CASE WHEN (adult_raw_100000.education = ANY ('{Preschool,1st-4th,5th-6th,7th-8th,9th,10th,11th,12th}'::text[])) THEN 'Some-School'::text WHEN (adult_raw_100000.education = ANY ('{HS-grad,Some-college}'::text[])) THEN 'HS-Some-College'::text ELSE adult_raw_100000.education END",
                              "adult_raw_100000.income"
                            ],
                            "Planned Partitions": 0,
                            "HashAgg Batches": 1,
                            "Peak Memory Usage": 24,
                            "Disk Usage": 0,
                            "Shared Hit Blocks": 1880,
                            "Shared Read Blocks": 0,
                            "Shared Dirtied Blocks": 0,
                            "Shared Written Blocks": 0,
                            "Local Hit Blocks": 0,
                            "Local Read Blocks": 0,
                            "Local Dirtied Blocks": 0,
                            "Local Written Blocks": 0,
                            "Temp Read Blocks": 0,
                            "Temp Written Blocks": 0,
                            "Workers": [
                              {
                                "Worker Number": 0,
                                "HashAgg Batches": 1,
                                "Peak Memory Usage": 24,
                                "Disk Usage": 0
                              }
                            ],
                            "Plans": [
                              {
                                "Node Type": "Seq Scan",
                                "Parent Relationship": "Outer",
                                "Parallel Aware": true,
                                "Async Capable": false,
                                "Relation Name": "adult_raw_100000",
                                "Alias": "adult_raw_100000",
                                "Startup Cost": 0.0,
                                "Total Cost": 3203.54,
                                "Plan Rows": 58824,
                                "Plan Width": 41,
                                "Actual Startup Time": 0.008,
                                "Actual Total Time": 13.408,
                                "Actual Rows": 50000,
                                "Actual Loops": 2,
                                "Shared Hit Blocks": 1880,
                                "Shared Read Blocks": 0,
                                "Shared Dirtied Blocks": 0,
                                "Shared Written Blocks": 0,
                                "Local Hit Blocks": 0,
                                "Local Read Blocks": 0,
                                "Local Dirtied Blocks": 0,
                                "Local Written Blocks": 0,
                                "Temp Read Blocks": 0,
                                "Temp Written Blocks": 0,
                                "Workers": []
                              }
                            ]
                          }
                        ]
                      }
                    ]
                  }
                ]
              }
            ]
          }
        ]
      },
      "Planning": {
        "Shared Hit Blocks": 0,
        "Shared Read Blocks": 0,
        "Shared Dirtied Blocks": 0,
        "Shared Written Blocks": 0,
        "Local Hit Blocks": 0,
        "Local Read Blocks": 0,
        "Local Dirtied Blocks": 0,
        "Local Written Blocks": 0,
        "Temp Read Blocks": 0,
        "Temp Written Blocks": 0
      },
      "Planning Time": 0.115,
      "Triggers": [],
      "Execution Time": 26.853
    }
  },
  {
    "experiment": "baseline_view_groupby",
    "system": "view",
    "role": "postgres",
    "query_idx": 1,
    "query": "-- Healthcare: Condition distribution by gender\nSELECT medical_condition, gender, COUNT(*) as patient_count, AVG(billing_amount) as avg_billing\nFROM healthcare_view_masked\nGROUP BY medical_condition, ",
    "runs": 5,
    "wall_clock_median_ms": 34.39532298943959,
    "wall_clock_mean_ms": 36.048961596679874,
    "wall_clock_std_ms": 5.733738582149665,
    "execution_median_ms": 37.679,
    "execution_mean_ms": 39.161,
    "planning_median_ms": 0.148,
    "row_count": 12,
    "explain_plan": {
      "Plan": {
        "Node Type": "Limit",
        "Parallel Aware": false,
        "Async Capable": false,
        "Startup Cost": 4739.93,
        "Total Cost": 4739.96,
        "Plan Rows": 12,
        "Plan Width": 55,
        "Actual Startup Time": 35.628,
        "Actual Total Time": 37.614,
        "Actual Rows": 12,
        "Actual Loops": 1,
        "Shared Hit Blocks": 2128,
        "Shared Read Blocks": 0,
        "Shared Dirtied Blocks": 0,
        "Shared Written Blocks": 0,
        "Local Hit Blocks": 0,
        "Local Read Blocks": 0,
        "Local Dirtied Blocks": 0,
        "Local Written Blocks": 0,
        "Temp Read Blocks": 0,
        "Temp Written Blocks": 0,
        "Plans": [
          {
            "Node Type": "Sort",
            "Parent Relationship": "Outer",
            "Parallel Aware": false,
            "Async Capable": false,
            "Startup Cost": 4739.93,
            "Total Cost": 4739.96,
            "Plan Rows": 12,
            "Plan Width": 55,
            "Actual Startup Time": 35.627,
            "Actual Total Time": 37.612,
            "Actual Rows": 12,
            "Actual Loops": 1,
            "Sort Key": [
              "(count(*)) DESC"
            ],
            "Sort Method": "quicksort",
            "Sort Space Used": 25,
            "Sort Space Type": "Memory",
            "Shared Hit Blocks": 2128,
            "Shared Read Blocks": 0,
            "Shared Dirtied Blocks": 0,
            "Shared Written Blocks": 0,
            "Local Hit Blocks": 0,
            "Local Read Blocks": 0,
            "Local Dirtied Blocks": 0,
            "Local Written Blocks": 0,
            "Temp Read Blocks": 0,
            "Temp Written Blocks": 0,
            "Plans": [
              {
                "Node Type": "Aggregate",
                "Strategy": "Sorted",
                "Partial Mode": "Finalize",
                "Parent Relationship": "Outer",
                "Parallel Aware": false,
                "Async Capable": false,
                "Startup Cost": 4738.03,
                "Total Cost": 4739.71,
                "Plan Rows": 12,
                "Plan Width": 55,
                "Actual Startup Time": 35.603,
                "Actual Total Time": 37.605,
                "Actual Rows": 12,
                "Actual Loops": 1,
                "Group Key": [
                  "healthcare_raw_100000.medical_condition",
                  "healthcare_raw_100000.gender"
                ],
                "Shared Hit Blocks": 2128,
                "Shared Read Blocks": 0,
                "Shared Dirtied Blocks": 0,
                "Shared Written Blocks": 0,
                "Local Hit Blocks": 0,
                "Local Read Blocks": 0,
                "Local Dirtied Blocks": 0,
                "Local Written Blocks": 0,
                "Temp Read Blocks": 0,
                "Temp Written Blocks": 0,
                "Plans": [
                  {
                    "Node Type": "Gather Merge",
                    "Parent Relationship": "Outer",
                    "Parallel Aware": false,
                    "Async Capable": false,
                    "Startup Cost": 4738.03,
                    "Total Cost": 4739.41,
                    "Plan Rows": 12,
                    "Plan Width": 55,
                    "Actual Startup Time": 35.593,
                    "Actual Total Time": 37.581,
                    "Actual Rows": 24,
                    "Actual Loops": 1,
                    "Workers Planned": 1,
                    "Workers Launched": 1,
                    "Shared Hit Blocks": 2128,
                    "Shared Read Blocks": 0,
                    "Shared Dirtied Blocks": 0,
                    "Shared Written Blocks": 0,
                    "Local Hit Blocks": 0,
                    "Local Read Blocks": 0,
                    "Local Dirtied Blocks": 0,
                    "Local Written Blocks": 0,
                    "Temp Read Blocks": 0,
                    "Temp Written Blocks": 0,
                    "Plans": [
                      {
                        "Node Type": "Sort",
                        "Parent Relationship": "Outer",
                        "Parallel Aware": false,
                        "Async Capable": false,
                        "Startup Cost": 3738.02,
                        "Total Cost": 3738.05,
                        "Plan Rows": 12,
                        "Plan Width": 55,
                        "Actual Startup Time": 33.489,
                        "Actual Total Time": 33.491,
                        "Actual Rows": 12,
                        "Actual Loops": 2,
                        "Sort Key": [
                          "healthcare_raw_100000.medical_condition",
                          "healthcare_raw_100000.gender"
                        ],
                        "Sort Method": "quicksort",
                        "Sort Space Used": 26,
                        "Sort Space Type": "Memory",
                        "Shared Hit Blocks": 2128,
                        "Shared Read Blocks": 0,
                        "Shared Dirtied Blocks": 0,
                        "Shared Written Blocks": 0,
                        "Local Hit Blocks": 0,
                        "Local Read Blocks": 0,
                        "Local Dirtied Blocks": 0,
                        "Local Written Blocks": 0,
                        "Temp Read Blocks": 0,
                        "Temp Written Blocks": 0,
                        "Workers": [
                          {
                            "Worker Number": 0,
                            "Sort Method": "quicksort",
                            "Sort Space Used": 26,
                            "Sort Space Type": "Memory"
                          }
                        ],
                        "Plans": [
                          {
                            "Node Type": "Aggregate",
                            "Strategy": "Hashed",
                            "Partial Mode": "Partial",
                            "Parent Relationship": "Outer",
                            "Parallel Aware": false,
                            "Async Capable": false,
                            "Startup Cost": 3737.66,
                            "Total Cost": 3737.81,
                            "Plan Rows": 12,
                            "Plan Width": 55,
                            "Actual Startup Time": 33.454,
                            "Actual Total Time": 33.459,
                            "Actual Rows": 12,
                            "Actual Loops": 2,
                            "Group Key": [
                              "healthcare_raw_100000.medical_condition",
                              "healthcare_raw_100000.gender"
                            ],
                            "Planned Partitions": 0,
                            "HashAgg Batches": 1,
                            "Peak Memory Usage": 24,
                            "Disk Usage": 0,
                            "Shared Hit Blocks": 2120,
                            "Shared Read Blocks": 0,
                            "Shared Dirtied Blocks": 0,
                            "Shared Written Blocks": 0,
                            "Local Hit Blocks": 0,
                            "Local Read Blocks": 0,
                            "Local Dirtied Blocks": 0,
                            "Local Written Blocks": 0,
                            "Temp Read Blocks": 0,
                            "Temp Written Blocks": 0,
                            "Workers": [
                              {
                                "Worker Number": 0,
                                "HashAgg Batches": 1,
                                "Peak Memory Usage": 24,
                                "Disk Usage": 0
                              }
                            ],
                            "Plans": [
                              {
                                "Node Type": "Seq Scan",
                                "Parent Relationship": "Outer",
                                "Parallel Aware": true,
                                "Async Capable": false,
                                "Relation Name": "healthcare_raw_100000",
                                "Alias": "healthcare_raw_100000",
                                "Startup Cost": 0.0,
                                "Total Cost": 2708.24,
                                "Plan Rows": 58824,
                                "Plan Width": 23,
                                "Actual Startup Time": 0.005,
                                "Actual Total Time": 4.12,
                                "Actual Rows": 50000,
                                "Actual Loops": 2,
                                "Shared Hit Blocks": 2120,
                                "Shared Read Blocks": 0,
                                "Shared Dirtied Blocks": 0,
                                "Shared Written Blocks": 0,
                                "Local Hit Blocks": 0,
                                "Local Read Blocks": 0,
                                "Local Dirtied Blocks": 0,
                                "Local Written Blocks": 0,
                                "Temp Read Blocks": 0,
                                "Temp Written Blocks": 0,
                                "Workers": []
                              }
                            ]
                          }
                        ]
                      }
                    ]
                  }
                ]
              }
            ]
          }
        ]
      },
      "Planning": {
        "Shared Hit Blocks": 2,
        "Shared Read Blocks": 0,
        "Shared Dirtied Blocks": 0,
        "Shared Written Blocks": 0,
        "Local Hit Blocks": 0,
        "Local Read Blocks": 0,
        "Local Dirtied Blocks": 0,
        "Local Written Blocks": 0,
        "Temp Read Blocks": 0,
        "Temp Written Blocks": 0
      },
      "Planning Time": 0.15,
      "Triggers": [],
      "Execution Time": 37.679
    }
  }
]