[
  {
    "experiment": "baseline_view_distinct",
    "system": "view",
    "role": "postgres",
    "query_idx": 0,
    "query": "-- Workload 4: Distinct Count\n-- Tests: Impact of masking on cardinality estimation, HashAggregate performance\n\n-- Adult: Unique occupations by education level\nSELECT education, COUNT(DISTINCT occupat",
    "runs": 5,
    "wall_clock_median_ms": 89.75185098825023,
    "wall_clock_mean_ms": 101.30790259572677,
    "wall_clock_std_ms": 28.46628063914922,
    "execution_median_ms": 100.729,
    "execution_mean_ms": 116.0496,
    "planning_median_ms": 0.135,
    "row_count": 8,
    "explain_plan": {
      "Plan": {
        "Node Type": "Aggregate",
        "Strategy": "Sorted",
        "Partial Mode": "Simple",
        "Parallel Aware": false,
        "Async Capable": false,
        "Startup Cost": 12434.82,
        "Total Cost": 13685.18,
        "Plan Rows": 16,
        "Plan Width": 40,
        "Actual Startup Time": 79.781,
        "Actual Total Time": 99.938,
        "Actual Rows": 8,
        "Actual Loops": 1,
        "Group Key": [
          "(CASE WHEN (adult_raw_100000.education = ANY ('{Preschool,1st-4th,5th-6th,7th-8th,9th,10th,11th,12th}'::text[])) THEN 'Some-School'::text WHEN (adult_raw_100000.education = ANY ('{HS-grad,Some-college}'::text[])) THEN 'HS-Some-College'::text ELSE adult_raw_100000.education END)"
        ],
        "Shared Hit Blocks": 1880,
        "Shared Read Blocks": 0,
        "Shared Dirtied Blocks": 0,
        "Shared Written Blocks": 0,
        "Local Hit Blocks": 0,
        "Local Read Blocks": 0,
        "Local Dirtied Blocks": 0,
        "Local Written Blocks": 0,
        "Temp Read Blocks": 0,
        "Temp Written Blocks": 0,
        "Plans": [
          {
            "Node Type": "Sort",
            "Parent Relationship": "Outer",
            "Parallel Aware": false,
            "Async Capable": false,
            "Startup Cost": 12434.82,
            "Total Cost": 12684.82,
            "Plan Rows": 100000,
            "Plan Width": 45,
            "Actual Startup Time": 78.358,
            "Actual Total Time": 86.015,
            "Actual Rows": 100000,
            "Actual Loops": 1,
            "Sort Key": [
              "(CASE WHEN (adult_raw_100000.education = ANY ('{Preschool,1st-4th,5th-6th,7th-8th,9th,10th,11th,12th}'::text[])) THEN 'Some-School'::text WHEN (adult_raw_100000.education = ANY ('{HS-grad,Some-college}'::text[])) THEN 'HS-Some-College'::text ELSE adult_raw_100000.education END)",
              "(CASE WHEN (adult_raw_100000.occupation IS NULL) THEN NULL::text ELSE (\"substring\"(adult_raw_100000.occupation, 1, 3) || '***'::text) END)"
            ],
            "Sort Method": "quicksort",
            "Sort Space Used": 8225,
            "Sort Space Type": "Memory",
            "Shared Hit Blocks": 1880,
            "Shared Read Blocks": 0,
            "Shared Dirtied Blocks": 0,
            "Shared Written Blocks": 0,
            "Local Hit Blocks": 0,
            "Local Read Blocks": 0,
            "Local Dirtied Blocks": 0,
            "Local Written Blocks": 0,
            "Temp Read Blocks": 0,
            "Temp Written Blocks": 0,
            "Plans": [
              {
                "Node Type": "Seq Scan",
                "Parent Relationship": "Outer",
                "Parallel Aware": false,
                "Async Capable": false,
                "Relation Name": "adult_raw_100000",
                "Alias": "adult_raw_100000",
                "Startup Cost": 0.0,
                "Total Cost": 4130.0,
                "Plan Rows": 100000,
                "Plan Width": 45,
                "Actual Startup Time": 0.01,
                "Actual Total Time": 31.503,
                "Actual Rows": 100000,
                "Actual Loops": 1,
                "Shared Hit Blocks": 1880,
                "Shared Read Blocks": 0,
                "Shared Dirtied Blocks": 0,
                "Shared Written Blocks": 0,
                "Local Hit Blocks": 0,
                "Local Read Blocks": 0,
                "Local Dirtied Blocks": 0,
                "Local Written Blocks": 0,
                "Temp Read Blocks": 0,
                "Temp Written Blocks": 0
              }
            ]
          }
        ]
      },
      "Planning": {
        "Shared Hit Blocks": 0,
        "Shared Read Blocks": 0,
        "Shared Dirtied Blocks": 0,
        "Shared Written Blocks": 0,
        "Local Hit Blocks": 0,
        "Local Read Blocks": 0,
        "Local Dirtied Blocks": 0,
        "Local Written Blocks": 0,
        "Temp Read Blocks": 0,
        "Temp Written Blocks": 0
      },
      "Planning Time": 0.091,
      "Triggers": [],
      "Execution Time": 100.729
    }
  },
  {
    "experiment": "baseline_view_distinct",
    "system": "view",
    "role": "postgres",
    "query_idx": 1,
    "query": "-- Healthcare: Unique doctors per hospital\nSELECT hospital, COUNT(DISTINCT doctor) as doctor_count\nFROM healthcare_view_masked\nGROUP BY hospital\nORDER BY doctor_count DESC",
    "runs": 5,
    "wall_clock_median_ms": 385.2202650014078,
    "wall_clock_mean_ms": 392.3600137990434,
    "wall_clock_std_ms": 30.197363687797505,
    "execution_median_ms": 359.714,
    "execution_mean_ms": 374.8108,
    "planning_median_ms": 0.091,
    "row_count": 39292,
    "explain_plan": {
      "Plan": {
        "Node Type": "Sort",
        "Parallel Aware": false,
        "Async Capable": false,
        "Startup Cost": 15440.28,
        "Total Cost": 15521.66,
        "Plan Rows": 32553,
        "Plan Width": 25,
        "Actual Startup Time": 443.14,
        "Actual Total Time": 444.98,
        "Actual Rows": 39292,
        "Actual Loops": 1,
        "Sort Key": [
          "(count(DISTINCT (encode(digest(healthcare_raw_100000.doctor, 'sha256'::text), 'hex'::text)))) DESC"
        ],
        "Sort Method": "quicksort",
        "Sort Space Used": 3318,
        "Sort Space Type": "Memory",
        "Shared Hit Blocks": 2120,
        "Shared Read Blocks": 0,
        "Shared Dirtied Blocks": 0,
        "Shared Written Blocks": 0,
        "Local Hit Blocks": 0,
        "Local Read Blocks": 0,
        "Local Dirtied Blocks": 0,
        "Local Written Blocks": 0,
        "Temp Read Blocks": 0,
        "Temp Written Blocks": 0,
        "Plans": [
          {
            "Node Type": "Aggregate",
            "Strategy": "Sorted",
            "Partial Mode": "Simple",
            "Parent Relationship": "Outer",
            "Parallel Aware": false,
            "Async Capable": false,
            "Startup Cost": 11424.82,
            "Total Cost": 13000.35,
            "Plan Rows": 32553,
            "Plan Width": 25,
            "Actual Startup Time": 411.252,
            "Actual Total Time": 439.074,
            "Actual Rows": 39292,
            "Actual Loops": 1,
            "Group Key": [
              "healthcare_raw_100000.hospital"
            ],
            "Shared Hit Blocks": 2120,
            "Shared Read Blocks": 0,
            "Shared Dirtied Blocks": 0,
            "Shared Written Blocks": 0,
            "Local Hit Blocks": 0,
            "Local Read Blocks": 0,
            "Local Dirtied Blocks": 0,
            "Local Written Blocks": 0,
            "Temp Read Blocks": 0,
            "Temp Written Blocks": 0,
            "Plans": [
              {
                "Node Type": "Sort",
                "Parent Relationship": "Outer",
                "Parallel Aware": false,
                "Async Capable": false,
                "Startup Cost": 11424.82,
                "Total Cost": 11674.82,
                "Plan Rows": 100000,
                "Plan Width": 31,
                "Actual Startup Time": 411.239,
                "Actual Total Time": 419.921,
                "Actual Rows": 100000,
                "Actual Loops": 1,
                "Sort Key": [
                  "healthcare_raw_100000.hospital",
                  "(encode(digest(healthcare_raw_100000.doctor, 'sha256'::text), 'hex'::text))"
                ],
                "Sort Method": "quicksort",
                "Sort Space Used": 14443,
                "Sort Space Type": "Memory",
                "Shared Hit Blocks": 2120,
                "Shared Read Blocks": 0,
                "Shared Dirtied Blocks": 0,
                "Shared Written Blocks": 0,
                "Local Hit Blocks": 0,
                "Local Read Blocks": 0,
                "Local Dirtied Blocks": 0,
                "Local Written Blocks": 0,
                "Temp Read Blocks": 0,
                "Temp Written Blocks": 0,
                "Plans": [
                  {
                    "Node Type": "Seq Scan",
                    "Parent Relationship": "Outer",
                    "Parallel Aware": false,
                    "Async Capable": false,
                    "Relation Name": "healthcare_raw_100000",
                    "Alias": "healthcare_raw_100000",
                    "Startup Cost": 0.0,
                    "Total Cost": 3120.0,
                    "Plan Rows": 100000,
                    "Plan Width": 31,
                    "Actual Startup Time": 0.036,
                    "Actual Total Time": 94.393,
                    "Actual Rows": 100000,
                    "Actual Loops": 1,
                    "Shared Hit Blocks": 2120,
                    "Shared Read Blocks": 0,
                    "Shared Dirtied Blocks": 0,
                    "Shared Written Blocks": 0,
                    "Local Hit Blocks": 0,
                    "Local Read Blocks": 0,
                    "Local Dirtied Blocks": 0,
                    "Local Written Blocks": 0,
                    "Temp Read Blocks": 0,
                    "Temp Written Blocks": 0
                  }
                ]
              }
            ]
          }
        ]
      },
      "Planning": {
        "Shared Hit Blocks": 0,
        "Shared Read Blocks": 0,
        "Shared Dirtied Blocks": 0,
        "Shared Written Blocks": 0,
        "Local Hit Blocks": 0,
        "Local Read Blocks": 0,
        "Local Dirtied Blocks": 0,
        "Local Written Blocks": 0,
        "Temp Read Blocks": 0,
        "Temp Written Blocks": 0
      },
      "Planning Time": 0.094,
      "Triggers": [],
      "Execution Time": 447.51
    }
  }
]