[
  {
    "experiment": "baseline_raw_topk",
    "system": "raw",
    "role": "postgres",
    "query_idx": 0,
    "query": "-- Workload 5: Top-K Analytic Query\n-- Tests: Sort performance, window functions, masking impact on ordering\n\n-- Adult: Top 10 most common occupations with income stats\nSELECT occupation, \n       COUN",
    "runs": 5,
    "wall_clock_median_ms": 22.401182999601588,
    "wall_clock_mean_ms": 24.133768401225097,
    "wall_clock_std_ms": 4.853456071380238,
    "execution_median_ms": 35.224,
    "execution_mean_ms": 36.3762,
    "planning_median_ms": 0.091,
    "row_count": 10,
    "explain_plan": {
      "Plan": {
        "Node Type": "Limit",
        "Parallel Aware": false,
        "Async Capable": false,
        "Startup Cost": 4073.42,
        "Total Cost": 4073.44,
        "Plan Rows": 10,
        "Plan Width": 85,
        "Actual Startup Time": 35.176,
        "Actual Total Time": 35.178,
        "Actual Rows": 10,
        "Actual Loops": 1,
        "Shared Hit Blocks": 1880,
        "Shared Read Blocks": 0,
        "Shared Dirtied Blocks": 0,
        "Shared Written Blocks": 0,
        "Local Hit Blocks": 0,
        "Local Read Blocks": 0,
        "Local Dirtied Blocks": 0,
        "Local Written Blocks": 0,
        "Temp Read Blocks": 0,
        "Temp Written Blocks": 0,
        "Plans": [
          {
            "Node Type": "Sort",
            "Parent Relationship": "Outer",
            "Parallel Aware": false,
            "Async Capable": false,
            "Startup Cost": 4073.42,
            "Total Cost": 4073.46,
            "Plan Rows": 15,
            "Plan Width": 85,
            "Actual Startup Time": 35.175,
            "Actual Total Time": 35.176,
            "Actual Rows": 10,
            "Actual Loops": 1,
            "Sort Key": [
              "(count(*)) DESC"
            ],
            "Sort Method": "quicksort",
            "Sort Space Used": 26,
            "Sort Space Type": "Memory",
            "Shared Hit Blocks": 1880,
            "Shared Read Blocks": 0,
            "Shared Dirtied Blocks": 0,
            "Shared Written Blocks": 0,
            "Local Hit Blocks": 0,
            "Local Read Blocks": 0,
            "Local Dirtied Blocks": 0,
            "Local Written Blocks": 0,
            "Temp Read Blocks": 0,
            "Temp Written Blocks": 0,
            "Plans": [
              {
                "Node Type": "Aggregate",
                "Strategy": "Hashed",
                "Partial Mode": "Simple",
                "Parent Relationship": "Outer",
                "Parallel Aware": false,
                "Async Capable": false,
                "Startup Cost": 4072.9,
                "Total Cost": 4073.12,
                "Plan Rows": 15,
                "Plan Width": 85,
                "Actual Startup Time": 35.162,
                "Actual Total Time": 35.167,
                "Actual Rows": 14,
                "Actual Loops": 1,
                "Group Key": [
                  "occupation"
                ],
                "Planned Partitions": 0,
                "HashAgg Batches": 1,
                "Peak Memory Usage": 24,
                "Disk Usage": 0,
                "Shared Hit Blocks": 1880,
                "Shared Read Blocks": 0,
                "Shared Dirtied Blocks": 0,
                "Shared Written Blocks": 0,
                "Local Hit Blocks": 0,
                "Local Read Blocks": 0,
                "Local Dirtied Blocks": 0,
                "Local Written Blocks": 0,
                "Temp Read Blocks": 0,
                "Temp Written Blocks": 0,
                "Plans": [
                  {
                    "Node Type": "Seq Scan",
                    "Parent Relationship": "Outer",
                    "Parallel Aware": false,
                    "Async Capable": false,
                    "Relation Name": "adult_raw_100000",
                    "Alias": "adult_raw_100000",
                    "Startup Cost": 0.0,
                    "Total Cost": 3130.0,
                    "Plan Rows": 94290,
                    "Plan Width": 21,
                    "Actual Startup Time": 0.008,
                    "Actual Total Time": 13.695,
                    "Actual Rows": 94272,
                    "Actual Loops": 1,
                    "Filter": "((occupation IS NOT NULL) AND (occupation <> '?'::text))",
                    "Rows Removed by Filter": 5728,
                    "Shared Hit Blocks": 1880,
                    "Shared Read Blocks": 0,
                    "Shared Dirtied Blocks": 0,
                    "Shared Written Blocks": 0,
                    "Local Hit Blocks": 0,
                    "Local Read Blocks": 0,
                    "Local Dirtied Blocks": 0,
                    "Local Written Blocks": 0,
                    "Temp Read Blocks": 0,
                    "Temp Written Blocks": 0
                  }
                ]
              }
            ]
          }
        ]
      },
      "Planning": {
        "Shared Hit Blocks": 0,
        "Shared Read Blocks": 0,
        "Shared Dirtied Blocks": 0,
        "Shared Written Blocks": 0,
        "Local Hit Blocks": 0,
        "Local Read Blocks": 0,
        "Local Dirtied Blocks": 0,
        "Local Written Blocks": 0,
        "Temp Read Blocks": 0,
        "Temp Written Blocks": 0
      },
      "Planning Time": 0.091,
      "Triggers": [],
      "Execution Time": 35.224
    }
  },
  {
    "experiment": "baseline_raw_topk",
    "system": "raw",
    "role": "postgres",
    "query_idx": 1,
    "query": "-- Healthcare: Top medications by usage with billing stats\nSELECT medication,\n       COUNT(*) as prescription_count,\n       AVG(billing_amount) as avg_cost,\n       MIN(billing_amount) as min_cost,\n   ",
    "runs": 5,
    "wall_clock_median_ms": 38.9416060061194,
    "wall_clock_mean_ms": 40.42395360011142,
    "wall_clock_std_ms": 4.266395944324688,
    "execution_median_ms": 41.456,
    "execution_mean_ms": 42.1052,
    "planning_median_ms": 0.094,
    "row_count": 5,
    "explain_plan": {
      "Plan": {
        "Node Type": "Limit",
        "Parallel Aware": false,
        "Async Capable": false,
        "Startup Cost": 4370.12,
        "Total Cost": 4370.13,
        "Plan Rows": 5,
        "Plan Width": 113,
        "Actual Startup Time": 36.744,
        "Actual Total Time": 36.747,
        "Actual Rows": 5,
        "Actual Loops": 1,
        "Shared Hit Blocks": 2120,
        "Shared Read Blocks": 0,
        "Shared Dirtied Blocks": 0,
        "Shared Written Blocks": 0,
        "Local Hit Blocks": 0,
        "Local Read Blocks": 0,
        "Local Dirtied Blocks": 0,
        "Local Written Blocks": 0,
        "Temp Read Blocks": 0,
        "Temp Written Blocks": 0,
        "Plans": [
          {
            "Node Type": "Sort",
            "Parent Relationship": "Outer",
            "Parallel Aware": false,
            "Async Capable": false,
            "Startup Cost": 4370.12,
            "Total Cost": 4370.13,
            "Plan Rows": 5,
            "Plan Width": 113,
            "Actual Startup Time": 36.743,
            "Actual Total Time": 36.744,
            "Actual Rows": 5,
            "Actual Loops": 1,
            "Sort Key": [
              "(count(*)) DESC"
            ],
            "Sort Method": "quicksort",
            "Sort Space Used": 25,
            "Sort Space Type": "Memory",
            "Shared Hit Blocks": 2120,
            "Shared Read Blocks": 0,
            "Shared Dirtied Blocks": 0,
            "Shared Written Blocks": 0,
            "Local Hit Blocks": 0,
            "Local Read Blocks": 0,
            "Local Dirtied Blocks": 0,
            "Local Written Blocks": 0,
            "Temp Read Blocks": 0,
            "Temp Written Blocks": 0,
            "Plans": [
              {
                "Node Type": "Aggregate",
                "Strategy": "Hashed",
                "Partial Mode": "Simple",
                "Parent Relationship": "Outer",
                "Parallel Aware": false,
                "Async Capable": false,
                "Startup Cost": 4370.0,
                "Total Cost": 4370.06,
                "Plan Rows": 5,
                "Plan Width": 113,
                "Actual Startup Time": 36.735,
                "Actual Total Time": 36.737,
                "Actual Rows": 5,
                "Actual Loops": 1,
                "Group Key": [
                  "medication"
                ],
                "Planned Partitions": 0,
                "HashAgg Batches": 1,
                "Peak Memory Usage": 24,
                "Disk Usage": 0,
                "Shared Hit Blocks": 2120,
                "Shared Read Blocks": 0,
                "Shared Dirtied Blocks": 0,
                "Shared Written Blocks": 0,
                "Local Hit Blocks": 0,
                "Local Read Blocks": 0,
                "Local Dirtied Blocks": 0,
                "Local Written Blocks": 0,
                "Temp Read Blocks": 0,
                "Temp Written Blocks": 0,
                "Plans": [
                  {
                    "Node Type": "Seq Scan",
                    "Parent Relationship": "Outer",
                    "Parallel Aware": false,
                    "Async Capable": false,
                    "Relation Name": "healthcare_raw_100000",
                    "Alias": "healthcare_raw_100000",
                    "Startup Cost": 0.0,
                    "Total Cost": 3120.0,
                    "Plan Rows": 100000,
                    "Plan Width": 17,
                    "Actual Startup Time": 0.005,
                    "Actual Total Time": 11.998,
                    "Actual Rows": 100000,
                    "Actual Loops": 1,
                    "Filter": "(medication IS NOT NULL)",
                    "Rows Removed by Filter": 0,
                    "Shared Hit Blocks": 2120,
                    "Shared Read Blocks": 0,
                    "Shared Dirtied Blocks": 0,
                    "Shared Written Blocks": 0,
                    "Local Hit Blocks": 0,
                    "Local Read Blocks": 0,
                    "Local Dirtied Blocks": 0,
                    "Local Written Blocks": 0,
                    "Temp Read Blocks": 0,
                    "Temp Written Blocks": 0
                  }
                ]
              }
            ]
          }
        ]
      },
      "Planning": {
        "Shared Hit Blocks": 0,
        "Shared Read Blocks": 0,
        "Shared Dirtied Blocks": 0,
        "Shared Written Blocks": 0,
        "Local Hit Blocks": 0,
        "Local Read Blocks": 0,
        "Local Dirtied Blocks": 0,
        "Local Written Blocks": 0,
        "Temp Read Blocks": 0,
        "Temp Written Blocks": 0
      },
      "Planning Time": 0.069,
      "Triggers": [],
      "Execution Time": 36.78
    }
  }
]