{
  "config": {
    "description": "Baseline experiments on 100k dataset",
    "experiments": [
      {
        "name": "baseline_raw_point_lookup",
        "system": "raw",
        "workload": "point_lookup.sql",
        "role": "postgres",
        "runs": 5,
        "warmup": 3,
        "cold_cache": false
      },
      {
        "name": "baseline_raw_range",
        "system": "raw",
        "workload": "range_query.sql",
        "role": "postgres",
        "runs": 5,
        "warmup": 3
      },
      {
        "name": "baseline_raw_groupby",
        "system": "raw",
        "workload": "groupby_aggregate.sql",
        "role": "postgres",
        "runs": 5,
        "warmup": 3
      },
      {
        "name": "baseline_raw_distinct",
        "system": "raw",
        "workload": "distinct_count.sql",
        "role": "postgres",
        "runs": 5,
        "warmup": 3
      },
      {
        "name": "baseline_raw_topk",
        "system": "raw",
        "workload": "topk_analytic.sql",
        "role": "postgres",
        "runs": 5,
        "warmup": 3
      },
      {
        "name": "baseline_view_point_lookup",
        "system": "view",
        "workload": "point_lookup.sql",
        "role": "postgres",
        "runs": 5,
        "warmup": 3
      },
      {
        "name": "baseline_view_range",
        "system": "view",
        "workload": "range_query.sql",
        "role": "postgres",
        "runs": 5,
        "warmup": 3
      },
      {
        "name": "baseline_view_groupby",
        "system": "view",
        "workload": "groupby_aggregate.sql",
        "role": "postgres",
        "runs": 5,
        "warmup": 3
      },
      {
        "name": "baseline_view_distinct",
        "system": "view",
        "workload": "distinct_count.sql",
        "role": "postgres",
        "runs": 5,
        "warmup": 3
      },
      {
        "name": "baseline_view_topk",
        "system": "view",
        "workload": "topk_analytic.sql",
        "role": "postgres",
        "runs": 5,
        "warmup": 3
      },
      {
        "name": "anon_dynamic_point_lookup",
        "system": "dynamic",
        "workload": "point_lookup.sql",
        "role": "masked_user",
        "runs": 5,
        "warmup": 3
      },
      {
        "name": "anon_dynamic_range",
        "system": "dynamic",
        "workload": "range_query.sql",
        "role": "masked_user",
        "runs": 5,
        "warmup": 3
      },
      {
        "name": "anon_dynamic_groupby",
        "system": "dynamic",
        "workload": "groupby_aggregate.sql",
        "role": "masked_user",
        "runs": 5,
        "warmup": 3
      },
      {
        "name": "anon_dynamic_distinct",
        "system": "dynamic",
        "workload": "distinct_count.sql",
        "role": "masked_user",
        "runs": 5,
        "warmup": 3
      },
      {
        "name": "anon_dynamic_topk",
        "system": "dynamic",
        "workload": "topk_analytic.sql",
        "role": "masked_user",
        "runs": 5,
        "warmup": 3
      },
      {
        "name": "anon_static_point_lookup",
        "system": "static",
        "workload": "point_lookup.sql",
        "role": "postgres",
        "runs": 5,
        "warmup": 3
      },
      {
        "name": "anon_static_range",
        "system": "static",
        "workload": "range_query.sql",
        "role": "postgres",
        "runs": 5,
        "warmup": 3
      },
      {
        "name": "anon_static_groupby",
        "system": "static",
        "workload": "groupby_aggregate.sql",
        "role": "postgres",
        "runs": 5,
        "warmup": 3
      },
      {
        "name": "anon_static_distinct",
        "system": "static",
        "workload": "distinct_count.sql",
        "role": "postgres",
        "runs": 5,
        "warmup": 3
      },
      {
        "name": "anon_static_topk",
        "system": "static",
        "workload": "topk_analytic.sql",
        "role": "postgres",
        "runs": 5,
        "warmup": 3
      }
    ]
  },
  "results": [
    {
      "experiment": "baseline_raw_point_lookup",
      "system": "raw",
      "role": "postgres",
      "query_idx": 0,
      "query": "-- Workload 1: Point Lookup\n-- Tests: Index scan performance, masking overhead on single row\n\n-- Adult table\nSELECT * FROM adult_raw_100000 WHERE id = 5000",
      "runs": 5,
      "wall_clock_median_ms": 1.21406301332172,
      "wall_clock_mean_ms": 1.2140090024331585,
      "wall_clock_std_ms": 0.07085488143724614,
      "execution_median_ms": 0.027,
      "execution_mean_ms": 0.0314,
      "planning_median_ms": 0.07,
      "row_count": 1,
      "explain_plan": {
        "Plan": {
          "Node Type": "Index Scan",
          "Parallel Aware": false,
          "Async Capable": false,
          "Scan Direction": "Forward",
          "Index Name": "adult_raw_100000_pkey",
          "Relation Name": "adult_raw_100000",
          "Alias": "adult_raw_100000",
          "Startup Cost": 0.29,
          "Total Cost": 2.51,
          "Plan Rows": 1,
          "Plan Width": 112,
          "Actual Startup Time": 0.02,
          "Actual Total Time": 0.022,
          "Actual Rows": 1,
          "Actual Loops": 1,
          "Index Cond": "(id = 5000)",
          "Rows Removed by Index Recheck": 0,
          "Shared Hit Blocks": 3,
          "Shared Read Blocks": 0,
          "Shared Dirtied Blocks": 0,
          "Shared Written Blocks": 0,
          "Local Hit Blocks": 0,
          "Local Read Blocks": 0,
          "Local Dirtied Blocks": 0,
          "Local Written Blocks": 0,
          "Temp Read Blocks": 0,
          "Temp Written Blocks": 0
        },
        "Planning": {
          "Shared Hit Blocks": 0,
          "Shared Read Blocks": 0,
          "Shared Dirtied Blocks": 0,
          "Shared Written Blocks": 0,
          "Local Hit Blocks": 0,
          "Local Read Blocks": 0,
          "Local Dirtied Blocks": 0,
          "Local Written Blocks": 0,
          "Temp Read Blocks": 0,
          "Temp Written Blocks": 0
        },
        "Planning Time": 0.064,
        "Triggers": [],
        "Execution Time": 0.042
      }
    },
    {
      "experiment": "baseline_raw_point_lookup",
      "system": "raw",
      "role": "postgres",
      "query_idx": 1,
      "query": "-- Healthcare table  \nSELECT * FROM healthcare_raw_100000 WHERE id = 5000",
      "runs": 5,
      "wall_clock_median_ms": 1.1766259995056316,
      "wall_clock_mean_ms": 1.1445076030213386,
      "wall_clock_std_ms": 0.09306290157372592,
      "execution_median_ms": 0.041,
      "execution_mean_ms": 0.0402,
      "planning_median_ms": 0.079,
      "row_count": 1,
      "explain_plan": {
        "Plan": {
          "Node Type": "Index Scan",
          "Parallel Aware": false,
          "Async Capable": false,
          "Scan Direction": "Forward",
          "Index Name": "healthcare_raw_100000_pkey",
          "Relation Name": "healthcare_raw_100000",
          "Alias": "healthcare_raw_100000",
          "Startup Cost": 0.29,
          "Total Cost": 2.51,
          "Plan Rows": 1,
          "Plan Width": 126,
          "Actual Startup Time": 0.007,
          "Actual Total Time": 0.008,
          "Actual Rows": 1,
          "Actual Loops": 1,
          "Index Cond": "(id = 5000)",
          "Rows Removed by Index Recheck": 0,
          "Shared Hit Blocks": 3,
          "Shared Read Blocks": 0,
          "Shared Dirtied Blocks": 0,
          "Shared Written Blocks": 0,
          "Local Hit Blocks": 0,
          "Local Read Blocks": 0,
          "Local Dirtied Blocks": 0,
          "Local Written Blocks": 0,
          "Temp Read Blocks": 0,
          "Temp Written Blocks": 0
        },
        "Planning": {
          "Shared Hit Blocks": 0,
          "Shared Read Blocks": 0,
          "Shared Dirtied Blocks": 0,
          "Shared Written Blocks": 0,
          "Local Hit Blocks": 0,
          "Local Read Blocks": 0,
          "Local Dirtied Blocks": 0,
          "Local Written Blocks": 0,
          "Temp Read Blocks": 0,
          "Temp Written Blocks": 0
        },
        "Planning Time": 0.054,
        "Triggers": [],
        "Execution Time": 0.023
      }
    },
    {
      "experiment": "baseline_raw_range",
      "system": "raw",
      "role": "postgres",
      "query_idx": 0,
      "query": "-- Workload 2: Range Query with Aggregation\n-- Tests: Sequential scan, aggregation performance, masking impact on filtering\n\n-- Adult: Count people in age range\nSELECT COUNT(*) FROM adult_raw_100000 W",
      "runs": 5,
      "wall_clock_median_ms": 12.518498988356441,
      "wall_clock_mean_ms": 14.360927997040562,
      "wall_clock_std_ms": 4.939148760901755,
      "execution_median_ms": 15.484,
      "execution_mean_ms": 21.334,
      "planning_median_ms": 0.098,
      "row_count": 1,
      "explain_plan": {
        "Plan": {
          "Node Type": "Aggregate",
          "Strategy": "Plain",
          "Partial Mode": "Simple",
          "Parallel Aware": false,
          "Async Capable": false,
          "Startup Cost": 3512.83,
          "Total Cost": 3512.84,
          "Plan Rows": 1,
          "Plan Width": 8,
          "Actual Startup Time": 24.531,
          "Actual Total Time": 24.539,
          "Actual Rows": 1,
          "Actual Loops": 1,
          "Shared Hit Blocks": 1880,
          "Shared Read Blocks": 0,
          "Shared Dirtied Blocks": 0,
          "Shared Written Blocks": 0,
          "Local Hit Blocks": 0,
          "Local Read Blocks": 0,
          "Local Dirtied Blocks": 0,
          "Local Written Blocks": 0,
          "Temp Read Blocks": 0,
          "Temp Written Blocks": 0,
          "Plans": [
            {
              "Node Type": "Seq Scan",
              "Parent Relationship": "Outer",
              "Parallel Aware": false,
              "Async Capable": false,
              "Relation Name": "adult_raw_100000",
              "Alias": "adult_raw_100000",
              "Startup Cost": 0.0,
              "Total Cost": 3380.0,
              "Plan Rows": 53133,
              "Plan Width": 0,
              "Actual Startup Time": 0.011,
              "Actual Total Time": 18.788,
              "Actual Rows": 53355,
              "Actual Loops": 1,
              "Filter": "((age >= 25) AND (age <= 45))",
              "Rows Removed by Filter": 46645,
              "Shared Hit Blocks": 1880,
              "Shared Read Blocks": 0,
              "Shared Dirtied Blocks": 0,
              "Shared Written Blocks": 0,
              "Local Hit Blocks": 0,
              "Local Read Blocks": 0,
              "Local Dirtied Blocks": 0,
              "Local Written Blocks": 0,
              "Temp Read Blocks": 0,
              "Temp Written Blocks": 0
            }
          ]
        },
        "Planning": {
          "Shared Hit Blocks": 0,
          "Shared Read Blocks": 0,
          "Shared Dirtied Blocks": 0,
          "Shared Written Blocks": 0,
          "Local Hit Blocks": 0,
          "Local Read Blocks": 0,
          "Local Dirtied Blocks": 0,
          "Local Written Blocks": 0,
          "Temp Read Blocks": 0,
          "Temp Written Blocks": 0
        },
        "Planning Time": 0.117,
        "Triggers": [],
        "Execution Time": 24.587
      }
    },
    {
      "experiment": "baseline_raw_range",
      "system": "raw",
      "role": "postgres",
      "query_idx": 1,
      "query": "-- Healthcare: Average billing in age range\nSELECT AVG(billing_amount) FROM healthcare_raw_100000 WHERE age BETWEEN 30 AND 50",
      "runs": 5,
      "wall_clock_median_ms": 11.47919699724298,
      "wall_clock_mean_ms": 11.528852197807282,
      "wall_clock_std_ms": 1.8617269939201475,
      "execution_median_ms": 11.022,
      "execution_mean_ms": 11.096,
      "planning_median_ms": 0.056,
      "row_count": 1,
      "explain_plan": {
        "Plan": {
          "Node Type": "Aggregate",
          "Strategy": "Plain",
          "Partial Mode": "Simple",
          "Parallel Aware": false,
          "Async Capable": false,
          "Startup Cost": 3698.32,
          "Total Cost": 3698.33,
          "Plan Rows": 1,
          "Plan Width": 32,
          "Actual Startup Time": 11.06,
          "Actual Total Time": 11.062,
          "Actual Rows": 1,
          "Actual Loops": 1,
          "Shared Hit Blocks": 2120,
          "Shared Read Blocks": 0,
          "Shared Dirtied Blocks": 0,
          "Shared Written Blocks": 0,
          "Local Hit Blocks": 0,
          "Local Read Blocks": 0,
          "Local Dirtied Blocks": 0,
          "Local Written Blocks": 0,
          "Temp Read Blocks": 0,
          "Temp Written Blocks": 0,
          "Plans": [
            {
              "Node Type": "Seq Scan",
              "Parent Relationship": "Outer",
              "Parallel Aware": false,
              "Async Capable": false,
              "Relation Name": "healthcare_raw_100000",
              "Alias": "healthcare_raw_100000",
              "Startup Cost": 0.0,
              "Total Cost": 3620.0,
              "Plan Rows": 31327,
              "Plan Width": 8,
              "Actual Startup Time": 0.005,
              "Actual Total Time": 7.563,
              "Actual Rows": 30794,
              "Actual Loops": 1,
              "Filter": "((age >= 30) AND (age <= 50))",
              "Rows Removed by Filter": 69206,
              "Shared Hit Blocks": 2120,
              "Shared Read Blocks": 0,
              "Shared Dirtied Blocks": 0,
              "Shared Written Blocks": 0,
              "Local Hit Blocks": 0,
              "Local Read Blocks": 0,
              "Local Dirtied Blocks": 0,
              "Local Written Blocks": 0,
              "Temp Read Blocks": 0,
              "Temp Written Blocks": 0
            }
          ]
        },
        "Planning": {
          "Shared Hit Blocks": 0,
          "Shared Read Blocks": 0,
          "Shared Dirtied Blocks": 0,
          "Shared Written Blocks": 0,
          "Local Hit Blocks": 0,
          "Local Read Blocks": 0,
          "Local Dirtied Blocks": 0,
          "Local Written Blocks": 0,
          "Temp Read Blocks": 0,
          "Temp Written Blocks": 0
        },
        "Planning Time": 0.053,
        "Triggers": [],
        "Execution Time": 11.09
      }
    },
    {
      "experiment": "baseline_raw_groupby",
      "system": "raw",
      "role": "postgres",
      "query_idx": 0,
      "query": "-- Workload 3: Group By Aggregation\n-- Tests: Hash aggregate performance, impact of masked columns on grouping\n\n-- Adult: Income distribution by education\nSELECT education, income, COUNT(*) as cnt, AV",
      "runs": 5,
      "wall_clock_median_ms": 24.789250994217582,
      "wall_clock_mean_ms": 24.769411998568103,
      "wall_clock_std_ms": 2.571955998599282,
      "execution_median_ms": 28.866,
      "execution_mean_ms": 29.5104,
      "planning_median_ms": 0.081,
      "row_count": 20,
      "explain_plan": {
        "Plan": {
          "Node Type": "Limit",
          "Parallel Aware": false,
          "Async Capable": false,
          "Startup Cost": 3881.2,
          "Total Cost": 3881.25,
          "Plan Rows": 20,
          "Plan Width": 54,
          "Actual Startup Time": 24.058,
          "Actual Total Time": 24.061,
          "Actual Rows": 20,
          "Actual Loops": 1,
          "Shared Hit Blocks": 1880,
          "Shared Read Blocks": 0,
          "Shared Dirtied Blocks": 0,
          "Shared Written Blocks": 0,
          "Local Hit Blocks": 0,
          "Local Read Blocks": 0,
          "Local Dirtied Blocks": 0,
          "Local Written Blocks": 0,
          "Temp Read Blocks": 0,
          "Temp Written Blocks": 0,
          "Plans": [
            {
              "Node Type": "Sort",
              "Parent Relationship": "Outer",
              "Parallel Aware": false,
              "Async Capable": false,
              "Startup Cost": 3881.2,
              "Total Cost": 3881.28,
              "Plan Rows": 32,
              "Plan Width": 54,
              "Actual Startup Time": 24.057,
              "Actual Total Time": 24.058,
              "Actual Rows": 20,
              "Actual Loops": 1,
              "Sort Key": [
                "(count(*)) DESC"
              ],
              "Sort Method": "quicksort",
              "Sort Space Used": 27,
              "Sort Space Type": "Memory",
              "Shared Hit Blocks": 1880,
              "Shared Read Blocks": 0,
              "Shared Dirtied Blocks": 0,
              "Shared Written Blocks": 0,
              "Local Hit Blocks": 0,
              "Local Read Blocks": 0,
              "Local Dirtied Blocks": 0,
              "Local Written Blocks": 0,
              "Temp Read Blocks": 0,
              "Temp Written Blocks": 0,
              "Plans": [
                {
                  "Node Type": "Aggregate",
                  "Strategy": "Hashed",
                  "Partial Mode": "Simple",
                  "Parent Relationship": "Outer",
                  "Parallel Aware": false,
                  "Async Capable": false,
                  "Startup Cost": 3880.0,
                  "Total Cost": 3880.4,
                  "Plan Rows": 32,
                  "Plan Width": 54,
                  "Actual Startup Time": 23.996,
                  "Actual Total Time": 24.005,
                  "Actual Rows": 32,
                  "Actual Loops": 1,
                  "Group Key": [
                    "education",
                    "income"
                  ],
                  "Planned Partitions": 0,
                  "HashAgg Batches": 1,
                  "Peak Memory Usage": 24,
                  "Disk Usage": 0,
                  "Shared Hit Blocks": 1880,
                  "Shared Read Blocks": 0,
                  "Shared Dirtied Blocks": 0,
                  "Shared Written Blocks": 0,
                  "Local Hit Blocks": 0,
                  "Local Read Blocks": 0,
                  "Local Dirtied Blocks": 0,
                  "Local Written Blocks": 0,
                  "Temp Read Blocks": 0,
                  "Temp Written Blocks": 0,
                  "Plans": [
                    {
                      "Node Type": "Seq Scan",
                      "Parent Relationship": "Outer",
                      "Parallel Aware": false,
                      "Async Capable": false,
                      "Relation Name": "adult_raw_100000",
                      "Alias": "adult_raw_100000",
                      "Startup Cost": 0.0,
                      "Total Cost": 2880.0,
                      "Plan Rows": 100000,
                      "Plan Width": 18,
                      "Actual Startup Time": 0.005,
                      "Actual Total Time": 4.281,
                      "Actual Rows": 100000,
                      "Actual Loops": 1,
                      "Shared Hit Blocks": 1880,
                      "Shared Read Blocks": 0,
                      "Shared Dirtied Blocks": 0,
                      "Shared Written Blocks": 0,
                      "Local Hit Blocks": 0,
                      "Local Read Blocks": 0,
                      "Local Dirtied Blocks": 0,
                      "Local Written Blocks": 0,
                      "Temp Read Blocks": 0,
                      "Temp Written Blocks": 0
                    }
                  ]
                }
              ]
            }
          ]
        },
        "Planning": {
          "Shared Hit Blocks": 2,
          "Shared Read Blocks": 0,
          "Shared Dirtied Blocks": 0,
          "Shared Written Blocks": 0,
          "Local Hit Blocks": 0,
          "Local Read Blocks": 0,
          "Local Dirtied Blocks": 0,
          "Local Written Blocks": 0,
          "Temp Read Blocks": 0,
          "Temp Written Blocks": 0
        },
        "Planning Time": 0.073,
        "Triggers": [],
        "Execution Time": 24.181
      }
    },
    {
      "experiment": "baseline_raw_groupby",
      "system": "raw",
      "role": "postgres",
      "query_idx": 1,
      "query": "-- Healthcare: Condition distribution by gender\nSELECT medical_condition, gender, COUNT(*) as patient_count, AVG(billing_amount) as avg_billing\nFROM healthcare_raw_100000\nGROUP BY medical_condition, g",
      "runs": 5,
      "wall_clock_median_ms": 28.436321998015046,
      "wall_clock_mean_ms": 29.111026402097195,
      "wall_clock_std_ms": 2.5636498843470763,
      "execution_median_ms": 34.256,
      "execution_mean_ms": 33.6606,
      "planning_median_ms": 0.086,
      "row_count": 12,
      "explain_plan": {
        "Plan": {
          "Node Type": "Limit",
          "Parallel Aware": false,
          "Async Capable": false,
          "Startup Cost": 4120.37,
          "Total Cost": 4120.4,
          "Plan Rows": 12,
          "Plan Width": 55,
          "Actual Startup Time": 30.939,
          "Actual Total Time": 30.941,
          "Actual Rows": 12,
          "Actual Loops": 1,
          "Shared Hit Blocks": 2120,
          "Shared Read Blocks": 0,
          "Shared Dirtied Blocks": 0,
          "Shared Written Blocks": 0,
          "Local Hit Blocks": 0,
          "Local Read Blocks": 0,
          "Local Dirtied Blocks": 0,
          "Local Written Blocks": 0,
          "Temp Read Blocks": 0,
          "Temp Written Blocks": 0,
          "Plans": [
            {
              "Node Type": "Sort",
              "Parent Relationship": "Outer",
              "Parallel Aware": false,
              "Async Capable": false,
              "Startup Cost": 4120.37,
              "Total Cost": 4120.4,
              "Plan Rows": 12,
              "Plan Width": 55,
              "Actual Startup Time": 30.937,
              "Actual Total Time": 30.938,
              "Actual Rows": 12,
              "Actual Loops": 1,
              "Sort Key": [
                "(count(*)) DESC"
              ],
              "Sort Method": "quicksort",
              "Sort Space Used": 25,
              "Sort Space Type": "Memory",
              "Shared Hit Blocks": 2120,
              "Shared Read Blocks": 0,
              "Shared Dirtied Blocks": 0,
              "Shared Written Blocks": 0,
              "Local Hit Blocks": 0,
              "Local Read Blocks": 0,
              "Local Dirtied Blocks": 0,
              "Local Written Blocks": 0,
              "Temp Read Blocks": 0,
              "Temp Written Blocks": 0,
              "Plans": [
                {
                  "Node Type": "Aggregate",
                  "Strategy": "Hashed",
                  "Partial Mode": "Simple",
                  "Parent Relationship": "Outer",
                  "Parallel Aware": false,
                  "Async Capable": false,
                  "Startup Cost": 4120.0,
                  "Total Cost": 4120.15,
                  "Plan Rows": 12,
                  "Plan Width": 55,
                  "Actual Startup Time": 30.927,
                  "Actual Total Time": 30.931,
                  "Actual Rows": 12,
                  "Actual Loops": 1,
                  "Group Key": [
                    "medical_condition",
                    "gender"
                  ],
                  "Planned Partitions": 0,
                  "HashAgg Batches": 1,
                  "Peak Memory Usage": 24,
                  "Disk Usage": 0,
                  "Shared Hit Blocks": 2120,
                  "Shared Read Blocks": 0,
                  "Shared Dirtied Blocks": 0,
                  "Shared Written Blocks": 0,
                  "Local Hit Blocks": 0,
                  "Local Read Blocks": 0,
                  "Local Dirtied Blocks": 0,
                  "Local Written Blocks": 0,
                  "Temp Read Blocks": 0,
                  "Temp Written Blocks": 0,
                  "Plans": [
                    {
                      "Node Type": "Seq Scan",
                      "Parent Relationship": "Outer",
                      "Parallel Aware": false,
                      "Async Capable": false,
                      "Relation Name": "healthcare_raw_100000",
                      "Alias": "healthcare_raw_100000",
                      "Startup Cost": 0.0,
                      "Total Cost": 3120.0,
                      "Plan Rows": 100000,
                      "Plan Width": 23,
                      "Actual Startup Time": 0.005,
                      "Actual Total Time": 5.745,
                      "Actual Rows": 100000,
                      "Actual Loops": 1,
                      "Shared Hit Blocks": 2120,
                      "Shared Read Blocks": 0,
                      "Shared Dirtied Blocks": 0,
                      "Shared Written Blocks": 0,
                      "Local Hit Blocks": 0,
                      "Local Read Blocks": 0,
                      "Local Dirtied Blocks": 0,
                      "Local Written Blocks": 0,
                      "Temp Read Blocks": 0,
                      "Temp Written Blocks": 0
                    }
                  ]
                }
              ]
            }
          ]
        },
        "Planning": {
          "Shared Hit Blocks": 2,
          "Shared Read Blocks": 0,
          "Shared Dirtied Blocks": 0,
          "Shared Written Blocks": 0,
          "Local Hit Blocks": 0,
          "Local Read Blocks": 0,
          "Local Dirtied Blocks": 0,
          "Local Written Blocks": 0,
          "Temp Read Blocks": 0,
          "Temp Written Blocks": 0
        },
        "Planning Time": 0.094,
        "Triggers": [],
        "Execution Time": 31.047
      }
    },
    {
      "experiment": "baseline_raw_distinct",
      "system": "raw",
      "role": "postgres",
      "query_idx": 0,
      "query": "-- Workload 4: Distinct Count\n-- Tests: Impact of masking on cardinality estimation, HashAggregate performance\n\n-- Adult: Unique occupations by education level\nSELECT education, COUNT(DISTINCT occupat",
      "runs": 5,
      "wall_clock_median_ms": 66.66817500081379,
      "wall_clock_mean_ms": 87.24871619488113,
      "wall_clock_std_ms": 37.327324925616125,
      "execution_median_ms": 81.579,
      "execution_mean_ms": 92.334,
      "planning_median_ms": 0.084,
      "row_count": 16,
      "explain_plan": {
        "Plan": {
          "Node Type": "Aggregate",
          "Strategy": "Sorted",
          "Partial Mode": "Simple",
          "Parallel Aware": false,
          "Async Capable": false,
          "Startup Cost": 11184.82,
          "Total Cost": 11934.98,
          "Plan Rows": 16,
          "Plan Width": 17,
          "Actual Startup Time": 51.743,
          "Actual Total Time": 80.763,
          "Actual Rows": 16,
          "Actual Loops": 1,
          "Group Key": [
            "education"
          ],
          "Shared Hit Blocks": 1880,
          "Shared Read Blocks": 0,
          "Shared Dirtied Blocks": 0,
          "Shared Written Blocks": 0,
          "Local Hit Blocks": 0,
          "Local Read Blocks": 0,
          "Local Dirtied Blocks": 0,
          "Local Written Blocks": 0,
          "Temp Read Blocks": 0,
          "Temp Written Blocks": 0,
          "Plans": [
            {
              "Node Type": "Sort",
              "Parent Relationship": "Outer",
              "Parallel Aware": false,
              "Async Capable": false,
              "Startup Cost": 11184.82,
              "Total Cost": 11434.82,
              "Plan Rows": 100000,
              "Plan Width": 22,
              "Actual Startup Time": 51.301,
              "Actual Total Time": 61.645,
              "Actual Rows": 100000,
              "Actual Loops": 1,
              "Sort Key": [
                "education",
                "occupation"
              ],
              "Sort Method": "quicksort",
              "Sort Space Used": 7195,
              "Sort Space Type": "Memory",
              "Shared Hit Blocks": 1880,
              "Shared Read Blocks": 0,
              "Shared Dirtied Blocks": 0,
              "Shared Written Blocks": 0,
              "Local Hit Blocks": 0,
              "Local Read Blocks": 0,
              "Local Dirtied Blocks": 0,
              "Local Written Blocks": 0,
              "Temp Read Blocks": 0,
              "Temp Written Blocks": 0,
              "Plans": [
                {
                  "Node Type": "Seq Scan",
                  "Parent Relationship": "Outer",
                  "Parallel Aware": false,
                  "Async Capable": false,
                  "Relation Name": "adult_raw_100000",
                  "Alias": "adult_raw_100000",
                  "Startup Cost": 0.0,
                  "Total Cost": 2880.0,
                  "Plan Rows": 100000,
                  "Plan Width": 22,
                  "Actual Startup Time": 0.007,
                  "Actual Total Time": 8.612,
                  "Actual Rows": 100000,
                  "Actual Loops": 1,
                  "Shared Hit Blocks": 1880,
                  "Shared Read Blocks": 0,
                  "Shared Dirtied Blocks": 0,
                  "Shared Written Blocks": 0,
                  "Local Hit Blocks": 0,
                  "Local Read Blocks": 0,
                  "Local Dirtied Blocks": 0,
                  "Local Written Blocks": 0,
                  "Temp Read Blocks": 0,
                  "Temp Written Blocks": 0
                }
              ]
            }
          ]
        },
        "Planning": {
          "Shared Hit Blocks": 0,
          "Shared Read Blocks": 0,
          "Shared Dirtied Blocks": 0,
          "Shared Written Blocks": 0,
          "Local Hit Blocks": 0,
          "Local Read Blocks": 0,
          "Local Dirtied Blocks": 0,
          "Local Written Blocks": 0,
          "Temp Read Blocks": 0,
          "Temp Written Blocks": 0
        },
        "Planning Time": 0.057,
        "Triggers": [],
        "Execution Time": 82.248
      }
    },
    {
      "experiment": "baseline_raw_distinct",
      "system": "raw",
      "role": "postgres",
      "query_idx": 1,
      "query": "-- Healthcare: Unique doctors per hospital\nSELECT hospital, COUNT(DISTINCT doctor) as doctor_count\nFROM healthcare_raw_100000\nGROUP BY hospital\nORDER BY doctor_count DESC",
      "runs": 5,
      "wall_clock_median_ms": 316.53222799650393,
      "wall_clock_mean_ms": 329.9492790014483,
      "wall_clock_std_ms": 38.17343872690536,
      "execution_median_ms": 201.195,
      "execution_mean_ms": 209.6042,
      "planning_median_ms": 0.063,
      "row_count": 39292,
      "explain_plan": {
        "Plan": {
          "Node Type": "Sort",
          "Parallel Aware": false,
          "Async Capable": false,
          "Startup Cost": 14940.28,
          "Total Cost": 15021.66,
          "Plan Rows": 32553,
          "Plan Width": 25,
          "Actual Startup Time": 198.09,
          "Actual Total Time": 199.807,
          "Actual Rows": 39292,
          "Actual Loops": 1,
          "Sort Key": [
            "(count(DISTINCT doctor)) DESC"
          ],
          "Sort Method": "quicksort",
          "Sort Space Used": 3318,
          "Sort Space Type": "Memory",
          "Shared Hit Blocks": 2120,
          "Shared Read Blocks": 0,
          "Shared Dirtied Blocks": 0,
          "Shared Written Blocks": 0,
          "Local Hit Blocks": 0,
          "Local Read Blocks": 0,
          "Local Dirtied Blocks": 0,
          "Local Written Blocks": 0,
          "Temp Read Blocks": 0,
          "Temp Written Blocks": 0,
          "Plans": [
            {
              "Node Type": "Aggregate",
              "Strategy": "Sorted",
              "Partial Mode": "Simple",
              "Parent Relationship": "Outer",
              "Parallel Aware": false,
              "Async Capable": false,
              "Startup Cost": 11424.82,
              "Total Cost": 12500.35,
              "Plan Rows": 32553,
              "Plan Width": 25,
              "Actual Startup Time": 172.253,
              "Actual Total Time": 193.923,
              "Actual Rows": 39292,
              "Actual Loops": 1,
              "Group Key": [
                "hospital"
              ],
              "Shared Hit Blocks": 2120,
              "Shared Read Blocks": 0,
              "Shared Dirtied Blocks": 0,
              "Shared Written Blocks": 0,
              "Local Hit Blocks": 0,
              "Local Read Blocks": 0,
              "Local Dirtied Blocks": 0,
              "Local Written Blocks": 0,
              "Temp Read Blocks": 0,
              "Temp Written Blocks": 0,
              "Plans": [
                {
                  "Node Type": "Sort",
                  "Parent Relationship": "Outer",
                  "Parallel Aware": false,
                  "Async Capable": false,
                  "Startup Cost": 11424.82,
                  "Total Cost": 11674.82,
                  "Plan Rows": 100000,
                  "Plan Width": 31,
                  "Actual Startup Time": 172.238,
                  "Actual Total Time": 177.841,
                  "Actual Rows": 100000,
                  "Actual Loops": 1,
                  "Sort Key": [
                    "hospital",
                    "doctor"
                  ],
                  "Sort Method": "quicksort",
                  "Sort Space Used": 8095,
                  "Sort Space Type": "Memory",
                  "Shared Hit Blocks": 2120,
                  "Shared Read Blocks": 0,
                  "Shared Dirtied Blocks": 0,
                  "Shared Written Blocks": 0,
                  "Local Hit Blocks": 0,
                  "Local Read Blocks": 0,
                  "Local Dirtied Blocks": 0,
                  "Local Written Blocks": 0,
                  "Temp Read Blocks": 0,
                  "Temp Written Blocks": 0,
                  "Plans": [
                    {
                      "Node Type": "Seq Scan",
                      "Parent Relationship": "Outer",
                      "Parallel Aware": false,
                      "Async Capable": false,
                      "Relation Name": "healthcare_raw_100000",
                      "Alias": "healthcare_raw_100000",
                      "Startup Cost": 0.0,
                      "Total Cost": 3120.0,
                      "Plan Rows": 100000,
                      "Plan Width": 31,
                      "Actual Startup Time": 0.008,
                      "Actual Total Time": 9.209,
                      "Actual Rows": 100000,
                      "Actual Loops": 1,
                      "Shared Hit Blocks": 2120,
                      "Shared Read Blocks": 0,
                      "Shared Dirtied Blocks": 0,
                      "Shared Written Blocks": 0,
                      "Local Hit Blocks": 0,
                      "Local Read Blocks": 0,
                      "Local Dirtied Blocks": 0,
                      "Local Written Blocks": 0,
                      "Temp Read Blocks": 0,
                      "Temp Written Blocks": 0
                    }
                  ]
                }
              ]
            }
          ]
        },
        "Planning": {
          "Shared Hit Blocks": 0,
          "Shared Read Blocks": 0,
          "Shared Dirtied Blocks": 0,
          "Shared Written Blocks": 0,
          "Local Hit Blocks": 0,
          "Local Read Blocks": 0,
          "Local Dirtied Blocks": 0,
          "Local Written Blocks": 0,
          "Temp Read Blocks": 0,
          "Temp Written Blocks": 0
        },
        "Planning Time": 0.081,
        "Triggers": [],
        "Execution Time": 201.195
      }
    },
    {
      "experiment": "baseline_raw_topk",
      "system": "raw",
      "role": "postgres",
      "query_idx": 0,
      "query": "-- Workload 5: Top-K Analytic Query\n-- Tests: Sort performance, window functions, masking impact on ordering\n\n-- Adult: Top 10 most common occupations with income stats\nSELECT occupation, \n       COUN",
      "runs": 5,
      "wall_clock_median_ms": 22.401182999601588,
      "wall_clock_mean_ms": 24.133768401225097,
      "wall_clock_std_ms": 4.853456071380238,
      "execution_median_ms": 35.224,
      "execution_mean_ms": 36.3762,
      "planning_median_ms": 0.091,
      "row_count": 10,
      "explain_plan": {
        "Plan": {
          "Node Type": "Limit",
          "Parallel Aware": false,
          "Async Capable": false,
          "Startup Cost": 4073.42,
          "Total Cost": 4073.44,
          "Plan Rows": 10,
          "Plan Width": 85,
          "Actual Startup Time": 35.176,
          "Actual Total Time": 35.178,
          "Actual Rows": 10,
          "Actual Loops": 1,
          "Shared Hit Blocks": 1880,
          "Shared Read Blocks": 0,
          "Shared Dirtied Blocks": 0,
          "Shared Written Blocks": 0,
          "Local Hit Blocks": 0,
          "Local Read Blocks": 0,
          "Local Dirtied Blocks": 0,
          "Local Written Blocks": 0,
          "Temp Read Blocks": 0,
          "Temp Written Blocks": 0,
          "Plans": [
            {
              "Node Type": "Sort",
              "Parent Relationship": "Outer",
              "Parallel Aware": false,
              "Async Capable": false,
              "Startup Cost": 4073.42,
              "Total Cost": 4073.46,
              "Plan Rows": 15,
              "Plan Width": 85,
              "Actual Startup Time": 35.175,
              "Actual Total Time": 35.176,
              "Actual Rows": 10,
              "Actual Loops": 1,
              "Sort Key": [
                "(count(*)) DESC"
              ],
              "Sort Method": "quicksort",
              "Sort Space Used": 26,
              "Sort Space Type": "Memory",
              "Shared Hit Blocks": 1880,
              "Shared Read Blocks": 0,
              "Shared Dirtied Blocks": 0,
              "Shared Written Blocks": 0,
              "Local Hit Blocks": 0,
              "Local Read Blocks": 0,
              "Local Dirtied Blocks": 0,
              "Local Written Blocks": 0,
              "Temp Read Blocks": 0,
              "Temp Written Blocks": 0,
              "Plans": [
                {
                  "Node Type": "Aggregate",
                  "Strategy": "Hashed",
                  "Partial Mode": "Simple",
                  "Parent Relationship": "Outer",
                  "Parallel Aware": false,
                  "Async Capable": false,
                  "Startup Cost": 4072.9,
                  "Total Cost": 4073.12,
                  "Plan Rows": 15,
                  "Plan Width": 85,
                  "Actual Startup Time": 35.162,
                  "Actual Total Time": 35.167,
                  "Actual Rows": 14,
                  "Actual Loops": 1,
                  "Group Key": [
                    "occupation"
                  ],
                  "Planned Partitions": 0,
                  "HashAgg Batches": 1,
                  "Peak Memory Usage": 24,
                  "Disk Usage": 0,
                  "Shared Hit Blocks": 1880,
                  "Shared Read Blocks": 0,
                  "Shared Dirtied Blocks": 0,
                  "Shared Written Blocks": 0,
                  "Local Hit Blocks": 0,
                  "Local Read Blocks": 0,
                  "Local Dirtied Blocks": 0,
                  "Local Written Blocks": 0,
                  "Temp Read Blocks": 0,
                  "Temp Written Blocks": 0,
                  "Plans": [
                    {
                      "Node Type": "Seq Scan",
                      "Parent Relationship": "Outer",
                      "Parallel Aware": false,
                      "Async Capable": false,
                      "Relation Name": "adult_raw_100000",
                      "Alias": "adult_raw_100000",
                      "Startup Cost": 0.0,
                      "Total Cost": 3130.0,
                      "Plan Rows": 94290,
                      "Plan Width": 21,
                      "Actual Startup Time": 0.008,
                      "Actual Total Time": 13.695,
                      "Actual Rows": 94272,
                      "Actual Loops": 1,
                      "Filter": "((occupation IS NOT NULL) AND (occupation <> '?'::text))",
                      "Rows Removed by Filter": 5728,
                      "Shared Hit Blocks": 1880,
                      "Shared Read Blocks": 0,
                      "Shared Dirtied Blocks": 0,
                      "Shared Written Blocks": 0,
                      "Local Hit Blocks": 0,
                      "Local Read Blocks": 0,
                      "Local Dirtied Blocks": 0,
                      "Local Written Blocks": 0,
                      "Temp Read Blocks": 0,
                      "Temp Written Blocks": 0
                    }
                  ]
                }
              ]
            }
          ]
        },
        "Planning": {
          "Shared Hit Blocks": 0,
          "Shared Read Blocks": 0,
          "Shared Dirtied Blocks": 0,
          "Shared Written Blocks": 0,
          "Local Hit Blocks": 0,
          "Local Read Blocks": 0,
          "Local Dirtied Blocks": 0,
          "Local Written Blocks": 0,
          "Temp Read Blocks": 0,
          "Temp Written Blocks": 0
        },
        "Planning Time": 0.091,
        "Triggers": [],
        "Execution Time": 35.224
      }
    },
    {
      "experiment": "baseline_raw_topk",
      "system": "raw",
      "role": "postgres",
      "query_idx": 1,
      "query": "-- Healthcare: Top medications by usage with billing stats\nSELECT medication,\n       COUNT(*) as prescription_count,\n       AVG(billing_amount) as avg_cost,\n       MIN(billing_amount) as min_cost,\n   ",
      "runs": 5,
      "wall_clock_median_ms": 38.9416060061194,
      "wall_clock_mean_ms": 40.42395360011142,
      "wall_clock_std_ms": 4.266395944324688,
      "execution_median_ms": 41.456,
      "execution_mean_ms": 42.1052,
      "planning_median_ms": 0.094,
      "row_count": 5,
      "explain_plan": {
        "Plan": {
          "Node Type": "Limit",
          "Parallel Aware": false,
          "Async Capable": false,
          "Startup Cost": 4370.12,
          "Total Cost": 4370.13,
          "Plan Rows": 5,
          "Plan Width": 113,
          "Actual Startup Time": 36.744,
          "Actual Total Time": 36.747,
          "Actual Rows": 5,
          "Actual Loops": 1,
          "Shared Hit Blocks": 2120,
          "Shared Read Blocks": 0,
          "Shared Dirtied Blocks": 0,
          "Shared Written Blocks": 0,
          "Local Hit Blocks": 0,
          "Local Read Blocks": 0,
          "Local Dirtied Blocks": 0,
          "Local Written Blocks": 0,
          "Temp Read Blocks": 0,
          "Temp Written Blocks": 0,
          "Plans": [
            {
              "Node Type": "Sort",
              "Parent Relationship": "Outer",
              "Parallel Aware": false,
              "Async Capable": false,
              "Startup Cost": 4370.12,
              "Total Cost": 4370.13,
              "Plan Rows": 5,
              "Plan Width": 113,
              "Actual Startup Time": 36.743,
              "Actual Total Time": 36.744,
              "Actual Rows": 5,
              "Actual Loops": 1,
              "Sort Key": [
                "(count(*)) DESC"
              ],
              "Sort Method": "quicksort",
              "Sort Space Used": 25,
              "Sort Space Type": "Memory",
              "Shared Hit Blocks": 2120,
              "Shared Read Blocks": 0,
              "Shared Dirtied Blocks": 0,
              "Shared Written Blocks": 0,
              "Local Hit Blocks": 0,
              "Local Read Blocks": 0,
              "Local Dirtied Blocks": 0,
              "Local Written Blocks": 0,
              "Temp Read Blocks": 0,
              "Temp Written Blocks": 0,
              "Plans": [
                {
                  "Node Type": "Aggregate",
                  "Strategy": "Hashed",
                  "Partial Mode": "Simple",
                  "Parent Relationship": "Outer",
                  "Parallel Aware": false,
                  "Async Capable": false,
                  "Startup Cost": 4370.0,
                  "Total Cost": 4370.06,
                  "Plan Rows": 5,
                  "Plan Width": 113,
                  "Actual Startup Time": 36.735,
                  "Actual Total Time": 36.737,
                  "Actual Rows": 5,
                  "Actual Loops": 1,
                  "Group Key": [
                    "medication"
                  ],
                  "Planned Partitions": 0,
                  "HashAgg Batches": 1,
                  "Peak Memory Usage": 24,
                  "Disk Usage": 0,
                  "Shared Hit Blocks": 2120,
                  "Shared Read Blocks": 0,
                  "Shared Dirtied Blocks": 0,
                  "Shared Written Blocks": 0,
                  "Local Hit Blocks": 0,
                  "Local Read Blocks": 0,
                  "Local Dirtied Blocks": 0,
                  "Local Written Blocks": 0,
                  "Temp Read Blocks": 0,
                  "Temp Written Blocks": 0,
                  "Plans": [
                    {
                      "Node Type": "Seq Scan",
                      "Parent Relationship": "Outer",
                      "Parallel Aware": false,
                      "Async Capable": false,
                      "Relation Name": "healthcare_raw_100000",
                      "Alias": "healthcare_raw_100000",
                      "Startup Cost": 0.0,
                      "Total Cost": 3120.0,
                      "Plan Rows": 100000,
                      "Plan Width": 17,
                      "Actual Startup Time": 0.005,
                      "Actual Total Time": 11.998,
                      "Actual Rows": 100000,
                      "Actual Loops": 1,
                      "Filter": "(medication IS NOT NULL)",
                      "Rows Removed by Filter": 0,
                      "Shared Hit Blocks": 2120,
                      "Shared Read Blocks": 0,
                      "Shared Dirtied Blocks": 0,
                      "Shared Written Blocks": 0,
                      "Local Hit Blocks": 0,
                      "Local Read Blocks": 0,
                      "Local Dirtied Blocks": 0,
                      "Local Written Blocks": 0,
                      "Temp Read Blocks": 0,
                      "Temp Written Blocks": 0
                    }
                  ]
                }
              ]
            }
          ]
        },
        "Planning": {
          "Shared Hit Blocks": 0,
          "Shared Read Blocks": 0,
          "Shared Dirtied Blocks": 0,
          "Shared Written Blocks": 0,
          "Local Hit Blocks": 0,
          "Local Read Blocks": 0,
          "Local Dirtied Blocks": 0,
          "Local Written Blocks": 0,
          "Temp Read Blocks": 0,
          "Temp Written Blocks": 0
        },
        "Planning Time": 0.069,
        "Triggers": [],
        "Execution Time": 36.78
      }
    },
    {
      "experiment": "baseline_view_point_lookup",
      "system": "view",
      "role": "postgres",
      "query_idx": 0,
      "query": "-- Workload 1: Point Lookup\n-- Tests: Index scan performance, masking overhead on single row\n\n-- Adult table\nSELECT * FROM adult_masked_view WHERE id = 5000",
      "runs": 5,
      "wall_clock_median_ms": 1.0412549891043454,
      "wall_clock_mean_ms": 1.0552181949606165,
      "wall_clock_std_ms": 0.1895531584625055,
      "execution_median_ms": 0.053,
      "execution_mean_ms": 0.0538,
      "planning_median_ms": 0.122,
      "row_count": 1,
      "explain_plan": {
        "Plan": {
          "Node Type": "Index Scan",
          "Parallel Aware": false,
          "Async Capable": false,
          "Scan Direction": "Forward",
          "Index Name": "adult_raw_100000_pkey",
          "Relation Name": "adult_raw_100000",
          "Alias": "adult_raw_100000",
          "Startup Cost": 0.29,
          "Total Cost": 2.55,
          "Plan Rows": 1,
          "Plan Width": 201,
          "Actual Startup Time": 0.043,
          "Actual Total Time": 0.045,
          "Actual Rows": 1,
          "Actual Loops": 1,
          "Index Cond": "(id = 5000)",
          "Rows Removed by Index Recheck": 0,
          "Shared Hit Blocks": 3,
          "Shared Read Blocks": 0,
          "Shared Dirtied Blocks": 0,
          "Shared Written Blocks": 0,
          "Local Hit Blocks": 0,
          "Local Read Blocks": 0,
          "Local Dirtied Blocks": 0,
          "Local Written Blocks": 0,
          "Temp Read Blocks": 0,
          "Temp Written Blocks": 0
        },
        "Planning": {
          "Shared Hit Blocks": 0,
          "Shared Read Blocks": 0,
          "Shared Dirtied Blocks": 0,
          "Shared Written Blocks": 0,
          "Local Hit Blocks": 0,
          "Local Read Blocks": 0,
          "Local Dirtied Blocks": 0,
          "Local Written Blocks": 0,
          "Temp Read Blocks": 0,
          "Temp Written Blocks": 0
        },
        "Planning Time": 0.181,
        "Triggers": [],
        "Execution Time": 0.081
      }
    },
    {
      "experiment": "baseline_view_point_lookup",
      "system": "view",
      "role": "postgres",
      "query_idx": 1,
      "query": "-- Healthcare table  \nSELECT * FROM healthcare_view_masked WHERE id = 5000",
      "runs": 5,
      "wall_clock_median_ms": 1.4196779957273975,
      "wall_clock_mean_ms": 1.3294815988047048,
      "wall_clock_std_ms": 0.22173470721678212,
      "execution_median_ms": 0.047,
      "execution_mean_ms": 0.0568,
      "planning_median_ms": 0.156,
      "row_count": 1,
      "explain_plan": {
        "Plan": {
          "Node Type": "Index Scan",
          "Parallel Aware": false,
          "Async Capable": false,
          "Scan Direction": "Forward",
          "Index Name": "healthcare_raw_100000_pkey",
          "Relation Name": "healthcare_raw_100000",
          "Alias": "healthcare_raw_100000",
          "Startup Cost": 0.29,
          "Total Cost": 2.53,
          "Plan Rows": 1,
          "Plan Width": 214,
          "Actual Startup Time": 0.026,
          "Actual Total Time": 0.028,
          "Actual Rows": 1,
          "Actual Loops": 1,
          "Index Cond": "(id = 5000)",
          "Rows Removed by Index Recheck": 0,
          "Shared Hit Blocks": 3,
          "Shared Read Blocks": 0,
          "Shared Dirtied Blocks": 0,
          "Shared Written Blocks": 0,
          "Local Hit Blocks": 0,
          "Local Read Blocks": 0,
          "Local Dirtied Blocks": 0,
          "Local Written Blocks": 0,
          "Temp Read Blocks": 0,
          "Temp Written Blocks": 0
        },
        "Planning": {
          "Shared Hit Blocks": 0,
          "Shared Read Blocks": 0,
          "Shared Dirtied Blocks": 0,
          "Shared Written Blocks": 0,
          "Local Hit Blocks": 0,
          "Local Read Blocks": 0,
          "Local Dirtied Blocks": 0,
          "Local Written Blocks": 0,
          "Temp Read Blocks": 0,
          "Temp Written Blocks": 0
        },
        "Planning Time": 0.139,
        "Triggers": [],
        "Execution Time": 0.045
      }
    },
    {
      "experiment": "baseline_view_range",
      "system": "view",
      "role": "postgres",
      "query_idx": 0,
      "query": "-- Workload 2: Range Query with Aggregation\n-- Tests: Sequential scan, aggregation performance, masking impact on filtering\n\n-- Adult: Count people in age range\nSELECT COUNT(*) FROM adult_masked_view ",
      "runs": 5,
      "wall_clock_median_ms": 16.435976009233855,
      "wall_clock_mean_ms": 16.250010803923942,
      "wall_clock_std_ms": 0.549314263662743,
      "execution_median_ms": 22.112,
      "execution_mean_ms": 22.7166,
      "planning_median_ms": 0.112,
      "row_count": 1,
      "explain_plan": {
        "Plan": {
          "Node Type": "Aggregate",
          "Strategy": "Plain",
          "Partial Mode": "Simple",
          "Parallel Aware": false,
          "Async Capable": false,
          "Startup Cost": 4381.25,
          "Total Cost": 4381.26,
          "Plan Rows": 1,
          "Plan Width": 8,
          "Actual Startup Time": 19.601,
          "Actual Total Time": 19.603,
          "Actual Rows": 1,
          "Actual Loops": 1,
          "Shared Hit Blocks": 1880,
          "Shared Read Blocks": 0,
          "Shared Dirtied Blocks": 0,
          "Shared Written Blocks": 0,
          "Local Hit Blocks": 0,
          "Local Read Blocks": 0,
          "Local Dirtied Blocks": 0,
          "Local Written Blocks": 0,
          "Temp Read Blocks": 0,
          "Temp Written Blocks": 0,
          "Plans": [
            {
              "Node Type": "Seq Scan",
              "Parent Relationship": "Outer",
              "Parallel Aware": false,
              "Async Capable": false,
              "Relation Name": "adult_raw_100000",
              "Alias": "adult_raw_100000",
              "Startup Cost": 0.0,
              "Total Cost": 4380.0,
              "Plan Rows": 500,
              "Plan Width": 0,
              "Actual Startup Time": 0.008,
              "Actual Total Time": 15.699,
              "Actual Rows": 61284,
              "Actual Loops": 1,
              "Filter": "((((age / 5) * 5) >= 25) AND (((age / 5) * 5) <= 45))",
              "Rows Removed by Filter": 38716,
              "Shared Hit Blocks": 1880,
              "Shared Read Blocks": 0,
              "Shared Dirtied Blocks": 0,
              "Shared Written Blocks": 0,
              "Local Hit Blocks": 0,
              "Local Read Blocks": 0,
              "Local Dirtied Blocks": 0,
              "Local Written Blocks": 0,
              "Temp Read Blocks": 0,
              "Temp Written Blocks": 0
            }
          ]
        },
        "Planning": {
          "Shared Hit Blocks": 0,
          "Shared Read Blocks": 0,
          "Shared Dirtied Blocks": 0,
          "Shared Written Blocks": 0,
          "Local Hit Blocks": 0,
          "Local Read Blocks": 0,
          "Local Dirtied Blocks": 0,
          "Local Written Blocks": 0,
          "Temp Read Blocks": 0,
          "Temp Written Blocks": 0
        },
        "Planning Time": 0.099,
        "Triggers": [],
        "Execution Time": 19.669
      }
    },
    {
      "experiment": "baseline_view_range",
      "system": "view",
      "role": "postgres",
      "query_idx": 1,
      "query": "-- Healthcare: Average billing in age range\nSELECT AVG(billing_amount) FROM healthcare_view_masked WHERE age BETWEEN 30 AND 50",
      "runs": 5,
      "wall_clock_median_ms": 18.543828002293594,
      "wall_clock_mean_ms": 21.854595802142285,
      "wall_clock_std_ms": 5.395977870737699,
      "execution_median_ms": 22.674,
      "execution_mean_ms": 23.985599999999998,
      "planning_median_ms": 0.087,
      "row_count": 1,
      "explain_plan": {
        "Plan": {
          "Node Type": "Aggregate",
          "Strategy": "Plain",
          "Partial Mode": "Simple",
          "Parallel Aware": false,
          "Async Capable": false,
          "Startup Cost": 4625.0,
          "Total Cost": 4625.01,
          "Plan Rows": 1,
          "Plan Width": 32,
          "Actual Startup Time": 20.044,
          "Actual Total Time": 20.045,
          "Actual Rows": 1,
          "Actual Loops": 1,
          "Shared Hit Blocks": 2120,
          "Shared Read Blocks": 0,
          "Shared Dirtied Blocks": 0,
          "Shared Written Blocks": 0,
          "Local Hit Blocks": 0,
          "Local Read Blocks": 0,
          "Local Dirtied Blocks": 0,
          "Local Written Blocks": 0,
          "Temp Read Blocks": 0,
          "Temp Written Blocks": 0,
          "Plans": [
            {
              "Node Type": "Seq Scan",
              "Parent Relationship": "Outer",
              "Parallel Aware": false,
              "Async Capable": false,
              "Relation Name": "healthcare_raw_100000",
              "Alias": "healthcare_raw_100000",
              "Startup Cost": 0.0,
              "Total Cost": 4620.0,
              "Plan Rows": 500,
              "Plan Width": 8,
              "Actual Startup Time": 0.006,
              "Actual Total Time": 9.088,
              "Actual Rows": 36738,
              "Actual Loops": 1,
              "Filter": "((((age / 5) * 5) >= 30) AND (((age / 5) * 5) <= 50))",
              "Rows Removed by Filter": 63262,
              "Shared Hit Blocks": 2120,
              "Shared Read Blocks": 0,
              "Shared Dirtied Blocks": 0,
              "Shared Written Blocks": 0,
              "Local Hit Blocks": 0,
              "Local Read Blocks": 0,
              "Local Dirtied Blocks": 0,
              "Local Written Blocks": 0,
              "Temp Read Blocks": 0,
              "Temp Written Blocks": 0
            }
          ]
        },
        "Planning": {
          "Shared Hit Blocks": 0,
          "Shared Read Blocks": 0,
          "Shared Dirtied Blocks": 0,
          "Shared Written Blocks": 0,
          "Local Hit Blocks": 0,
          "Local Read Blocks": 0,
          "Local Dirtied Blocks": 0,
          "Local Written Blocks": 0,
          "Temp Read Blocks": 0,
          "Temp Written Blocks": 0
        },
        "Planning Time": 0.082,
        "Triggers": [],
        "Execution Time": 20.083
      }
    },
    {
      "experiment": "baseline_view_groupby",
      "system": "view",
      "role": "postgres",
      "query_idx": 0,
      "query": "-- Workload 3: Group By Aggregation\n-- Tests: Hash aggregate performance, impact of masked columns on grouping\n\n-- Adult: Income distribution by education\nSELECT education, income, COUNT(*) as cnt, AV",
      "runs": 5,
      "wall_clock_median_ms": 31.474171992158517,
      "wall_clock_mean_ms": 31.82838179927785,
      "wall_clock_std_ms": 2.1099794327672217,
      "execution_median_ms": 28.364,
      "execution_mean_ms": 31.4306,
      "planning_median_ms": 0.124,
      "row_count": 16,
      "explain_plan": {
        "Plan": {
          "Node Type": "Limit",
          "Parallel Aware": false,
          "Async Capable": false,
          "Startup Cost": 5093.03,
          "Total Cost": 5093.08,
          "Plan Rows": 20,
          "Plan Width": 77,
          "Actual Startup Time": 24.22,
          "Actual Total Time": 26.814,
          "Actual Rows": 16,
          "Actual Loops": 1,
          "Shared Hit Blocks": 1888,
          "Shared Read Blocks": 0,
          "Shared Dirtied Blocks": 0,
          "Shared Written Blocks": 0,
          "Local Hit Blocks": 0,
          "Local Read Blocks": 0,
          "Local Dirtied Blocks": 0,
          "Local Written Blocks": 0,
          "Temp Read Blocks": 0,
          "Temp Written Blocks": 0,
          "Plans": [
            {
              "Node Type": "Sort",
              "Parent Relationship": "Outer",
              "Parallel Aware": false,
              "Async Capable": false,
              "Startup Cost": 5093.03,
              "Total Cost": 5093.11,
              "Plan Rows": 32,
              "Plan Width": 77,
              "Actual Startup Time": 24.218,
              "Actual Total Time": 26.81,
              "Actual Rows": 16,
              "Actual Loops": 1,
              "Sort Key": [
                "(count(*)) DESC"
              ],
              "Sort Method": "quicksort",
              "Sort Space Used": 26,
              "Sort Space Type": "Memory",
              "Shared Hit Blocks": 1888,
              "Shared Read Blocks": 0,
              "Shared Dirtied Blocks": 0,
              "Shared Written Blocks": 0,
              "Local Hit Blocks": 0,
              "Local Read Blocks": 0,
              "Local Dirtied Blocks": 0,
              "Local Written Blocks": 0,
              "Temp Read Blocks": 0,
              "Temp Written Blocks": 0,
              "Plans": [
                {
                  "Node Type": "Aggregate",
                  "Strategy": "Sorted",
                  "Partial Mode": "Finalize",
                  "Parent Relationship": "Outer",
                  "Parallel Aware": false,
                  "Async Capable": false,
                  "Startup Cost": 5087.43,
                  "Total Cost": 5092.23,
                  "Plan Rows": 32,
                  "Plan Width": 77,
                  "Actual Startup Time": 24.194,
                  "Actual Total Time": 26.803,
                  "Actual Rows": 16,
                  "Actual Loops": 1,
                  "Group Key": [
                    "(CASE WHEN (adult_raw_100000.education = ANY ('{Preschool,1st-4th,5th-6th,7th-8th,9th,10th,11th,12th}'::text[])) THEN 'Some-School'::text WHEN (adult_raw_100000.education = ANY ('{HS-grad,Some-college}'::text[])) THEN 'HS-Some-College'::text ELSE adult_raw_100000.education END)",
                    "adult_raw_100000.income"
                  ],
                  "Shared Hit Blocks": 1888,
                  "Shared Read Blocks": 0,
                  "Shared Dirtied Blocks": 0,
                  "Shared Written Blocks": 0,
                  "Local Hit Blocks": 0,
                  "Local Read Blocks": 0,
                  "Local Dirtied Blocks": 0,
                  "Local Written Blocks": 0,
                  "Temp Read Blocks": 0,
                  "Temp Written Blocks": 0,
                  "Plans": [
                    {
                      "Node Type": "Gather Merge",
                      "Parent Relationship": "Outer",
                      "Parallel Aware": false,
                      "Async Capable": false,
                      "Startup Cost": 5087.43,
                      "Total Cost": 5091.11,
                      "Plan Rows": 32,
                      "Plan Width": 77,
                      "Actual Startup Time": 24.181,
                      "Actual Total Time": 26.78,
                      "Actual Rows": 32,
                      "Actual Loops": 1,
                      "Workers Planned": 1,
                      "Workers Launched": 1,
                      "Shared Hit Blocks": 1888,
                      "Shared Read Blocks": 0,
                      "Shared Dirtied Blocks": 0,
                      "Shared Written Blocks": 0,
                      "Local Hit Blocks": 0,
                      "Local Read Blocks": 0,
                      "Local Dirtied Blocks": 0,
                      "Local Written Blocks": 0,
                      "Temp Read Blocks": 0,
                      "Temp Written Blocks": 0,
                      "Plans": [
                        {
                          "Node Type": "Sort",
                          "Parent Relationship": "Outer",
                          "Parallel Aware": false,
                          "Async Capable": false,
                          "Startup Cost": 4087.42,
                          "Total Cost": 4087.5,
                          "Plan Rows": 32,
                          "Plan Width": 77,
                          "Actual Startup Time": 22.153,
                          "Actual Total Time": 22.156,
                          "Actual Rows": 16,
                          "Actual Loops": 2,
                          "Sort Key": [
                            "(CASE WHEN (adult_raw_100000.education = ANY ('{Preschool,1st-4th,5th-6th,7th-8th,9th,10th,11th,12th}'::text[])) THEN 'Some-School'::text WHEN (adult_raw_100000.education = ANY ('{HS-grad,Some-college}'::text[])) THEN 'HS-Some-College'::text ELSE adult_raw_100000.education END)",
                            "adult_raw_100000.income"
                          ],
                          "Sort Method": "quicksort",
                          "Sort Space Used": 26,
                          "Sort Space Type": "Memory",
                          "Shared Hit Blocks": 1888,
                          "Shared Read Blocks": 0,
                          "Shared Dirtied Blocks": 0,
                          "Shared Written Blocks": 0,
                          "Local Hit Blocks": 0,
                          "Local Read Blocks": 0,
                          "Local Dirtied Blocks": 0,
                          "Local Written Blocks": 0,
                          "Temp Read Blocks": 0,
                          "Temp Written Blocks": 0,
                          "Workers": [
                            {
                              "Worker Number": 0,
                              "Sort Method": "quicksort",
                              "Sort Space Used": 26,
                              "Sort Space Type": "Memory"
                            }
                          ],
                          "Plans": [
                            {
                              "Node Type": "Aggregate",
                              "Strategy": "Hashed",
                              "Partial Mode": "Partial",
                              "Parent Relationship": "Outer",
                              "Parallel Aware": false,
                              "Async Capable": false,
                              "Startup Cost": 4085.9,
                              "Total Cost": 4086.62,
                              "Plan Rows": 32,
                              "Plan Width": 77,
                              "Actual Startup Time": 22.119,
                              "Actual Total Time": 22.122,
                              "Actual Rows": 16,
                              "Actual Loops": 2,
                              "Group Key": [
                                "CASE WHEN (adult_raw_100000.education = ANY ('{Preschool,1st-4th,5th-6th,7th-8th,9th,10th,11th,12th}'::text[])) THEN 'Some-School'::text WHEN (adult_raw_100000.education = ANY ('{HS-grad,Some-college}'::text[])) THEN 'HS-Some-College'::text ELSE adult_raw_100000.education END",
                                "adult_raw_100000.income"
                              ],
                              "Planned Partitions": 0,
                              "HashAgg Batches": 1,
                              "Peak Memory Usage": 24,
                              "Disk Usage": 0,
                              "Shared Hit Blocks": 1880,
                              "Shared Read Blocks": 0,
                              "Shared Dirtied Blocks": 0,
                              "Shared Written Blocks": 0,
                              "Local Hit Blocks": 0,
                              "Local Read Blocks": 0,
                              "Local Dirtied Blocks": 0,
                              "Local Written Blocks": 0,
                              "Temp Read Blocks": 0,
                              "Temp Written Blocks": 0,
                              "Workers": [
                                {
                                  "Worker Number": 0,
                                  "HashAgg Batches": 1,
                                  "Peak Memory Usage": 24,
                                  "Disk Usage": 0
                                }
                              ],
                              "Plans": [
                                {
                                  "Node Type": "Seq Scan",
                                  "Parent Relationship": "Outer",
                                  "Parallel Aware": true,
                                  "Async Capable": false,
                                  "Relation Name": "adult_raw_100000",
                                  "Alias": "adult_raw_100000",
                                  "Startup Cost": 0.0,
                                  "Total Cost": 3203.54,
                                  "Plan Rows": 58824,
                                  "Plan Width": 41,
                                  "Actual Startup Time": 0.008,
                                  "Actual Total Time": 13.408,
                                  "Actual Rows": 50000,
                                  "Actual Loops": 2,
                                  "Shared Hit Blocks": 1880,
                                  "Shared Read Blocks": 0,
                                  "Shared Dirtied Blocks": 0,
                                  "Shared Written Blocks": 0,
                                  "Local Hit Blocks": 0,
                                  "Local Read Blocks": 0,
                                  "Local Dirtied Blocks": 0,
                                  "Local Written Blocks": 0,
                                  "Temp Read Blocks": 0,
                                  "Temp Written Blocks": 0,
                                  "Workers": []
                                }
                              ]
                            }
                          ]
                        }
                      ]
                    }
                  ]
                }
              ]
            }
          ]
        },
        "Planning": {
          "Shared Hit Blocks": 0,
          "Shared Read Blocks": 0,
          "Shared Dirtied Blocks": 0,
          "Shared Written Blocks": 0,
          "Local Hit Blocks": 0,
          "Local Read Blocks": 0,
          "Local Dirtied Blocks": 0,
          "Local Written Blocks": 0,
          "Temp Read Blocks": 0,
          "Temp Written Blocks": 0
        },
        "Planning Time": 0.115,
        "Triggers": [],
        "Execution Time": 26.853
      }
    },
    {
      "experiment": "baseline_view_groupby",
      "system": "view",
      "role": "postgres",
      "query_idx": 1,
      "query": "-- Healthcare: Condition distribution by gender\nSELECT medical_condition, gender, COUNT(*) as patient_count, AVG(billing_amount) as avg_billing\nFROM healthcare_view_masked\nGROUP BY medical_condition, ",
      "runs": 5,
      "wall_clock_median_ms": 34.39532298943959,
      "wall_clock_mean_ms": 36.048961596679874,
      "wall_clock_std_ms": 5.733738582149665,
      "execution_median_ms": 37.679,
      "execution_mean_ms": 39.161,
      "planning_median_ms": 0.148,
      "row_count": 12,
      "explain_plan": {
        "Plan": {
          "Node Type": "Limit",
          "Parallel Aware": false,
          "Async Capable": false,
          "Startup Cost": 4739.93,
          "Total Cost": 4739.96,
          "Plan Rows": 12,
          "Plan Width": 55,
          "Actual Startup Time": 35.628,
          "Actual Total Time": 37.614,
          "Actual Rows": 12,
          "Actual Loops": 1,
          "Shared Hit Blocks": 2128,
          "Shared Read Blocks": 0,
          "Shared Dirtied Blocks": 0,
          "Shared Written Blocks": 0,
          "Local Hit Blocks": 0,
          "Local Read Blocks": 0,
          "Local Dirtied Blocks": 0,
          "Local Written Blocks": 0,
          "Temp Read Blocks": 0,
          "Temp Written Blocks": 0,
          "Plans": [
            {
              "Node Type": "Sort",
              "Parent Relationship": "Outer",
              "Parallel Aware": false,
              "Async Capable": false,
              "Startup Cost": 4739.93,
              "Total Cost": 4739.96,
              "Plan Rows": 12,
              "Plan Width": 55,
              "Actual Startup Time": 35.627,
              "Actual Total Time": 37.612,
              "Actual Rows": 12,
              "Actual Loops": 1,
              "Sort Key": [
                "(count(*)) DESC"
              ],
              "Sort Method": "quicksort",
              "Sort Space Used": 25,
              "Sort Space Type": "Memory",
              "Shared Hit Blocks": 2128,
              "Shared Read Blocks": 0,
              "Shared Dirtied Blocks": 0,
              "Shared Written Blocks": 0,
              "Local Hit Blocks": 0,
              "Local Read Blocks": 0,
              "Local Dirtied Blocks": 0,
              "Local Written Blocks": 0,
              "Temp Read Blocks": 0,
              "Temp Written Blocks": 0,
              "Plans": [
                {
                  "Node Type": "Aggregate",
                  "Strategy": "Sorted",
                  "Partial Mode": "Finalize",
                  "Parent Relationship": "Outer",
                  "Parallel Aware": false,
                  "Async Capable": false,
                  "Startup Cost": 4738.03,
                  "Total Cost": 4739.71,
                  "Plan Rows": 12,
                  "Plan Width": 55,
                  "Actual Startup Time": 35.603,
                  "Actual Total Time": 37.605,
                  "Actual Rows": 12,
                  "Actual Loops": 1,
                  "Group Key": [
                    "healthcare_raw_100000.medical_condition",
                    "healthcare_raw_100000.gender"
                  ],
                  "Shared Hit Blocks": 2128,
                  "Shared Read Blocks": 0,
                  "Shared Dirtied Blocks": 0,
                  "Shared Written Blocks": 0,
                  "Local Hit Blocks": 0,
                  "Local Read Blocks": 0,
                  "Local Dirtied Blocks": 0,
                  "Local Written Blocks": 0,
                  "Temp Read Blocks": 0,
                  "Temp Written Blocks": 0,
                  "Plans": [
                    {
                      "Node Type": "Gather Merge",
                      "Parent Relationship": "Outer",
                      "Parallel Aware": false,
                      "Async Capable": false,
                      "Startup Cost": 4738.03,
                      "Total Cost": 4739.41,
                      "Plan Rows": 12,
                      "Plan Width": 55,
                      "Actual Startup Time": 35.593,
                      "Actual Total Time": 37.581,
                      "Actual Rows": 24,
                      "Actual Loops": 1,
                      "Workers Planned": 1,
                      "Workers Launched": 1,
                      "Shared Hit Blocks": 2128,
                      "Shared Read Blocks": 0,
                      "Shared Dirtied Blocks": 0,
                      "Shared Written Blocks": 0,
                      "Local Hit Blocks": 0,
                      "Local Read Blocks": 0,
                      "Local Dirtied Blocks": 0,
                      "Local Written Blocks": 0,
                      "Temp Read Blocks": 0,
                      "Temp Written Blocks": 0,
                      "Plans": [
                        {
                          "Node Type": "Sort",
                          "Parent Relationship": "Outer",
                          "Parallel Aware": false,
                          "Async Capable": false,
                          "Startup Cost": 3738.02,
                          "Total Cost": 3738.05,
                          "Plan Rows": 12,
                          "Plan Width": 55,
                          "Actual Startup Time": 33.489,
                          "Actual Total Time": 33.491,
                          "Actual Rows": 12,
                          "Actual Loops": 2,
                          "Sort Key": [
                            "healthcare_raw_100000.medical_condition",
                            "healthcare_raw_100000.gender"
                          ],
                          "Sort Method": "quicksort",
                          "Sort Space Used": 26,
                          "Sort Space Type": "Memory",
                          "Shared Hit Blocks": 2128,
                          "Shared Read Blocks": 0,
                          "Shared Dirtied Blocks": 0,
                          "Shared Written Blocks": 0,
                          "Local Hit Blocks": 0,
                          "Local Read Blocks": 0,
                          "Local Dirtied Blocks": 0,
                          "Local Written Blocks": 0,
                          "Temp Read Blocks": 0,
                          "Temp Written Blocks": 0,
                          "Workers": [
                            {
                              "Worker Number": 0,
                              "Sort Method": "quicksort",
                              "Sort Space Used": 26,
                              "Sort Space Type": "Memory"
                            }
                          ],
                          "Plans": [
                            {
                              "Node Type": "Aggregate",
                              "Strategy": "Hashed",
                              "Partial Mode": "Partial",
                              "Parent Relationship": "Outer",
                              "Parallel Aware": false,
                              "Async Capable": false,
                              "Startup Cost": 3737.66,
                              "Total Cost": 3737.81,
                              "Plan Rows": 12,
                              "Plan Width": 55,
                              "Actual Startup Time": 33.454,
                              "Actual Total Time": 33.459,
                              "Actual Rows": 12,
                              "Actual Loops": 2,
                              "Group Key": [
                                "healthcare_raw_100000.medical_condition",
                                "healthcare_raw_100000.gender"
                              ],
                              "Planned Partitions": 0,
                              "HashAgg Batches": 1,
                              "Peak Memory Usage": 24,
                              "Disk Usage": 0,
                              "Shared Hit Blocks": 2120,
                              "Shared Read Blocks": 0,
                              "Shared Dirtied Blocks": 0,
                              "Shared Written Blocks": 0,
                              "Local Hit Blocks": 0,
                              "Local Read Blocks": 0,
                              "Local Dirtied Blocks": 0,
                              "Local Written Blocks": 0,
                              "Temp Read Blocks": 0,
                              "Temp Written Blocks": 0,
                              "Workers": [
                                {
                                  "Worker Number": 0,
                                  "HashAgg Batches": 1,
                                  "Peak Memory Usage": 24,
                                  "Disk Usage": 0
                                }
                              ],
                              "Plans": [
                                {
                                  "Node Type": "Seq Scan",
                                  "Parent Relationship": "Outer",
                                  "Parallel Aware": true,
                                  "Async Capable": false,
                                  "Relation Name": "healthcare_raw_100000",
                                  "Alias": "healthcare_raw_100000",
                                  "Startup Cost": 0.0,
                                  "Total Cost": 2708.24,
                                  "Plan Rows": 58824,
                                  "Plan Width": 23,
                                  "Actual Startup Time": 0.005,
                                  "Actual Total Time": 4.12,
                                  "Actual Rows": 50000,
                                  "Actual Loops": 2,
                                  "Shared Hit Blocks": 2120,
                                  "Shared Read Blocks": 0,
                                  "Shared Dirtied Blocks": 0,
                                  "Shared Written Blocks": 0,
                                  "Local Hit Blocks": 0,
                                  "Local Read Blocks": 0,
                                  "Local Dirtied Blocks": 0,
                                  "Local Written Blocks": 0,
                                  "Temp Read Blocks": 0,
                                  "Temp Written Blocks": 0,
                                  "Workers": []
                                }
                              ]
                            }
                          ]
                        }
                      ]
                    }
                  ]
                }
              ]
            }
          ]
        },
        "Planning": {
          "Shared Hit Blocks": 2,
          "Shared Read Blocks": 0,
          "Shared Dirtied Blocks": 0,
          "Shared Written Blocks": 0,
          "Local Hit Blocks": 0,
          "Local Read Blocks": 0,
          "Local Dirtied Blocks": 0,
          "Local Written Blocks": 0,
          "Temp Read Blocks": 0,
          "Temp Written Blocks": 0
        },
        "Planning Time": 0.15,
        "Triggers": [],
        "Execution Time": 37.679
      }
    },
    {
      "experiment": "baseline_view_distinct",
      "system": "view",
      "role": "postgres",
      "query_idx": 0,
      "query": "-- Workload 4: Distinct Count\n-- Tests: Impact of masking on cardinality estimation, HashAggregate performance\n\n-- Adult: Unique occupations by education level\nSELECT education, COUNT(DISTINCT occupat",
      "runs": 5,
      "wall_clock_median_ms": 89.75185098825023,
      "wall_clock_mean_ms": 101.30790259572677,
      "wall_clock_std_ms": 28.46628063914922,
      "execution_median_ms": 100.729,
      "execution_mean_ms": 116.0496,
      "planning_median_ms": 0.135,
      "row_count": 8,
      "explain_plan": {
        "Plan": {
          "Node Type": "Aggregate",
          "Strategy": "Sorted",
          "Partial Mode": "Simple",
          "Parallel Aware": false,
          "Async Capable": false,
          "Startup Cost": 12434.82,
          "Total Cost": 13685.18,
          "Plan Rows": 16,
          "Plan Width": 40,
          "Actual Startup Time": 79.781,
          "Actual Total Time": 99.938,
          "Actual Rows": 8,
          "Actual Loops": 1,
          "Group Key": [
            "(CASE WHEN (adult_raw_100000.education = ANY ('{Preschool,1st-4th,5th-6th,7th-8th,9th,10th,11th,12th}'::text[])) THEN 'Some-School'::text WHEN (adult_raw_100000.education = ANY ('{HS-grad,Some-college}'::text[])) THEN 'HS-Some-College'::text ELSE adult_raw_100000.education END)"
          ],
          "Shared Hit Blocks": 1880,
          "Shared Read Blocks": 0,
          "Shared Dirtied Blocks": 0,
          "Shared Written Blocks": 0,
          "Local Hit Blocks": 0,
          "Local Read Blocks": 0,
          "Local Dirtied Blocks": 0,
          "Local Written Blocks": 0,
          "Temp Read Blocks": 0,
          "Temp Written Blocks": 0,
          "Plans": [
            {
              "Node Type": "Sort",
              "Parent Relationship": "Outer",
              "Parallel Aware": false,
              "Async Capable": false,
              "Startup Cost": 12434.82,
              "Total Cost": 12684.82,
              "Plan Rows": 100000,
              "Plan Width": 45,
              "Actual Startup Time": 78.358,
              "Actual Total Time": 86.015,
              "Actual Rows": 100000,
              "Actual Loops": 1,
              "Sort Key": [
                "(CASE WHEN (adult_raw_100000.education = ANY ('{Preschool,1st-4th,5th-6th,7th-8th,9th,10th,11th,12th}'::text[])) THEN 'Some-School'::text WHEN (adult_raw_100000.education = ANY ('{HS-grad,Some-college}'::text[])) THEN 'HS-Some-College'::text ELSE adult_raw_100000.education END)",
                "(CASE WHEN (adult_raw_100000.occupation IS NULL) THEN NULL::text ELSE (\"substring\"(adult_raw_100000.occupation, 1, 3) || '***'::text) END)"
              ],
              "Sort Method": "quicksort",
              "Sort Space Used": 8225,
              "Sort Space Type": "Memory",
              "Shared Hit Blocks": 1880,
              "Shared Read Blocks": 0,
              "Shared Dirtied Blocks": 0,
              "Shared Written Blocks": 0,
              "Local Hit Blocks": 0,
              "Local Read Blocks": 0,
              "Local Dirtied Blocks": 0,
              "Local Written Blocks": 0,
              "Temp Read Blocks": 0,
              "Temp Written Blocks": 0,
              "Plans": [
                {
                  "Node Type": "Seq Scan",
                  "Parent Relationship": "Outer",
                  "Parallel Aware": false,
                  "Async Capable": false,
                  "Relation Name": "adult_raw_100000",
                  "Alias": "adult_raw_100000",
                  "Startup Cost": 0.0,
                  "Total Cost": 4130.0,
                  "Plan Rows": 100000,
                  "Plan Width": 45,
                  "Actual Startup Time": 0.01,
                  "Actual Total Time": 31.503,
                  "Actual Rows": 100000,
                  "Actual Loops": 1,
                  "Shared Hit Blocks": 1880,
                  "Shared Read Blocks": 0,
                  "Shared Dirtied Blocks": 0,
                  "Shared Written Blocks": 0,
                  "Local Hit Blocks": 0,
                  "Local Read Blocks": 0,
                  "Local Dirtied Blocks": 0,
                  "Local Written Blocks": 0,
                  "Temp Read Blocks": 0,
                  "Temp Written Blocks": 0
                }
              ]
            }
          ]
        },
        "Planning": {
          "Shared Hit Blocks": 0,
          "Shared Read Blocks": 0,
          "Shared Dirtied Blocks": 0,
          "Shared Written Blocks": 0,
          "Local Hit Blocks": 0,
          "Local Read Blocks": 0,
          "Local Dirtied Blocks": 0,
          "Local Written Blocks": 0,
          "Temp Read Blocks": 0,
          "Temp Written Blocks": 0
        },
        "Planning Time": 0.091,
        "Triggers": [],
        "Execution Time": 100.729
      }
    },
    {
      "experiment": "baseline_view_distinct",
      "system": "view",
      "role": "postgres",
      "query_idx": 1,
      "query": "-- Healthcare: Unique doctors per hospital\nSELECT hospital, COUNT(DISTINCT doctor) as doctor_count\nFROM healthcare_view_masked\nGROUP BY hospital\nORDER BY doctor_count DESC",
      "runs": 5,
      "wall_clock_median_ms": 385.2202650014078,
      "wall_clock_mean_ms": 392.3600137990434,
      "wall_clock_std_ms": 30.197363687797505,
      "execution_median_ms": 359.714,
      "execution_mean_ms": 374.8108,
      "planning_median_ms": 0.091,
      "row_count": 39292,
      "explain_plan": {
        "Plan": {
          "Node Type": "Sort",
          "Parallel Aware": false,
          "Async Capable": false,
          "Startup Cost": 15440.28,
          "Total Cost": 15521.66,
          "Plan Rows": 32553,
          "Plan Width": 25,
          "Actual Startup Time": 443.14,
          "Actual Total Time": 444.98,
          "Actual Rows": 39292,
          "Actual Loops": 1,
          "Sort Key": [
            "(count(DISTINCT (encode(digest(healthcare_raw_100000.doctor, 'sha256'::text), 'hex'::text)))) DESC"
          ],
          "Sort Method": "quicksort",
          "Sort Space Used": 3318,
          "Sort Space Type": "Memory",
          "Shared Hit Blocks": 2120,
          "Shared Read Blocks": 0,
          "Shared Dirtied Blocks": 0,
          "Shared Written Blocks": 0,
          "Local Hit Blocks": 0,
          "Local Read Blocks": 0,
          "Local Dirtied Blocks": 0,
          "Local Written Blocks": 0,
          "Temp Read Blocks": 0,
          "Temp Written Blocks": 0,
          "Plans": [
            {
              "Node Type": "Aggregate",
              "Strategy": "Sorted",
              "Partial Mode": "Simple",
              "Parent Relationship": "Outer",
              "Parallel Aware": false,
              "Async Capable": false,
              "Startup Cost": 11424.82,
              "Total Cost": 13000.35,
              "Plan Rows": 32553,
              "Plan Width": 25,
              "Actual Startup Time": 411.252,
              "Actual Total Time": 439.074,
              "Actual Rows": 39292,
              "Actual Loops": 1,
              "Group Key": [
                "healthcare_raw_100000.hospital"
              ],
              "Shared Hit Blocks": 2120,
              "Shared Read Blocks": 0,
              "Shared Dirtied Blocks": 0,
              "Shared Written Blocks": 0,
              "Local Hit Blocks": 0,
              "Local Read Blocks": 0,
              "Local Dirtied Blocks": 0,
              "Local Written Blocks": 0,
              "Temp Read Blocks": 0,
              "Temp Written Blocks": 0,
              "Plans": [
                {
                  "Node Type": "Sort",
                  "Parent Relationship": "Outer",
                  "Parallel Aware": false,
                  "Async Capable": false,
                  "Startup Cost": 11424.82,
                  "Total Cost": 11674.82,
                  "Plan Rows": 100000,
                  "Plan Width": 31,
                  "Actual Startup Time": 411.239,
                  "Actual Total Time": 419.921,
                  "Actual Rows": 100000,
                  "Actual Loops": 1,
                  "Sort Key": [
                    "healthcare_raw_100000.hospital",
                    "(encode(digest(healthcare_raw_100000.doctor, 'sha256'::text), 'hex'::text))"
                  ],
                  "Sort Method": "quicksort",
                  "Sort Space Used": 14443,
                  "Sort Space Type": "Memory",
                  "Shared Hit Blocks": 2120,
                  "Shared Read Blocks": 0,
                  "Shared Dirtied Blocks": 0,
                  "Shared Written Blocks": 0,
                  "Local Hit Blocks": 0,
                  "Local Read Blocks": 0,
                  "Local Dirtied Blocks": 0,
                  "Local Written Blocks": 0,
                  "Temp Read Blocks": 0,
                  "Temp Written Blocks": 0,
                  "Plans": [
                    {
                      "Node Type": "Seq Scan",
                      "Parent Relationship": "Outer",
                      "Parallel Aware": false,
                      "Async Capable": false,
                      "Relation Name": "healthcare_raw_100000",
                      "Alias": "healthcare_raw_100000",
                      "Startup Cost": 0.0,
                      "Total Cost": 3120.0,
                      "Plan Rows": 100000,
                      "Plan Width": 31,
                      "Actual Startup Time": 0.036,
                      "Actual Total Time": 94.393,
                      "Actual Rows": 100000,
                      "Actual Loops": 1,
                      "Shared Hit Blocks": 2120,
                      "Shared Read Blocks": 0,
                      "Shared Dirtied Blocks": 0,
                      "Shared Written Blocks": 0,
                      "Local Hit Blocks": 0,
                      "Local Read Blocks": 0,
                      "Local Dirtied Blocks": 0,
                      "Local Written Blocks": 0,
                      "Temp Read Blocks": 0,
                      "Temp Written Blocks": 0
                    }
                  ]
                }
              ]
            }
          ]
        },
        "Planning": {
          "Shared Hit Blocks": 0,
          "Shared Read Blocks": 0,
          "Shared Dirtied Blocks": 0,
          "Shared Written Blocks": 0,
          "Local Hit Blocks": 0,
          "Local Read Blocks": 0,
          "Local Dirtied Blocks": 0,
          "Local Written Blocks": 0,
          "Temp Read Blocks": 0,
          "Temp Written Blocks": 0
        },
        "Planning Time": 0.094,
        "Triggers": [],
        "Execution Time": 447.51
      }
    },
    {
      "experiment": "baseline_view_topk",
      "system": "view",
      "role": "postgres",
      "query_idx": 0,
      "query": "-- Workload 5: Top-K Analytic Query\n-- Tests: Sort performance, window functions, masking impact on ordering\n\n-- Adult: Top 10 most common occupations with income stats\nSELECT occupation, \n       COUN",
      "runs": 5,
      "wall_clock_median_ms": 33.528195999679156,
      "wall_clock_mean_ms": 35.554974601836875,
      "wall_clock_std_ms": 5.054714064040565,
      "execution_median_ms": 36.66,
      "execution_mean_ms": 37.253,
      "planning_median_ms": 0.112,
      "row_count": 10,
      "explain_plan": {
        "Plan": {
          "Node Type": "Limit",
          "Parallel Aware": false,
          "Async Capable": false,
          "Startup Cost": 5371.25,
          "Total Cost": 5371.27,
          "Plan Rows": 10,
          "Plan Width": 104,
          "Actual Startup Time": 33.529,
          "Actual Total Time": 35.553,
          "Actual Rows": 10,
          "Actual Loops": 1,
          "Shared Hit Blocks": 1888,
          "Shared Read Blocks": 0,
          "Shared Dirtied Blocks": 0,
          "Shared Written Blocks": 0,
          "Local Hit Blocks": 0,
          "Local Read Blocks": 0,
          "Local Dirtied Blocks": 0,
          "Local Written Blocks": 0,
          "Temp Read Blocks": 0,
          "Temp Written Blocks": 0,
          "Plans": [
            {
              "Node Type": "Sort",
              "Parent Relationship": "Outer",
              "Parallel Aware": false,
              "Async Capable": false,
              "Startup Cost": 5371.25,
              "Total Cost": 5371.28,
              "Plan Rows": 15,
              "Plan Width": 104,
              "Actual Startup Time": 33.528,
              "Actual Total Time": 35.551,
              "Actual Rows": 10,
              "Actual Loops": 1,
              "Sort Key": [
                "(count(*)) DESC"
              ],
              "Sort Method": "quicksort",
              "Sort Space Used": 25,
              "Sort Space Type": "Memory",
              "Shared Hit Blocks": 1888,
              "Shared Read Blocks": 0,
              "Shared Dirtied Blocks": 0,
              "Shared Written Blocks": 0,
              "Local Hit Blocks": 0,
              "Local Read Blocks": 0,
              "Local Dirtied Blocks": 0,
              "Local Written Blocks": 0,
              "Temp Read Blocks": 0,
              "Temp Written Blocks": 0,
              "Plans": [
                {
                  "Node Type": "Aggregate",
                  "Strategy": "Sorted",
                  "Partial Mode": "Finalize",
                  "Parent Relationship": "Outer",
                  "Parallel Aware": false,
                  "Async Capable": false,
                  "Startup Cost": 5368.78,
                  "Total Cost": 5370.95,
                  "Plan Rows": 15,
                  "Plan Width": 104,
                  "Actual Startup Time": 33.508,
                  "Actual Total Time": 35.538,
                  "Actual Rows": 14,
                  "Actual Loops": 1,
                  "Group Key": [
                    "(CASE WHEN (adult_raw_100000.occupation IS NULL) THEN NULL::text ELSE (\"substring\"(adult_raw_100000.occupation, 1, 3) || '***'::text) END)"
                  ],
                  "Shared Hit Blocks": 1888,
                  "Shared Read Blocks": 0,
                  "Shared Dirtied Blocks": 0,
                  "Shared Written Blocks": 0,
                  "Local Hit Blocks": 0,
                  "Local Read Blocks": 0,
                  "Local Dirtied Blocks": 0,
                  "Local Written Blocks": 0,
                  "Temp Read Blocks": 0,
                  "Temp Written Blocks": 0,
                  "Plans": [
                    {
                      "Node Type": "Gather Merge",
                      "Parent Relationship": "Outer",
                      "Parallel Aware": false,
                      "Async Capable": false,
                      "Startup Cost": 5368.78,
                      "Total Cost": 5370.5,
                      "Plan Rows": 15,
                      "Plan Width": 104,
                      "Actual Startup Time": 33.499,
                      "Actual Total Time": 35.518,
                      "Actual Rows": 28,
                      "Actual Loops": 1,
                      "Workers Planned": 1,
                      "Workers Launched": 1,
                      "Shared Hit Blocks": 1888,
                      "Shared Read Blocks": 0,
                      "Shared Dirtied Blocks": 0,
                      "Shared Written Blocks": 0,
                      "Local Hit Blocks": 0,
                      "Local Read Blocks": 0,
                      "Local Dirtied Blocks": 0,
                      "Local Written Blocks": 0,
                      "Temp Read Blocks": 0,
                      "Temp Written Blocks": 0,
                      "Plans": [
                        {
                          "Node Type": "Sort",
                          "Parent Relationship": "Outer",
                          "Parallel Aware": false,
                          "Async Capable": false,
                          "Startup Cost": 4368.77,
                          "Total Cost": 4368.8,
                          "Plan Rows": 15,
                          "Plan Width": 104,
                          "Actual Startup Time": 31.627,
                          "Actual Total Time": 31.628,
                          "Actual Rows": 14,
                          "Actual Loops": 2,
                          "Sort Key": [
                            "(CASE WHEN (adult_raw_100000.occupation IS NULL) THEN NULL::text ELSE (\"substring\"(adult_raw_100000.occupation, 1, 3) || '***'::text) END)"
                          ],
                          "Sort Method": "quicksort",
                          "Sort Space Used": 26,
                          "Sort Space Type": "Memory",
                          "Shared Hit Blocks": 1888,
                          "Shared Read Blocks": 0,
                          "Shared Dirtied Blocks": 0,
                          "Shared Written Blocks": 0,
                          "Local Hit Blocks": 0,
                          "Local Read Blocks": 0,
                          "Local Dirtied Blocks": 0,
                          "Local Written Blocks": 0,
                          "Temp Read Blocks": 0,
                          "Temp Written Blocks": 0,
                          "Workers": [
                            {
                              "Worker Number": 0,
                              "Sort Method": "quicksort",
                              "Sort Space Used": 26,
                              "Sort Space Type": "Memory"
                            }
                          ],
                          "Plans": [
                            {
                              "Node Type": "Aggregate",
                              "Strategy": "Hashed",
                              "Partial Mode": "Partial",
                              "Parent Relationship": "Outer",
                              "Parallel Aware": false,
                              "Async Capable": false,
                              "Startup Cost": 4368.25,
                              "Total Cost": 4368.47,
                              "Plan Rows": 15,
                              "Plan Width": 104,
                              "Actual Startup Time": 31.598,
                              "Actual Total Time": 31.6,
                              "Actual Rows": 14,
                              "Actual Loops": 2,
                              "Group Key": [
                                "CASE WHEN (adult_raw_100000.occupation IS NULL) THEN NULL::text ELSE (\"substring\"(adult_raw_100000.occupation, 1, 3) || '***'::text) END"
                              ],
                              "Planned Partitions": 0,
                              "HashAgg Batches": 1,
                              "Peak Memory Usage": 24,
                              "Disk Usage": 0,
                              "Shared Hit Blocks": 1880,
                              "Shared Read Blocks": 0,
                              "Shared Dirtied Blocks": 0,
                              "Shared Written Blocks": 0,
                              "Local Hit Blocks": 0,
                              "Local Read Blocks": 0,
                              "Local Dirtied Blocks": 0,
                              "Local Written Blocks": 0,
                              "Temp Read Blocks": 0,
                              "Temp Written Blocks": 0,
                              "Workers": [
                                {
                                  "Worker Number": 0,
                                  "HashAgg Batches": 1,
                                  "Peak Memory Usage": 24,
                                  "Disk Usage": 0
                                }
                              ],
                              "Plans": [
                                {
                                  "Node Type": "Seq Scan",
                                  "Parent Relationship": "Outer",
                                  "Parallel Aware": true,
                                  "Async Capable": false,
                                  "Relation Name": "adult_raw_100000",
                                  "Alias": "adult_raw_100000",
                                  "Startup Cost": 0.0,
                                  "Total Cost": 3494.71,
                                  "Plan Rows": 58236,
                                  "Plan Width": 40,
                                  "Actual Startup Time": 0.009,
                                  "Actual Total Time": 22.634,
                                  "Actual Rows": 50000,
                                  "Actual Loops": 2,
                                  "Filter": "((CASE WHEN (occupation IS NULL) THEN NULL::text ELSE (\"substring\"(occupation, 1, 3) || '***'::text) END IS NOT NULL) AND (CASE WHEN (occupation IS NULL) THEN NULL::text ELSE (\"substring\"(occupation, 1, 3) || '***'::text) END <> '?'::text))",
                                  "Rows Removed by Filter": 0,
                                  "Shared Hit Blocks": 1880,
                                  "Shared Read Blocks": 0,
                                  "Shared Dirtied Blocks": 0,
                                  "Shared Written Blocks": 0,
                                  "Local Hit Blocks": 0,
                                  "Local Read Blocks": 0,
                                  "Local Dirtied Blocks": 0,
                                  "Local Written Blocks": 0,
                                  "Temp Read Blocks": 0,
                                  "Temp Written Blocks": 0,
                                  "Workers": []
                                }
                              ]
                            }
                          ]
                        }
                      ]
                    }
                  ]
                }
              ]
            }
          ]
        },
        "Planning": {
          "Shared Hit Blocks": 0,
          "Shared Read Blocks": 0,
          "Shared Dirtied Blocks": 0,
          "Shared Written Blocks": 0,
          "Local Hit Blocks": 0,
          "Local Read Blocks": 0,
          "Local Dirtied Blocks": 0,
          "Local Written Blocks": 0,
          "Temp Read Blocks": 0,
          "Temp Written Blocks": 0
        },
        "Planning Time": 0.112,
        "Triggers": [],
        "Execution Time": 35.593
      }
    },
    {
      "experiment": "baseline_view_topk",
      "system": "view",
      "role": "postgres",
      "query_idx": 1,
      "query": "-- Healthcare: Top medications by usage with billing stats\nSELECT medication,\n       COUNT(*) as prescription_count,\n       AVG(billing_amount) as avg_cost,\n       MIN(billing_amount) as min_cost,\n   ",
      "runs": 5,
      "wall_clock_median_ms": 57.46523599373177,
      "wall_clock_mean_ms": 62.74693239829503,
      "wall_clock_std_ms": 8.116181821810018,
      "execution_median_ms": 62.619,
      "execution_mean_ms": 67.2082,
      "planning_median_ms": 0.14,
      "row_count": 5,
      "explain_plan": {
        "Plan": {
          "Node Type": "Limit",
          "Parallel Aware": false,
          "Async Capable": false,
          "Startup Cost": 5767.98,
          "Total Cost": 5767.99,
          "Plan Rows": 5,
          "Plan Width": 113,
          "Actual Startup Time": 53.678,
          "Actual Total Time": 55.844,
          "Actual Rows": 5,
          "Actual Loops": 1,
          "Shared Hit Blocks": 2128,
          "Shared Read Blocks": 0,
          "Shared Dirtied Blocks": 0,
          "Shared Written Blocks": 0,
          "Local Hit Blocks": 0,
          "Local Read Blocks": 0,
          "Local Dirtied Blocks": 0,
          "Local Written Blocks": 0,
          "Temp Read Blocks": 0,
          "Temp Written Blocks": 0,
          "Plans": [
            {
              "Node Type": "Sort",
              "Parent Relationship": "Outer",
              "Parallel Aware": false,
              "Async Capable": false,
              "Startup Cost": 5767.98,
              "Total Cost": 5767.99,
              "Plan Rows": 5,
              "Plan Width": 113,
              "Actual Startup Time": 53.677,
              "Actual Total Time": 55.841,
              "Actual Rows": 5,
              "Actual Loops": 1,
              "Sort Key": [
                "(count(*)) DESC"
              ],
              "Sort Method": "quicksort",
              "Sort Space Used": 25,
              "Sort Space Type": "Memory",
              "Shared Hit Blocks": 2128,
              "Shared Read Blocks": 0,
              "Shared Dirtied Blocks": 0,
              "Shared Written Blocks": 0,
              "Local Hit Blocks": 0,
              "Local Read Blocks": 0,
              "Local Dirtied Blocks": 0,
              "Local Written Blocks": 0,
              "Temp Read Blocks": 0,
              "Temp Written Blocks": 0,
              "Plans": [
                {
                  "Node Type": "Aggregate",
                  "Strategy": "Sorted",
                  "Partial Mode": "Finalize",
                  "Parent Relationship": "Outer",
                  "Parallel Aware": false,
                  "Async Capable": false,
                  "Startup Cost": 5767.21,
                  "Total Cost": 5767.92,
                  "Plan Rows": 5,
                  "Plan Width": 113,
                  "Actual Startup Time": 53.657,
                  "Actual Total Time": 55.835,
                  "Actual Rows": 5,
                  "Actual Loops": 1,
                  "Group Key": [
                    "healthcare_raw_100000.medication"
                  ],
                  "Shared Hit Blocks": 2128,
                  "Shared Read Blocks": 0,
                  "Shared Dirtied Blocks": 0,
                  "Shared Written Blocks": 0,
                  "Local Hit Blocks": 0,
                  "Local Read Blocks": 0,
                  "Local Dirtied Blocks": 0,
                  "Local Written Blocks": 0,
                  "Temp Read Blocks": 0,
                  "Temp Written Blocks": 0,
                  "Plans": [
                    {
                      "Node Type": "Gather Merge",
                      "Parent Relationship": "Outer",
                      "Parallel Aware": false,
                      "Async Capable": false,
                      "Startup Cost": 5767.21,
                      "Total Cost": 5767.78,
                      "Plan Rows": 5,
                      "Plan Width": 113,
                      "Actual Startup Time": 53.637,
                      "Actual Total Time": 55.804,
                      "Actual Rows": 10,
                      "Actual Loops": 1,
                      "Workers Planned": 1,
                      "Workers Launched": 1,
                      "Shared Hit Blocks": 2128,
                      "Shared Read Blocks": 0,
                      "Shared Dirtied Blocks": 0,
                      "Shared Written Blocks": 0,
                      "Local Hit Blocks": 0,
                      "Local Read Blocks": 0,
                      "Local Dirtied Blocks": 0,
                      "Local Written Blocks": 0,
                      "Temp Read Blocks": 0,
                      "Temp Written Blocks": 0,
                      "Plans": [
                        {
                          "Node Type": "Sort",
                          "Parent Relationship": "Outer",
                          "Parallel Aware": false,
                          "Async Capable": false,
                          "Startup Cost": 4767.2,
                          "Total Cost": 4767.21,
                          "Plan Rows": 5,
                          "Plan Width": 113,
                          "Actual Startup Time": 51.003,
                          "Actual Total Time": 51.005,
                          "Actual Rows": 5,
                          "Actual Loops": 2,
                          "Sort Key": [
                            "healthcare_raw_100000.medication"
                          ],
                          "Sort Method": "quicksort",
                          "Sort Space Used": 25,
                          "Sort Space Type": "Memory",
                          "Shared Hit Blocks": 2128,
                          "Shared Read Blocks": 0,
                          "Shared Dirtied Blocks": 0,
                          "Shared Written Blocks": 0,
                          "Local Hit Blocks": 0,
                          "Local Read Blocks": 0,
                          "Local Dirtied Blocks": 0,
                          "Local Written Blocks": 0,
                          "Temp Read Blocks": 0,
                          "Temp Written Blocks": 0,
                          "Workers": [
                            {
                              "Worker Number": 0,
                              "Sort Method": "quicksort",
                              "Sort Space Used": 25,
                              "Sort Space Type": "Memory"
                            }
                          ],
                          "Plans": [
                            {
                              "Node Type": "Aggregate",
                              "Strategy": "Hashed",
                              "Partial Mode": "Partial",
                              "Parent Relationship": "Outer",
                              "Parallel Aware": false,
                              "Async Capable": false,
                              "Startup Cost": 4767.08,
                              "Total Cost": 4767.14,
                              "Plan Rows": 5,
                              "Plan Width": 113,
                              "Actual Startup Time": 50.971,
                              "Actual Total Time": 50.974,
                              "Actual Rows": 5,
                              "Actual Loops": 2,
                              "Group Key": [
                                "healthcare_raw_100000.medication"
                              ],
                              "Planned Partitions": 0,
                              "HashAgg Batches": 1,
                              "Peak Memory Usage": 24,
                              "Disk Usage": 0,
                              "Shared Hit Blocks": 2120,
                              "Shared Read Blocks": 0,
                              "Shared Dirtied Blocks": 0,
                              "Shared Written Blocks": 0,
                              "Local Hit Blocks": 0,
                              "Local Read Blocks": 0,
                              "Local Dirtied Blocks": 0,
                              "Local Written Blocks": 0,
                              "Temp Read Blocks": 0,
                              "Temp Written Blocks": 0,
                              "Workers": [
                                {
                                  "Worker Number": 0,
                                  "HashAgg Batches": 1,
                                  "Peak Memory Usage": 24,
                                  "Disk Usage": 0
                                }
                              ],
                              "Plans": [
                                {
                                  "Node Type": "Seq Scan",
                                  "Parent Relationship": "Outer",
                                  "Parallel Aware": true,
                                  "Async Capable": false,
                                  "Relation Name": "healthcare_raw_100000",
                                  "Alias": "healthcare_raw_100000",
                                  "Startup Cost": 0.0,
                                  "Total Cost": 2708.24,
                                  "Plan Rows": 58824,
                                  "Plan Width": 17,
                                  "Actual Startup Time": 0.013,
                                  "Actual Total Time": 8.48,
                                  "Actual Rows": 50000,
                                  "Actual Loops": 2,
                                  "Filter": "(medication IS NOT NULL)",
                                  "Rows Removed by Filter": 0,
                                  "Shared Hit Blocks": 2120,
                                  "Shared Read Blocks": 0,
                                  "Shared Dirtied Blocks": 0,
                                  "Shared Written Blocks": 0,
                                  "Local Hit Blocks": 0,
                                  "Local Read Blocks": 0,
                                  "Local Dirtied Blocks": 0,
                                  "Local Written Blocks": 0,
                                  "Temp Read Blocks": 0,
                                  "Temp Written Blocks": 0,
                                  "Workers": []
                                }
                              ]
                            }
                          ]
                        }
                      ]
                    }
                  ]
                }
              ]
            }
          ]
        },
        "Planning": {
          "Shared Hit Blocks": 0,
          "Shared Read Blocks": 0,
          "Shared Dirtied Blocks": 0,
          "Shared Written Blocks": 0,
          "Local Hit Blocks": 0,
          "Local Read Blocks": 0,
          "Local Dirtied Blocks": 0,
          "Local Written Blocks": 0,
          "Temp Read Blocks": 0,
          "Temp Written Blocks": 0
        },
        "Planning Time": 0.115,
        "Triggers": [],
        "Execution Time": 55.885
      }
    },
    {
      "experiment": "anon_dynamic_point_lookup",
      "system": "dynamic",
      "role": "masked_user",
      "query_idx": 0,
      "query": "-- Workload 1: Point Lookup\n-- Tests: Index scan performance, masking overhead on single row\n\n-- Adult table\nSELECT * FROM adult_raw_100000 WHERE id = 5000",
      "runs": 5,
      "wall_clock_median_ms": 1.0228680039290339,
      "wall_clock_mean_ms": 1.0642846027622,
      "wall_clock_std_ms": 0.3436497653349088,
      "execution_median_ms": null,
      "execution_mean_ms": null,
      "planning_median_ms": 0,
      "row_count": 1,
      "explain_plan": null
    },
    {
      "experiment": "anon_dynamic_point_lookup",
      "system": "dynamic",
      "role": "masked_user",
      "query_idx": 1,
      "query": "-- Healthcare table  \nSELECT * FROM healthcare_raw_100000 WHERE id = 5000",
      "runs": 5,
      "wall_clock_median_ms": 1.4026090066181496,
      "wall_clock_mean_ms": 1.3039940036833286,
      "wall_clock_std_ms": 0.37361357877755436,
      "execution_median_ms": null,
      "execution_mean_ms": null,
      "planning_median_ms": 0,
      "row_count": 1,
      "explain_plan": null
    },
    {
      "experiment": "anon_dynamic_range",
      "system": "dynamic",
      "role": "masked_user",
      "query_idx": 0,
      "query": "-- Workload 2: Range Query with Aggregation\n-- Tests: Sequential scan, aggregation performance, masking impact on filtering\n\n-- Adult: Count people in age range\nSELECT COUNT(*) FROM adult_raw_100000 W",
      "runs": 5,
      "wall_clock_median_ms": 1621.2030300084734,
      "wall_clock_mean_ms": 1668.6628376046428,
      "wall_clock_std_ms": 122.06868305899695,
      "execution_median_ms": null,
      "execution_mean_ms": null,
      "planning_median_ms": 0,
      "row_count": 1,
      "explain_plan": null
    },
    {
      "experiment": "anon_dynamic_range",
      "system": "dynamic",
      "role": "masked_user",
      "query_idx": 1,
      "query": "-- Healthcare: Average billing in age range\nSELECT AVG(billing_amount) FROM healthcare_raw_100000 WHERE age BETWEEN 30 AND 50",
      "runs": 5,
      "wall_clock_median_ms": 4163.053593001678,
      "wall_clock_mean_ms": 4194.693829599419,
      "wall_clock_std_ms": 131.52532293262482,
      "execution_median_ms": null,
      "execution_mean_ms": null,
      "planning_median_ms": 0,
      "row_count": 1,
      "explain_plan": null
    },
    {
      "experiment": "anon_dynamic_groupby",
      "system": "dynamic",
      "role": "masked_user",
      "query_idx": 0,
      "query": "-- Workload 3: Group By Aggregation\n-- Tests: Hash aggregate performance, impact of masked columns on grouping\n\n-- Adult: Income distribution by education\nSELECT education, income, COUNT(*) as cnt, AV",
      "runs": 5,
      "wall_clock_median_ms": 1758.2787760038627,
      "wall_clock_mean_ms": 2148.83109240036,
      "wall_clock_std_ms": 789.1238842180558,
      "execution_median_ms": null,
      "execution_mean_ms": null,
      "planning_median_ms": 0,
      "row_count": 12,
      "explain_plan": null
    },
    {
      "experiment": "anon_dynamic_groupby",
      "system": "dynamic",
      "role": "masked_user",
      "query_idx": 1,
      "query": "-- Healthcare: Condition distribution by gender\nSELECT medical_condition, gender, COUNT(*) as patient_count, AVG(billing_amount) as avg_billing\nFROM healthcare_raw_100000\nGROUP BY medical_condition, g",
      "runs": 5,
      "wall_clock_median_ms": 4156.853093998507,
      "wall_clock_mean_ms": 4164.079312200192,
      "wall_clock_std_ms": 112.57087252427141,
      "execution_median_ms": null,
      "execution_mean_ms": null,
      "planning_median_ms": 0,
      "row_count": 12,
      "explain_plan": null
    },
    {
      "experiment": "anon_dynamic_distinct",
      "system": "dynamic",
      "role": "masked_user",
      "query_idx": 0,
      "query": "-- Workload 4: Distinct Count\n-- Tests: Impact of masking on cardinality estimation, HashAggregate performance\n\n-- Adult: Unique occupations by education level\nSELECT education, COUNT(DISTINCT occupat",
      "runs": 5,
      "wall_clock_median_ms": 1654.3758870102465,
      "wall_clock_mean_ms": 1732.2122668032534,
      "wall_clock_std_ms": 171.36291201750277,
      "execution_median_ms": null,
      "execution_mean_ms": null,
      "planning_median_ms": 0,
      "row_count": 6,
      "explain_plan": null
    },
    {
      "experiment": "anon_dynamic_distinct",
      "system": "dynamic",
      "role": "masked_user",
      "query_idx": 1,
      "query": "-- Healthcare: Unique doctors per hospital\nSELECT hospital, COUNT(DISTINCT doctor) as doctor_count\nFROM healthcare_raw_100000\nGROUP BY hospital\nORDER BY doctor_count DESC",
      "runs": 5,
      "wall_clock_median_ms": 4522.811006012489,
      "wall_clock_mean_ms": 5680.232811198221,
      "wall_clock_std_ms": 2403.9060383803267,
      "execution_median_ms": null,
      "execution_mean_ms": null,
      "planning_median_ms": 0,
      "row_count": 39292,
      "explain_plan": null
    },
    {
      "experiment": "anon_dynamic_topk",
      "system": "dynamic",
      "role": "masked_user",
      "query_idx": 0,
      "query": "-- Workload 5: Top-K Analytic Query\n-- Tests: Sort performance, window functions, masking impact on ordering\n\n-- Adult: Top 10 most common occupations with income stats\nSELECT occupation, \n       COUN",
      "runs": 5,
      "wall_clock_median_ms": 1669.7342269908404,
      "wall_clock_mean_ms": 1724.4753142003901,
      "wall_clock_std_ms": 227.9623363946717,
      "execution_median_ms": null,
      "execution_mean_ms": null,
      "planning_median_ms": 0,
      "row_count": 1,
      "explain_plan": null
    },
    {
      "experiment": "anon_dynamic_topk",
      "system": "dynamic",
      "role": "masked_user",
      "query_idx": 1,
      "query": "-- Healthcare: Top medications by usage with billing stats\nSELECT medication,\n       COUNT(*) as prescription_count,\n       AVG(billing_amount) as avg_cost,\n       MIN(billing_amount) as min_cost,\n   ",
      "runs": 5,
      "wall_clock_median_ms": 4244.719677997637,
      "wall_clock_mean_ms": 4221.282235399121,
      "wall_clock_std_ms": 74.87138610222287,
      "execution_median_ms": null,
      "execution_mean_ms": null,
      "planning_median_ms": 0,
      "row_count": 5,
      "explain_plan": null
    },
    {
      "experiment": "anon_static_point_lookup",
      "system": "static",
      "role": "postgres",
      "query_idx": 0,
      "query": "-- Workload 1: Point Lookup\n-- Tests: Index scan performance, masking overhead on single row\n\n-- Adult table\nSELECT * FROM adult_static_masked WHERE id = 5000",
      "runs": 5,
      "wall_clock_median_ms": 9.583113991538994,
      "wall_clock_mean_ms": 8.375175797846168,
      "wall_clock_std_ms": 2.4297555548936063,
      "execution_median_ms": 6.228,
      "execution_mean_ms": 5.5912,
      "planning_median_ms": 0.061,
      "row_count": 1,
      "explain_plan": {
        "Plan": {
          "Node Type": "Seq Scan",
          "Parallel Aware": false,
          "Async Capable": false,
          "Relation Name": "adult_static_masked",
          "Alias": "adult_static_masked",
          "Startup Cost": 0.0,
          "Total Cost": 3107.0,
          "Plan Rows": 1,
          "Plan Width": 112,
          "Actual Startup Time": 0.475,
          "Actual Total Time": 6.196,
          "Actual Rows": 1,
          "Actual Loops": 1,
          "Filter": "(id = 5000)",
          "Rows Removed by Filter": 99999,
          "Shared Hit Blocks": 1857,
          "Shared Read Blocks": 0,
          "Shared Dirtied Blocks": 0,
          "Shared Written Blocks": 0,
          "Local Hit Blocks": 0,
          "Local Read Blocks": 0,
          "Local Dirtied Blocks": 0,
          "Local Written Blocks": 0,
          "Temp Read Blocks": 0,
          "Temp Written Blocks": 0
        },
        "Planning": {
          "Shared Hit Blocks": 0,
          "Shared Read Blocks": 0,
          "Shared Dirtied Blocks": 0,
          "Shared Written Blocks": 0,
          "Local Hit Blocks": 0,
          "Local Read Blocks": 0,
          "Local Dirtied Blocks": 0,
          "Local Written Blocks": 0,
          "Temp Read Blocks": 0,
          "Temp Written Blocks": 0
        },
        "Planning Time": 0.076,
        "Triggers": [],
        "Execution Time": 6.228
      }
    },
    {
      "experiment": "anon_static_point_lookup",
      "system": "static",
      "role": "postgres",
      "query_idx": 1,
      "query": "-- Healthcare table  \nSELECT * FROM healthcare_static_masked WHERE id = 5000",
      "runs": 5,
      "wall_clock_median_ms": 7.884646009188145,
      "wall_clock_mean_ms": 7.634863004204817,
      "wall_clock_std_ms": 0.6151313434537272,
      "execution_median_ms": 6.181,
      "execution_mean_ms": 6.9334,
      "planning_median_ms": 0.068,
      "row_count": 1,
      "explain_plan": {
        "Plan": {
          "Node Type": "Seq Scan",
          "Parallel Aware": false,
          "Async Capable": false,
          "Relation Name": "healthcare_static_masked",
          "Alias": "healthcare_static_masked",
          "Startup Cost": 0.0,
          "Total Cost": 3320.0,
          "Plan Rows": 1,
          "Plan Width": 125,
          "Actual Startup Time": 0.554,
          "Actual Total Time": 9.127,
          "Actual Rows": 1,
          "Actual Loops": 1,
          "Filter": "(id = 5000)",
          "Rows Removed by Filter": 99999,
          "Shared Hit Blocks": 2070,
          "Shared Read Blocks": 0,
          "Shared Dirtied Blocks": 0,
          "Shared Written Blocks": 0,
          "Local Hit Blocks": 0,
          "Local Read Blocks": 0,
          "Local Dirtied Blocks": 0,
          "Local Written Blocks": 0,
          "Temp Read Blocks": 0,
          "Temp Written Blocks": 0
        },
        "Planning": {
          "Shared Hit Blocks": 0,
          "Shared Read Blocks": 0,
          "Shared Dirtied Blocks": 0,
          "Shared Written Blocks": 0,
          "Local Hit Blocks": 0,
          "Local Read Blocks": 0,
          "Local Dirtied Blocks": 0,
          "Local Written Blocks": 0,
          "Temp Read Blocks": 0,
          "Temp Written Blocks": 0
        },
        "Planning Time": 0.068,
        "Triggers": [],
        "Execution Time": 9.161
      }
    },
    {
      "experiment": "anon_static_range",
      "system": "static",
      "role": "postgres",
      "query_idx": 0,
      "query": "-- Workload 2: Range Query with Aggregation\n-- Tests: Sequential scan, aggregation performance, masking impact on filtering\n\n-- Adult: Count people in age range\nSELECT COUNT(*) FROM adult_static_maske",
      "runs": 5,
      "wall_clock_median_ms": 5.287749998387881,
      "wall_clock_mean_ms": 5.492605199106038,
      "wall_clock_std_ms": 0.40966493757406536,
      "execution_median_ms": 7.195,
      "execution_mean_ms": 8.39,
      "planning_median_ms": 0.124,
      "row_count": 1,
      "explain_plan": {
        "Plan": {
          "Node Type": "Aggregate",
          "Strategy": "Plain",
          "Partial Mode": "Simple",
          "Parallel Aware": false,
          "Async Capable": false,
          "Startup Cost": 1251.71,
          "Total Cost": 1251.72,
          "Plan Rows": 1,
          "Plan Width": 8,
          "Actual Startup Time": 7.173,
          "Actual Total Time": 7.174,
          "Actual Rows": 1,
          "Actual Loops": 1,
          "Shared Hit Blocks": 49,
          "Shared Read Blocks": 0,
          "Shared Dirtied Blocks": 0,
          "Shared Written Blocks": 0,
          "Local Hit Blocks": 0,
          "Local Read Blocks": 0,
          "Local Dirtied Blocks": 0,
          "Local Written Blocks": 0,
          "Temp Read Blocks": 0,
          "Temp Written Blocks": 0,
          "Plans": [
            {
              "Node Type": "Index Only Scan",
              "Parent Relationship": "Outer",
              "Parallel Aware": false,
              "Async Capable": false,
              "Scan Direction": "Forward",
              "Index Name": "idx_adult_static_age",
              "Relation Name": "adult_static_masked",
              "Alias": "adult_static_masked",
              "Startup Cost": 0.29,
              "Total Cost": 1118.53,
              "Plan Rows": 53272,
              "Plan Width": 0,
              "Actual Startup Time": 0.011,
              "Actual Total Time": 3.987,
              "Actual Rows": 53355,
              "Actual Loops": 1,
              "Index Cond": "((age >= 25) AND (age <= 45))",
              "Rows Removed by Index Recheck": 0,
              "Heap Fetches": 0,
              "Shared Hit Blocks": 49,
              "Shared Read Blocks": 0,
              "Shared Dirtied Blocks": 0,
              "Shared Written Blocks": 0,
              "Local Hit Blocks": 0,
              "Local Read Blocks": 0,
              "Local Dirtied Blocks": 0,
              "Local Written Blocks": 0,
              "Temp Read Blocks": 0,
              "Temp Written Blocks": 0
            }
          ]
        },
        "Planning": {
          "Shared Hit Blocks": 6,
          "Shared Read Blocks": 0,
          "Shared Dirtied Blocks": 0,
          "Shared Written Blocks": 0,
          "Local Hit Blocks": 0,
          "Local Read Blocks": 0,
          "Local Dirtied Blocks": 0,
          "Local Written Blocks": 0,
          "Temp Read Blocks": 0,
          "Temp Written Blocks": 0
        },
        "Planning Time": 0.104,
        "Triggers": [],
        "Execution Time": 7.195
      }
    },
    {
      "experiment": "anon_static_range",
      "system": "static",
      "role": "postgres",
      "query_idx": 1,
      "query": "-- Healthcare: Average billing in age range\nSELECT AVG(billing_amount) FROM healthcare_static_masked WHERE age BETWEEN 30 AND 50",
      "runs": 5,
      "wall_clock_median_ms": 25.307495991000906,
      "wall_clock_mean_ms": 25.030815199716017,
      "wall_clock_std_ms": 7.593945620435061,
      "execution_median_ms": 26.153,
      "execution_mean_ms": 24.8402,
      "planning_median_ms": 0.133,
      "row_count": 1,
      "explain_plan": {
        "Plan": {
          "Node Type": "Aggregate",
          "Strategy": "Plain",
          "Partial Mode": "Simple",
          "Parallel Aware": false,
          "Async Capable": false,
          "Startup Cost": 2969.94,
          "Total Cost": 2969.95,
          "Plan Rows": 1,
          "Plan Width": 32,
          "Actual Startup Time": 26.096,
          "Actual Total Time": 26.1,
          "Actual Rows": 1,
          "Actual Loops": 1,
          "Shared Hit Blocks": 2099,
          "Shared Read Blocks": 0,
          "Shared Dirtied Blocks": 0,
          "Shared Written Blocks": 0,
          "Local Hit Blocks": 0,
          "Local Read Blocks": 0,
          "Local Dirtied Blocks": 0,
          "Local Written Blocks": 0,
          "Temp Read Blocks": 0,
          "Temp Written Blocks": 0,
          "Plans": [
            {
              "Node Type": "Bitmap Heap Scan",
              "Parent Relationship": "Outer",
              "Parallel Aware": false,
              "Async Capable": false,
              "Relation Name": "healthcare_static_masked",
              "Alias": "healthcare_static_masked",
              "Startup Cost": 352.71,
              "Total Cost": 2891.76,
              "Plan Rows": 31270,
              "Plan Width": 8,
              "Actual Startup Time": 3.341,
              "Actual Total Time": 14.324,
              "Actual Rows": 30794,
              "Actual Loops": 1,
              "Recheck Cond": "((age >= 30) AND (age <= 50))",
              "Rows Removed by Index Recheck": 0,
              "Exact Heap Blocks": 2070,
              "Lossy Heap Blocks": 0,
              "Shared Hit Blocks": 2099,
              "Shared Read Blocks": 0,
              "Shared Dirtied Blocks": 0,
              "Shared Written Blocks": 0,
              "Local Hit Blocks": 0,
              "Local Read Blocks": 0,
              "Local Dirtied Blocks": 0,
              "Local Written Blocks": 0,
              "Temp Read Blocks": 0,
              "Temp Written Blocks": 0,
              "Plans": [
                {
                  "Node Type": "Bitmap Index Scan",
                  "Parent Relationship": "Outer",
                  "Parallel Aware": false,
                  "Async Capable": false,
                  "Index Name": "idx_healthcare_static_age",
                  "Startup Cost": 0.0,
                  "Total Cost": 344.89,
                  "Plan Rows": 31270,
                  "Plan Width": 0,
                  "Actual Startup Time": 2.724,
                  "Actual Total Time": 2.725,
                  "Actual Rows": 30794,
                  "Actual Loops": 1,
                  "Index Cond": "((age >= 30) AND (age <= 50))",
                  "Shared Hit Blocks": 29,
                  "Shared Read Blocks": 0,
                  "Shared Dirtied Blocks": 0,
                  "Shared Written Blocks": 0,
                  "Local Hit Blocks": 0,
                  "Local Read Blocks": 0,
                  "Local Dirtied Blocks": 0,
                  "Local Written Blocks": 0,
                  "Temp Read Blocks": 0,
                  "Temp Written Blocks": 0
                }
              ]
            }
          ]
        },
        "Planning": {
          "Shared Hit Blocks": 0,
          "Shared Read Blocks": 0,
          "Shared Dirtied Blocks": 0,
          "Shared Written Blocks": 0,
          "Local Hit Blocks": 0,
          "Local Read Blocks": 0,
          "Local Dirtied Blocks": 0,
          "Local Written Blocks": 0,
          "Temp Read Blocks": 0,
          "Temp Written Blocks": 0
        },
        "Planning Time": 0.124,
        "Triggers": [],
        "Execution Time": 26.153
      }
    },
    {
      "experiment": "anon_static_groupby",
      "system": "static",
      "role": "postgres",
      "query_idx": 0,
      "query": "-- Workload 3: Group By Aggregation\n-- Tests: Hash aggregate performance, impact of masked columns on grouping\n\n-- Adult: Income distribution by education\nSELECT education, income, COUNT(*) as cnt, AV",
      "runs": 5,
      "wall_clock_median_ms": 30.13560999534093,
      "wall_clock_mean_ms": 31.055584194837138,
      "wall_clock_std_ms": 7.672947193393158,
      "execution_median_ms": 31.361,
      "execution_mean_ms": 37.8448,
      "planning_median_ms": 0.111,
      "row_count": 20,
      "explain_plan": {
        "Plan": {
          "Node Type": "Limit",
          "Parallel Aware": false,
          "Async Capable": false,
          "Startup Cost": 3858.2,
          "Total Cost": 3858.25,
          "Plan Rows": 20,
          "Plan Width": 54,
          "Actual Startup Time": 53.49,
          "Actual Total Time": 53.495,
          "Actual Rows": 20,
          "Actual Loops": 1,
          "Shared Hit Blocks": 1857,
          "Shared Read Blocks": 0,
          "Shared Dirtied Blocks": 0,
          "Shared Written Blocks": 0,
          "Local Hit Blocks": 0,
          "Local Read Blocks": 0,
          "Local Dirtied Blocks": 0,
          "Local Written Blocks": 0,
          "Temp Read Blocks": 0,
          "Temp Written Blocks": 0,
          "Plans": [
            {
              "Node Type": "Sort",
              "Parent Relationship": "Outer",
              "Parallel Aware": false,
              "Async Capable": false,
              "Startup Cost": 3858.2,
              "Total Cost": 3858.28,
              "Plan Rows": 32,
              "Plan Width": 54,
              "Actual Startup Time": 53.488,
              "Actual Total Time": 53.49,
              "Actual Rows": 20,
              "Actual Loops": 1,
              "Sort Key": [
                "(count(*)) DESC"
              ],
              "Sort Method": "quicksort",
              "Sort Space Used": 27,
              "Sort Space Type": "Memory",
              "Shared Hit Blocks": 1857,
              "Shared Read Blocks": 0,
              "Shared Dirtied Blocks": 0,
              "Shared Written Blocks": 0,
              "Local Hit Blocks": 0,
              "Local Read Blocks": 0,
              "Local Dirtied Blocks": 0,
              "Local Written Blocks": 0,
              "Temp Read Blocks": 0,
              "Temp Written Blocks": 0,
              "Plans": [
                {
                  "Node Type": "Aggregate",
                  "Strategy": "Hashed",
                  "Partial Mode": "Simple",
                  "Parent Relationship": "Outer",
                  "Parallel Aware": false,
                  "Async Capable": false,
                  "Startup Cost": 3857.0,
                  "Total Cost": 3857.4,
                  "Plan Rows": 32,
                  "Plan Width": 54,
                  "Actual Startup Time": 53.437,
                  "Actual Total Time": 53.455,
                  "Actual Rows": 32,
                  "Actual Loops": 1,
                  "Group Key": [
                    "education",
                    "income"
                  ],
                  "Planned Partitions": 0,
                  "HashAgg Batches": 1,
                  "Peak Memory Usage": 24,
                  "Disk Usage": 0,
                  "Shared Hit Blocks": 1857,
                  "Shared Read Blocks": 0,
                  "Shared Dirtied Blocks": 0,
                  "Shared Written Blocks": 0,
                  "Local Hit Blocks": 0,
                  "Local Read Blocks": 0,
                  "Local Dirtied Blocks": 0,
                  "Local Written Blocks": 0,
                  "Temp Read Blocks": 0,
                  "Temp Written Blocks": 0,
                  "Plans": [
                    {
                      "Node Type": "Seq Scan",
                      "Parent Relationship": "Outer",
                      "Parallel Aware": false,
                      "Async Capable": false,
                      "Relation Name": "adult_static_masked",
                      "Alias": "adult_static_masked",
                      "Startup Cost": 0.0,
                      "Total Cost": 2857.0,
                      "Plan Rows": 100000,
                      "Plan Width": 18,
                      "Actual Startup Time": 0.006,
                      "Actual Total Time": 9.574,
                      "Actual Rows": 100000,
                      "Actual Loops": 1,
                      "Shared Hit Blocks": 1857,
                      "Shared Read Blocks": 0,
                      "Shared Dirtied Blocks": 0,
                      "Shared Written Blocks": 0,
                      "Local Hit Blocks": 0,
                      "Local Read Blocks": 0,
                      "Local Dirtied Blocks": 0,
                      "Local Written Blocks": 0,
                      "Temp Read Blocks": 0,
                      "Temp Written Blocks": 0
                    }
                  ]
                }
              ]
            }
          ]
        },
        "Planning": {
          "Shared Hit Blocks": 1,
          "Shared Read Blocks": 0,
          "Shared Dirtied Blocks": 0,
          "Shared Written Blocks": 0,
          "Local Hit Blocks": 0,
          "Local Read Blocks": 0,
          "Local Dirtied Blocks": 0,
          "Local Written Blocks": 0,
          "Temp Read Blocks": 0,
          "Temp Written Blocks": 0
        },
        "Planning Time": 0.124,
        "Triggers": [],
        "Execution Time": 53.549
      }
    },
    {
      "experiment": "anon_static_groupby",
      "system": "static",
      "role": "postgres",
      "query_idx": 1,
      "query": "-- Healthcare: Condition distribution by gender\nSELECT medical_condition, gender, COUNT(*) as patient_count, AVG(billing_amount) as avg_billing\nFROM healthcare_static_masked\nGROUP BY medical_condition",
      "runs": 5,
      "wall_clock_median_ms": 32.33275699312799,
      "wall_clock_mean_ms": 33.162885197089054,
      "wall_clock_std_ms": 4.053856222207451,
      "execution_median_ms": 41.902,
      "execution_mean_ms": 42.8826,
      "planning_median_ms": 0.097,
      "row_count": 12,
      "explain_plan": {
        "Plan": {
          "Node Type": "Limit",
          "Parallel Aware": false,
          "Async Capable": false,
          "Startup Cost": 4070.37,
          "Total Cost": 4070.4,
          "Plan Rows": 12,
          "Plan Width": 54,
          "Actual Startup Time": 54.52,
          "Actual Total Time": 54.522,
          "Actual Rows": 12,
          "Actual Loops": 1,
          "Shared Hit Blocks": 2070,
          "Shared Read Blocks": 0,
          "Shared Dirtied Blocks": 0,
          "Shared Written Blocks": 0,
          "Local Hit Blocks": 0,
          "Local Read Blocks": 0,
          "Local Dirtied Blocks": 0,
          "Local Written Blocks": 0,
          "Temp Read Blocks": 0,
          "Temp Written Blocks": 0,
          "Plans": [
            {
              "Node Type": "Sort",
              "Parent Relationship": "Outer",
              "Parallel Aware": false,
              "Async Capable": false,
              "Startup Cost": 4070.37,
              "Total Cost": 4070.4,
              "Plan Rows": 12,
              "Plan Width": 54,
              "Actual Startup Time": 54.517,
              "Actual Total Time": 54.518,
              "Actual Rows": 12,
              "Actual Loops": 1,
              "Sort Key": [
                "(count(*)) DESC"
              ],
              "Sort Method": "quicksort",
              "Sort Space Used": 25,
              "Sort Space Type": "Memory",
              "Shared Hit Blocks": 2070,
              "Shared Read Blocks": 0,
              "Shared Dirtied Blocks": 0,
              "Shared Written Blocks": 0,
              "Local Hit Blocks": 0,
              "Local Read Blocks": 0,
              "Local Dirtied Blocks": 0,
              "Local Written Blocks": 0,
              "Temp Read Blocks": 0,
              "Temp Written Blocks": 0,
              "Plans": [
                {
                  "Node Type": "Aggregate",
                  "Strategy": "Hashed",
                  "Partial Mode": "Simple",
                  "Parent Relationship": "Outer",
                  "Parallel Aware": false,
                  "Async Capable": false,
                  "Startup Cost": 4070.0,
                  "Total Cost": 4070.15,
                  "Plan Rows": 12,
                  "Plan Width": 54,
                  "Actual Startup Time": 54.471,
                  "Actual Total Time": 54.505,
                  "Actual Rows": 12,
                  "Actual Loops": 1,
                  "Group Key": [
                    "medical_condition",
                    "gender"
                  ],
                  "Planned Partitions": 0,
                  "HashAgg Batches": 1,
                  "Peak Memory Usage": 24,
                  "Disk Usage": 0,
                  "Shared Hit Blocks": 2070,
                  "Shared Read Blocks": 0,
                  "Shared Dirtied Blocks": 0,
                  "Shared Written Blocks": 0,
                  "Local Hit Blocks": 0,
                  "Local Read Blocks": 0,
                  "Local Dirtied Blocks": 0,
                  "Local Written Blocks": 0,
                  "Temp Read Blocks": 0,
                  "Temp Written Blocks": 0,
                  "Plans": [
                    {
                      "Node Type": "Seq Scan",
                      "Parent Relationship": "Outer",
                      "Parallel Aware": false,
                      "Async Capable": false,
                      "Relation Name": "healthcare_static_masked",
                      "Alias": "healthcare_static_masked",
                      "Startup Cost": 0.0,
                      "Total Cost": 3070.0,
                      "Plan Rows": 100000,
                      "Plan Width": 22,
                      "Actual Startup Time": 0.004,
                      "Actual Total Time": 9.616,
                      "Actual Rows": 100000,
                      "Actual Loops": 1,
                      "Shared Hit Blocks": 2070,
                      "Shared Read Blocks": 0,
                      "Shared Dirtied Blocks": 0,
                      "Shared Written Blocks": 0,
                      "Local Hit Blocks": 0,
                      "Local Read Blocks": 0,
                      "Local Dirtied Blocks": 0,
                      "Local Written Blocks": 0,
                      "Temp Read Blocks": 0,
                      "Temp Written Blocks": 0
                    }
                  ]
                }
              ]
            }
          ]
        },
        "Planning": {
          "Shared Hit Blocks": 1,
          "Shared Read Blocks": 0,
          "Shared Dirtied Blocks": 0,
          "Shared Written Blocks": 0,
          "Local Hit Blocks": 0,
          "Local Read Blocks": 0,
          "Local Dirtied Blocks": 0,
          "Local Written Blocks": 0,
          "Temp Read Blocks": 0,
          "Temp Written Blocks": 0
        },
        "Planning Time": 0.08,
        "Triggers": [],
        "Execution Time": 54.56
      }
    },
    {
      "experiment": "anon_static_distinct",
      "system": "static",
      "role": "postgres",
      "query_idx": 0,
      "query": "-- Workload 4: Distinct Count\n-- Tests: Impact of masking on cardinality estimation, HashAggregate performance\n\n-- Adult: Unique occupations by education level\nSELECT education, COUNT(DISTINCT occupat",
      "runs": 5,
      "wall_clock_median_ms": 56.665211988729425,
      "wall_clock_mean_ms": 59.47890460083727,
      "wall_clock_std_ms": 7.868532874096312,
      "execution_median_ms": 75.322,
      "execution_mean_ms": 74.6198,
      "planning_median_ms": 0.075,
      "row_count": 16,
      "explain_plan": {
        "Plan": {
          "Node Type": "Aggregate",
          "Strategy": "Sorted",
          "Partial Mode": "Simple",
          "Parallel Aware": false,
          "Async Capable": false,
          "Startup Cost": 621.46,
          "Total Cost": 11689.46,
          "Plan Rows": 16,
          "Plan Width": 17,
          "Actual Startup Time": 7.141,
          "Actual Total Time": 77.851,
          "Actual Rows": 16,
          "Actual Loops": 1,
          "Group Key": [
            "education"
          ],
          "Shared Hit Blocks": 21575,
          "Shared Read Blocks": 0,
          "Shared Dirtied Blocks": 0,
          "Shared Written Blocks": 0,
          "Local Hit Blocks": 0,
          "Local Read Blocks": 0,
          "Local Dirtied Blocks": 0,
          "Local Written Blocks": 0,
          "Temp Read Blocks": 0,
          "Temp Written Blocks": 0,
          "Plans": [
            {
              "Node Type": "Incremental Sort",
              "Parent Relationship": "Outer",
              "Parallel Aware": false,
              "Async Capable": false,
              "Startup Cost": 621.46,
              "Total Cost": 11189.3,
              "Plan Rows": 100000,
              "Plan Width": 22,
              "Actual Startup Time": 3.733,
              "Actual Total Time": 66.082,
              "Actual Rows": 100000,
              "Actual Loops": 1,
              "Sort Key": [
                "education",
                "occupation"
              ],
              "Presorted Key": [
                "education"
              ],
              "Full-sort Groups": {
                "Group Count": 16,
                "Sort Methods Used": [
                  "quicksort"
                ],
                "Sort Space Memory": {
                  "Average Sort Space Used": 27,
                  "Peak Sort Space Used": 27
                }
              },
              "Pre-sorted Groups": {
                "Group Count": 16,
                "Sort Methods Used": [
                  "quicksort"
                ],
                "Sort Space Memory": {
                  "Average Sort Space Used": 897,
                  "Peak Sort Space Used": 2004
                }
              },
              "Shared Hit Blocks": 21575,
              "Shared Read Blocks": 0,
              "Shared Dirtied Blocks": 0,
              "Shared Written Blocks": 0,
              "Local Hit Blocks": 0,
              "Local Read Blocks": 0,
              "Local Dirtied Blocks": 0,
              "Local Written Blocks": 0,
              "Temp Read Blocks": 0,
              "Temp Written Blocks": 0,
              "Plans": [
                {
                  "Node Type": "Index Scan",
                  "Parent Relationship": "Outer",
                  "Parallel Aware": false,
                  "Async Capable": false,
                  "Scan Direction": "Forward",
                  "Index Name": "idx_adult_static_education",
                  "Relation Name": "adult_static_masked",
                  "Alias": "adult_static_masked",
                  "Startup Cost": 0.29,
                  "Total Cost": 3634.16,
                  "Plan Rows": 100000,
                  "Plan Width": 22,
                  "Actual Startup Time": 0.011,
                  "Actual Total Time": 29.885,
                  "Actual Rows": 100000,
                  "Actual Loops": 1,
                  "Shared Hit Blocks": 21575,
                  "Shared Read Blocks": 0,
                  "Shared Dirtied Blocks": 0,
                  "Shared Written Blocks": 0,
                  "Local Hit Blocks": 0,
                  "Local Read Blocks": 0,
                  "Local Dirtied Blocks": 0,
                  "Local Written Blocks": 0,
                  "Temp Read Blocks": 0,
                  "Temp Written Blocks": 0
                }
              ]
            }
          ]
        },
        "Planning": {
          "Shared Hit Blocks": 0,
          "Shared Read Blocks": 0,
          "Shared Dirtied Blocks": 0,
          "Shared Written Blocks": 0,
          "Local Hit Blocks": 0,
          "Local Read Blocks": 0,
          "Local Dirtied Blocks": 0,
          "Local Written Blocks": 0,
          "Temp Read Blocks": 0,
          "Temp Written Blocks": 0
        },
        "Planning Time": 0.075,
        "Triggers": [],
        "Execution Time": 78.171
      }
    },
    {
      "experiment": "anon_static_distinct",
      "system": "static",
      "role": "postgres",
      "query_idx": 1,
      "query": "-- Healthcare: Unique doctors per hospital\nSELECT hospital, COUNT(DISTINCT doctor) as doctor_count\nFROM healthcare_static_masked\nGROUP BY hospital\nORDER BY doctor_count DESC",
      "runs": 5,
      "wall_clock_median_ms": 313.03156798821874,
      "wall_clock_mean_ms": 308.27612939465325,
      "wall_clock_std_ms": 19.846580262089287,
      "execution_median_ms": 246.423,
      "execution_mean_ms": 248.0756,
      "planning_median_ms": 0.081,
      "row_count": 39292,
      "explain_plan": {
        "Plan": {
          "Node Type": "Sort",
          "Parallel Aware": false,
          "Async Capable": false,
          "Startup Cost": 14909.27,
          "Total Cost": 14991.17,
          "Plan Rows": 32759,
          "Plan Width": 25,
          "Actual Startup Time": 224.941,
          "Actual Total Time": 226.606,
          "Actual Rows": 39292,
          "Actual Loops": 1,
          "Sort Key": [
            "(count(DISTINCT doctor)) DESC"
          ],
          "Sort Method": "quicksort",
          "Sort Space Used": 3318,
          "Sort Space Type": "Memory",
          "Shared Hit Blocks": 2070,
          "Shared Read Blocks": 0,
          "Shared Dirtied Blocks": 0,
          "Shared Written Blocks": 0,
          "Local Hit Blocks": 0,
          "Local Read Blocks": 0,
          "Local Dirtied Blocks": 0,
          "Local Written Blocks": 0,
          "Temp Read Blocks": 0,
          "Temp Written Blocks": 0,
          "Plans": [
            {
              "Node Type": "Aggregate",
              "Strategy": "Sorted",
              "Partial Mode": "Simple",
              "Parent Relationship": "Outer",
              "Parallel Aware": false,
              "Async Capable": false,
              "Startup Cost": 11374.82,
              "Total Cost": 12452.41,
              "Plan Rows": 32759,
              "Plan Width": 25,
              "Actual Startup Time": 194.925,
              "Actual Total Time": 220.168,
              "Actual Rows": 39292,
              "Actual Loops": 1,
              "Group Key": [
                "hospital"
              ],
              "Shared Hit Blocks": 2070,
              "Shared Read Blocks": 0,
              "Shared Dirtied Blocks": 0,
              "Shared Written Blocks": 0,
              "Local Hit Blocks": 0,
              "Local Read Blocks": 0,
              "Local Dirtied Blocks": 0,
              "Local Written Blocks": 0,
              "Temp Read Blocks": 0,
              "Temp Written Blocks": 0,
              "Plans": [
                {
                  "Node Type": "Sort",
                  "Parent Relationship": "Outer",
                  "Parallel Aware": false,
                  "Async Capable": false,
                  "Startup Cost": 11374.82,
                  "Total Cost": 11624.82,
                  "Plan Rows": 100000,
                  "Plan Width": 31,
                  "Actual Startup Time": 194.906,
                  "Actual Total Time": 202.274,
                  "Actual Rows": 100000,
                  "Actual Loops": 1,
                  "Sort Key": [
                    "hospital",
                    "doctor"
                  ],
                  "Sort Method": "quicksort",
                  "Sort Space Used": 8095,
                  "Sort Space Type": "Memory",
                  "Shared Hit Blocks": 2070,
                  "Shared Read Blocks": 0,
                  "Shared Dirtied Blocks": 0,
                  "Shared Written Blocks": 0,
                  "Local Hit Blocks": 0,
                  "Local Read Blocks": 0,
                  "Local Dirtied Blocks": 0,
                  "Local Written Blocks": 0,
                  "Temp Read Blocks": 0,
                  "Temp Written Blocks": 0,
                  "Plans": [
                    {
                      "Node Type": "Seq Scan",
                      "Parent Relationship": "Outer",
                      "Parallel Aware": false,
                      "Async Capable": false,
                      "Relation Name": "healthcare_static_masked",
                      "Alias": "healthcare_static_masked",
                      "Startup Cost": 0.0,
                      "Total Cost": 3070.0,
                      "Plan Rows": 100000,
                      "Plan Width": 31,
                      "Actual Startup Time": 0.009,
                      "Actual Total Time": 9.832,
                      "Actual Rows": 100000,
                      "Actual Loops": 1,
                      "Shared Hit Blocks": 2070,
                      "Shared Read Blocks": 0,
                      "Shared Dirtied Blocks": 0,
                      "Shared Written Blocks": 0,
                      "Local Hit Blocks": 0,
                      "Local Read Blocks": 0,
                      "Local Dirtied Blocks": 0,
                      "Local Written Blocks": 0,
                      "Temp Read Blocks": 0,
                      "Temp Written Blocks": 0
                    }
                  ]
                }
              ]
            }
          ]
        },
        "Planning": {
          "Shared Hit Blocks": 0,
          "Shared Read Blocks": 0,
          "Shared Dirtied Blocks": 0,
          "Shared Written Blocks": 0,
          "Local Hit Blocks": 0,
          "Local Read Blocks": 0,
          "Local Dirtied Blocks": 0,
          "Local Written Blocks": 0,
          "Temp Read Blocks": 0,
          "Temp Written Blocks": 0
        },
        "Planning Time": 0.081,
        "Triggers": [],
        "Execution Time": 228.715
      }
    },
    {
      "experiment": "anon_static_topk",
      "system": "static",
      "role": "postgres",
      "query_idx": 0,
      "query": "-- Workload 5: Top-K Analytic Query\n-- Tests: Sort performance, window functions, masking impact on ordering\n\n-- Adult: Top 10 most common occupations with income stats\nSELECT occupation, \n       COUN",
      "runs": 5,
      "wall_clock_median_ms": 23.05307200003881,
      "wall_clock_mean_ms": 24.07125619938597,
      "wall_clock_std_ms": 3.707281586459823,
      "execution_median_ms": 27.531,
      "execution_mean_ms": 28.9298,
      "planning_median_ms": 0.09,
      "row_count": 10,
      "explain_plan": {
        "Plan": {
          "Node Type": "Limit",
          "Parallel Aware": false,
          "Async Capable": false,
          "Startup Cost": 4049.49,
          "Total Cost": 4049.51,
          "Plan Rows": 10,
          "Plan Width": 85,
          "Actual Startup Time": 23.715,
          "Actual Total Time": 23.717,
          "Actual Rows": 10,
          "Actual Loops": 1,
          "Shared Hit Blocks": 1857,
          "Shared Read Blocks": 0,
          "Shared Dirtied Blocks": 0,
          "Shared Written Blocks": 0,
          "Local Hit Blocks": 0,
          "Local Read Blocks": 0,
          "Local Dirtied Blocks": 0,
          "Local Written Blocks": 0,
          "Temp Read Blocks": 0,
          "Temp Written Blocks": 0,
          "Plans": [
            {
              "Node Type": "Sort",
              "Parent Relationship": "Outer",
              "Parallel Aware": false,
              "Async Capable": false,
              "Startup Cost": 4049.49,
              "Total Cost": 4049.53,
              "Plan Rows": 15,
              "Plan Width": 85,
              "Actual Startup Time": 23.714,
              "Actual Total Time": 23.714,
              "Actual Rows": 10,
              "Actual Loops": 1,
              "Sort Key": [
                "(count(*)) DESC"
              ],
              "Sort Method": "quicksort",
              "Sort Space Used": 26,
              "Sort Space Type": "Memory",
              "Shared Hit Blocks": 1857,
              "Shared Read Blocks": 0,
              "Shared Dirtied Blocks": 0,
              "Shared Written Blocks": 0,
              "Local Hit Blocks": 0,
              "Local Read Blocks": 0,
              "Local Dirtied Blocks": 0,
              "Local Written Blocks": 0,
              "Temp Read Blocks": 0,
              "Temp Written Blocks": 0,
              "Plans": [
                {
                  "Node Type": "Aggregate",
                  "Strategy": "Hashed",
                  "Partial Mode": "Simple",
                  "Parent Relationship": "Outer",
                  "Parallel Aware": false,
                  "Async Capable": false,
                  "Startup Cost": 4048.97,
                  "Total Cost": 4049.19,
                  "Plan Rows": 15,
                  "Plan Width": 85,
                  "Actual Startup Time": 23.7,
                  "Actual Total Time": 23.706,
                  "Actual Rows": 14,
                  "Actual Loops": 1,
                  "Group Key": [
                    "occupation"
                  ],
                  "Planned Partitions": 0,
                  "HashAgg Batches": 1,
                  "Peak Memory Usage": 24,
                  "Disk Usage": 0,
                  "Shared Hit Blocks": 1857,
                  "Shared Read Blocks": 0,
                  "Shared Dirtied Blocks": 0,
                  "Shared Written Blocks": 0,
                  "Local Hit Blocks": 0,
                  "Local Read Blocks": 0,
                  "Local Dirtied Blocks": 0,
                  "Local Written Blocks": 0,
                  "Temp Read Blocks": 0,
                  "Temp Written Blocks": 0,
                  "Plans": [
                    {
                      "Node Type": "Seq Scan",
                      "Parent Relationship": "Outer",
                      "Parallel Aware": false,
                      "Async Capable": false,
                      "Relation Name": "adult_static_masked",
                      "Alias": "adult_static_masked",
                      "Startup Cost": 0.0,
                      "Total Cost": 3107.0,
                      "Plan Rows": 94197,
                      "Plan Width": 21,
                      "Actual Startup Time": 0.005,
                      "Actual Total Time": 9.629,
                      "Actual Rows": 94272,
                      "Actual Loops": 1,
                      "Filter": "((occupation IS NOT NULL) AND (occupation <> '?'::text))",
                      "Rows Removed by Filter": 5728,
                      "Shared Hit Blocks": 1857,
                      "Shared Read Blocks": 0,
                      "Shared Dirtied Blocks": 0,
                      "Shared Written Blocks": 0,
                      "Local Hit Blocks": 0,
                      "Local Read Blocks": 0,
                      "Local Dirtied Blocks": 0,
                      "Local Written Blocks": 0,
                      "Temp Read Blocks": 0,
                      "Temp Written Blocks": 0
                    }
                  ]
                }
              ]
            }
          ]
        },
        "Planning": {
          "Shared Hit Blocks": 0,
          "Shared Read Blocks": 0,
          "Shared Dirtied Blocks": 0,
          "Shared Written Blocks": 0,
          "Local Hit Blocks": 0,
          "Local Read Blocks": 0,
          "Local Dirtied Blocks": 0,
          "Local Written Blocks": 0,
          "Temp Read Blocks": 0,
          "Temp Written Blocks": 0
        },
        "Planning Time": 0.08,
        "Triggers": [],
        "Execution Time": 23.761
      }
    },
    {
      "experiment": "anon_static_topk",
      "system": "static",
      "role": "postgres",
      "query_idx": 1,
      "query": "-- Healthcare: Top medications by usage with billing stats\nSELECT medication,\n       COUNT(*) as prescription_count,\n       AVG(billing_amount) as avg_cost,\n       MIN(billing_amount) as min_cost,\n   ",
      "runs": 5,
      "wall_clock_median_ms": 40.998747004778124,
      "wall_clock_mean_ms": 42.593822203343734,
      "wall_clock_std_ms": 6.419484342156286,
      "execution_median_ms": 42.858,
      "execution_mean_ms": 48.2374,
      "planning_median_ms": 0.102,
      "row_count": 5,
      "explain_plan": {
        "Plan": {
          "Node Type": "Limit",
          "Parallel Aware": false,
          "Async Capable": false,
          "Startup Cost": 4320.12,
          "Total Cost": 4320.13,
          "Plan Rows": 5,
          "Plan Width": 113,
          "Actual Startup Time": 72.649,
          "Actual Total Time": 72.653,
          "Actual Rows": 5,
          "Actual Loops": 1,
          "Shared Hit Blocks": 2070,
          "Shared Read Blocks": 0,
          "Shared Dirtied Blocks": 0,
          "Shared Written Blocks": 0,
          "Local Hit Blocks": 0,
          "Local Read Blocks": 0,
          "Local Dirtied Blocks": 0,
          "Local Written Blocks": 0,
          "Temp Read Blocks": 0,
          "Temp Written Blocks": 0,
          "Plans": [
            {
              "Node Type": "Sort",
              "Parent Relationship": "Outer",
              "Parallel Aware": false,
              "Async Capable": false,
              "Startup Cost": 4320.12,
              "Total Cost": 4320.13,
              "Plan Rows": 5,
              "Plan Width": 113,
              "Actual Startup Time": 72.648,
              "Actual Total Time": 72.649,
              "Actual Rows": 5,
              "Actual Loops": 1,
              "Sort Key": [
                "(count(*)) DESC"
              ],
              "Sort Method": "quicksort",
              "Sort Space Used": 25,
              "Sort Space Type": "Memory",
              "Shared Hit Blocks": 2070,
              "Shared Read Blocks": 0,
              "Shared Dirtied Blocks": 0,
              "Shared Written Blocks": 0,
              "Local Hit Blocks": 0,
              "Local Read Blocks": 0,
              "Local Dirtied Blocks": 0,
              "Local Written Blocks": 0,
              "Temp Read Blocks": 0,
              "Temp Written Blocks": 0,
              "Plans": [
                {
                  "Node Type": "Aggregate",
                  "Strategy": "Hashed",
                  "Partial Mode": "Simple",
                  "Parent Relationship": "Outer",
                  "Parallel Aware": false,
                  "Async Capable": false,
                  "Startup Cost": 4320.0,
                  "Total Cost": 4320.06,
                  "Plan Rows": 5,
                  "Plan Width": 113,
                  "Actual Startup Time": 72.621,
                  "Actual Total Time": 72.625,
                  "Actual Rows": 5,
                  "Actual Loops": 1,
                  "Group Key": [
                    "medication"
                  ],
                  "Planned Partitions": 0,
                  "HashAgg Batches": 1,
                  "Peak Memory Usage": 24,
                  "Disk Usage": 0,
                  "Shared Hit Blocks": 2070,
                  "Shared Read Blocks": 0,
                  "Shared Dirtied Blocks": 0,
                  "Shared Written Blocks": 0,
                  "Local Hit Blocks": 0,
                  "Local Read Blocks": 0,
                  "Local Dirtied Blocks": 0,
                  "Local Written Blocks": 0,
                  "Temp Read Blocks": 0,
                  "Temp Written Blocks": 0,
                  "Plans": [
                    {
                      "Node Type": "Seq Scan",
                      "Parent Relationship": "Outer",
                      "Parallel Aware": false,
                      "Async Capable": false,
                      "Relation Name": "healthcare_static_masked",
                      "Alias": "healthcare_static_masked",
                      "Startup Cost": 0.0,
                      "Total Cost": 3070.0,
                      "Plan Rows": 100000,
                      "Plan Width": 17,
                      "Actual Startup Time": 0.01,
                      "Actual Total Time": 22.087,
                      "Actual Rows": 100000,
                      "Actual Loops": 1,
                      "Filter": "(medication IS NOT NULL)",
                      "Rows Removed by Filter": 0,
                      "Shared Hit Blocks": 2070,
                      "Shared Read Blocks": 0,
                      "Shared Dirtied Blocks": 0,
                      "Shared Written Blocks": 0,
                      "Local Hit Blocks": 0,
                      "Local Read Blocks": 0,
                      "Local Dirtied Blocks": 0,
                      "Local Written Blocks": 0,
                      "Temp Read Blocks": 0,
                      "Temp Written Blocks": 0
                    }
                  ]
                }
              ]
            }
          ]
        },
        "Planning": {
          "Shared Hit Blocks": 0,
          "Shared Read Blocks": 0,
          "Shared Dirtied Blocks": 0,
          "Shared Written Blocks": 0,
          "Local Hit Blocks": 0,
          "Local Read Blocks": 0,
          "Local Dirtied Blocks": 0,
          "Local Written Blocks": 0,
          "Temp Read Blocks": 0,
          "Temp Written Blocks": 0
        },
        "Planning Time": 0.121,
        "Triggers": [],
        "Execution Time": 72.706
      }
    }
  ],
  "storage": {
    "adult_static_masked": {
      "total_size": "16 MB",
      "table_size": "15 MB",
      "index_size": "1416 kB",
      "total_bytes": 16703488,
      "is_view": false
    },
    "healthcare_view_masked": {
      "total_size": "0 bytes (view)",
      "table_size": "0 bytes (view)",
      "index_size": "0 bytes (view)",
      "total_bytes": 0,
      "is_view": true
    },
    "healthcare_static_masked": {
      "total_size": "17 MB",
      "table_size": "16 MB",
      "index_size": "728 kB",
      "total_bytes": 17743872,
      "is_view": false
    }
  },
  "timestamp": "20251105_155750"
}